------Start of DE processing------ = [9/20/17 11:08:07:530 BRT]
Exception = java.io.FileNotFoundException
Source = com.ibm.ws.config.xml.internal.ConfigUpdater
probeid = 267
Stack Dump = java.io.FileNotFoundException: /home/jalberto/software/wlp/usr/servers/defaultServer/workarea/org.eclipse.osgi/8/data/configs/com.ibm.ws.app.management!2076223963 (No such file or directory)
	at java.io.FileOutputStream.<init>(FileOutputStream.java:233)
	at com.ibm.ws.config.admin.internal.ConfigurationStore.serializeConfigurationData(ConfigurationStore.java:211)
	at com.ibm.ws.config.admin.internal.ConfigurationStore$2.run(ConfigurationStore.java:123)
	at java.security.AccessController.doPrivileged(AccessController.java:456)
	at com.ibm.ws.config.admin.internal.ConfigurationStore.saveConfiguration(ConfigurationStore.java:120)
	at com.ibm.ws.config.admin.internal.ExtendedConfigurationImpl.updateCache(ExtendedConfigurationImpl.java:471)
	at com.ibm.ws.config.xml.internal.ConfigUpdater.updateConfiguration(ConfigUpdater.java:266)
	at com.ibm.ws.config.xml.internal.ConfigUpdater.updateConfiguration(ConfigUpdater.java:195)
	at com.ibm.ws.config.xml.internal.ConfigUpdater.update(ConfigUpdater.java:110)
	at com.ibm.ws.config.xml.internal.ConfigUpdater.update(ConfigUpdater.java:96)
	at com.ibm.ws.config.xml.internal.ChangeHandler.switchConfiguration(ChangeHandler.java:104)
	at com.ibm.ws.config.xml.internal.ConfigRefresher.refreshConfiguration(ConfigRefresher.java:114)
	at com.ibm.ws.config.xml.internal.ConfigFileMonitor.onChange(ConfigFileMonitor.java:143)
	at com.ibm.ws.kernel.filemonitor.internal.MonitorHolder.scheduledScan(MonitorHolder.java:694)
	at com.ibm.ws.kernel.filemonitor.internal.MonitorHolder.run(MonitorHolder.java:551)
	at com.ibm.ws.threading.internal.SchedulingRunnableFixedHelper.run(SchedulingRunnableFixedHelper.java:273)
	at java.util.concurrent.Executors$RunnableAdapter.call(Executors.java:483)
	at java.util.concurrent.FutureTask.run(FutureTask.java:274)
	at java.util.concurrent.ThreadPoolExecutor.runWorker(ThreadPoolExecutor.java:1157)
	at java.util.concurrent.ThreadPoolExecutor$Worker.run(ThreadPoolExecutor.java:627)
	at java.lang.Thread.run(Thread.java:798)

Dump of callerThis
Object type = com.ibm.ws.config.xml.internal.ConfigUpdater
  tc = class com.ibm.websphere.ras.TraceComponent@186894d7
    strings[0] = "TraceComponent[com.ibm.ws.config.xml.internal.ConfigUpdater,class com.ibm.ws.config.xml.internal.ConfigUpdater,[config],com.ibm.ws.config.internal.resources.ConfigMessages,null]"
  configEvaluator = class com.ibm.ws.config.xml.internal.ConfigEvaluator@fb9c2590
    tc = class com.ibm.websphere.ras.TraceComponent@842834dc
      strings[0] = "TraceComponent[com.ibm.ws.config.xml.internal.ConfigEvaluator,class com.ibm.ws.config.xml.internal.ConfigEvaluator,[config],com.ibm.ws.config.internal.resources.ConfigMessages,null]"
    EMPTY_STRING = ""
    ALL_PIDS = "*"
    configRetriever = class com.ibm.ws.config.xml.internal.ConfigRetriever@7cc1025e
      tc = class com.ibm.websphere.ras.TraceComponent@5b322544
      caSupport = class com.ibm.ws.config.admin.internal.SystemConfigSupportImpl@413e20f
      configAdmin = class com.ibm.ws.config.admin.internal.ConfigurationAdminImpl@1d88d259
      variableRegistry = class com.ibm.ws.config.xml.internal.ConfigVariableRegistry@abb27e32
      serialVersionUID = -2418731197807035025
    metatypeRegistry = class com.ibm.ws.config.xml.internal.MetaTypeRegistry@332bb245
    variableRegistry = class com.ibm.ws.config.xml.internal.ConfigVariableRegistry@abb27e32
    serverXMLConfig = class com.ibm.ws.config.xml.internal.ServerXMLConfiguration@1bf1342d
      tc = class com.ibm.websphere.ras.TraceComponent@483fbe30
      configRoot = class com.ibm.ws.kernel.service.location.internal.LocalFileResource@50be66c8
      configDropinDefaults = class com.ibm.ws.kernel.service.location.internal.LocalFileResource@d170d04d
      configDropinOverrides = class com.ibm.ws.kernel.service.location.internal.LocalFileResource@b9b21a80
      bundleContext = class org.eclipse.osgi.internal.framework.BundleContextImpl@cbe69865
      serverConfiguration = class com.ibm.ws.config.xml.internal.ServerConfiguration@3e31f122
      CONFIG_DROPINS = "configDropins"
      CONFIG_DROPIN_DEFAULTS = "configDropins/defaults/"
      CONFIG_DROPIN_OVERRIDES = "configDropins/overrides/"
      configReadTime = 1505913854000
      parser = class com.ibm.ws.config.xml.internal.XMLConfigParser@2f723aa6
      serialVersionUID = -173981188152250166
    serialVersionUID = 5245532984346892633
  variableRegistry = class com.ibm.ws.config.xml.internal.ConfigVariableRegistry@abb27e32
    tc = class com.ibm.websphere.ras.TraceComponent@4c200b4f
      strings[0] = "TraceComponent[com.ibm.ws.config.xml.internal.ConfigVariableRegistry,class com.ibm.ws.config.xml.internal.ConfigVariableRegistry,[config],com.ibm.ws.config.internal.resources.ConfigMessages,null]"
    UNIQUE = "UNIQUE_"
    IN_USE = "WLP_VAR_IN_USE"
    registry = class com.ibm.ws.kernel.service.location.internal.VariableRegistryHelper@a57b0d0e
      registry = class com.ibm.ws.kernel.service.location.internal.SymbolRegistry@b2d6ddc3
      serialVersionUID = 6631204287320083732
      $$$tc$$$ = class com.ibm.websphere.ras.TraceComponent@2c76392f
    variableCacheFile = class java.io.File@2d8f2e6e
      fs = class java.io.UnixFileSystem@75624d0a
      path = "/home/jalberto/software/wlp/usr/servers/defaultServer/workarea/org.eclipse.osgi/8/data/variableCache"
      status = class java.io.File$PathStatus@b418febd
      prefixLength = 1
      separatorChar = /
      separator = "/"
      pathSeparatorChar = :
      pathSeparator = ":"
      serialVersionUID = 301077366599181567
      filePath = null
      $assertionsDisabled = true
    configVariables = class java.util.HashMap@7ca26669
      DEFAULT_INITIAL_CAPACITY = 16
      MAXIMUM_CAPACITY = 1073741824
      DEFAULT_LOAD_FACTOR = 0.75
      EMPTY_TABLE = class java.util.HashMap$Entry[0]
      table = class java.util.HashMap$Entry[0]
      size = 0
      threshold = 16
      loadFactor = 0.75
      modCount = 0
      ALTERNATIVE_HASHING_THRESHOLD_DEFAULT = 2147483647
      hashSeed = 0
      entrySet = class java.util.HashMap$EntrySet@4d5a2b36
      serialVersionUID = 362498820763181265
      keySet = null
      values = null
    variableCache = class java.util.HashMap@a0487ba3
      DEFAULT_INITIAL_CAPACITY = 16
      MAXIMUM_CAPACITY = 1073741824
      DEFAULT_LOAD_FACTOR = 0.75
      EMPTY_TABLE = class java.util.HashMap$Entry[0]
      table = class java.util.HashMap$Entry[64]
      size = 41
      threshold = 48
      loadFactor = 0.75
      modCount = 42
      ALTERNATIVE_HASHING_THRESHOLD_DEFAULT = 2147483647
      hashSeed = 0
      entrySet = class java.util.HashMap$EntrySet@ab4f7313
      serialVersionUID = 362498820763181265
      keySet = null
      values = null
    defaultVariableCache = class java.util.HashMap@62bc5bd5
      DEFAULT_INITIAL_CAPACITY = 16
      MAXIMUM_CAPACITY = 1073741824
      DEFAULT_LOAD_FACTOR = 0.75
      EMPTY_TABLE = class java.util.HashMap$Entry[0]
      table = class java.util.HashMap$Entry[16]
      size = 4
      threshold = 12
      loadFactor = 0.75
      modCount = 5
      ALTERNATIVE_HASHING_THRESHOLD_DEFAULT = 2147483647
      hashSeed = 0
      entrySet = class java.util.HashMap$EntrySet@51010abb
      serialVersionUID = 362498820763181265
      keySet = null
      values = null
    serialVersionUID = -1196293758344540930
  caSupport = class com.ibm.ws.config.admin.internal.SystemConfigSupportImpl@413e20f
    caFactory = class com.ibm.ws.config.admin.internal.ConfigAdminServiceFactory@22fe9f15
      tc = class com.ibm.websphere.ras.TraceComponent@bcce14ed
      configurationPermission = class org.osgi.service.cm.ConfigurationPermission@3e08b32f
      INDEX_DICTIONARY = 0
      INDEX_LOCATION = 1
      INDEX_METATYPE_PROCESSED = 2
      INDEX_IN_OVERRIDES_FILE = 3
      INDEX_REFERENCES = 4
      INDEX_UNIQUES = 5
      bundleContext = class org.eclipse.osgi.internal.framework.BundleContextImpl@cbe69865
      msTracker = class com.ibm.ws.config.admin.internal.ManagedServiceTracker@641a3a4a
      msfTracker = class com.ibm.ws.config.admin.internal.ManagedServiceFactoryTracker@ed667067
      pluginManager = class com.ibm.ws.config.admin.internal.PluginManager@12c66634
      configurationStore = class com.ibm.ws.config.admin.internal.ConfigurationStore@ae348ced
      updateQueue = class com.ibm.ws.config.admin.internal.UpdateQueue@72a9eebd
      ced = class com.ibm.ws.config.admin.internal.ConfigEventDispatcher@99cab7f1
      idMap = class java.util.Collections$SynchronizedMap@24ebcc72
      referenceMap = class java.util.Collections$SynchronizedMap@ee0d82e3
      variableRegistryTracker = class org.osgi.util.tracker.ServiceTracker@5c8a3bba
      variableRegistry = class com.ibm.ws.kernel.service.location.internal.VariableRegistryHelper@a57b0d0e
      configurationAdminRef = class org.eclipse.osgi.internal.serviceregistry.ServiceRegistrationImpl@3c273164
      serialVersionUID = 6695202270027014725
    caSupportRef = class org.eclipse.osgi.internal.serviceregistry.ServiceRegistrationImpl@6def20e
      registry = class org.eclipse.osgi.internal.serviceregistry.ServiceRegistry@1bd8af3e
      context = class org.eclipse.osgi.internal.framework.BundleContextImpl@cbe69865
      bundle = class org.eclipse.osgi.internal.framework.EquinoxBundle@fc9de14a
      clazzes = class java.lang.String[1]
      service = class com.ibm.ws.config.admin.internal.SystemConfigSupportImpl@413e20f
      reference = class org.eclipse.osgi.internal.serviceregistry.ServiceReferenceImpl@8f6d988c
      contextsUsing = class java.util.ArrayList@df67f195
      properties = class org.eclipse.osgi.internal.serviceregistry.ServiceProperties@d4cb0aea
      serviceid = 45
      serviceranking = 0
      registrationLock = class java.lang.Object@8fb25858
      state = 0
      REGISTERED = 0
      UNREGISTERING = 1
      UNREGISTERED = 2
      $assertionsDisabled = true
    eventTracker = class org.osgi.util.tracker.ServiceTracker@57a6ddaa
      DEBUG = false
      context = class org.eclipse.osgi.internal.framework.BundleContextImpl@cbe69865
      filter = class org.eclipse.osgi.internal.framework.FilterImpl@bfdba31f
      customizer = class org.osgi.util.tracker.ServiceTracker@57a6ddaa
      listenerFilter = "(objectClass=org.osgi.service.event.EventAdmin)"
      trackClass = "org.osgi.service.event.EventAdmin"
      trackReference = null
      tracked = class org.osgi.util.tracker.ServiceTracker$Tracked@3d2c822f
      cachedReference = null
      cachedService = null
    serialVersionUID = -5567496331460706713
    $$$tc$$$ = class com.ibm.websphere.ras.TraceComponent@fb144a3
      strings[0] = "TraceComponent[com.ibm.ws.config.admin.internal.SystemConfigSupportImpl,class com.ibm.ws.config.admin.internal.SystemConfigSupportImpl,[config],com.ibm.ws.config.internal.resources.ConfigMessages,null]"
  extendedMetatypeManager = class com.ibm.ws.config.xml.internal.ExtendedMetatypeManager@3cd8b0f1
    tc = class com.ibm.websphere.ras.TraceComponent@d6925840
      strings[0] = "TraceComponent[com.ibm.ws.config.xml.internal.ExtendedMetatypeManager,class com.ibm.ws.config.xml.internal.ExtendedMetatypeManager,[config],com.ibm.ws.config.internal.resources.ConfigMessages,null]"
    EXT_SOURCE_PID_KEY = "ibm.extends.source.pid"
    EXT_IMMEDIATE_SUBTYPE_PID_KEY = "ibm.extends.subtype.pid"
    EXT_SOURCE_FACTORY_KEY = "ibm.extends.source.factoryPid"
    metatypeRegistry = class com.ibm.ws.config.xml.internal.MetaTypeRegistry@332bb245
    configAdmin = class com.ibm.ws.config.admin.internal.ConfigurationAdminImpl@1d88d259
      bundle = class org.eclipse.osgi.internal.framework.EquinoxBundle@fc9de14a
      caFactory = class com.ibm.ws.config.admin.internal.ConfigAdminServiceFactory@22fe9f15
      serialVersionUID = -3783880043350273893
      $$$tc$$$ = class com.ibm.websphere.ras.TraceComponent@6c2a2951
    knownSupertypeConfigs = class java.util.HashMap@bed410b6
      DEFAULT_INITIAL_CAPACITY = 16
      MAXIMUM_CAPACITY = 1073741824
      DEFAULT_LOAD_FACTOR = 0.75
      EMPTY_TABLE = class java.util.HashMap$Entry[0]
      table = class java.util.HashMap$Entry[0]
      size = 0
      threshold = 16
      loadFactor = 0.75
      modCount = 0
      ALTERNATIVE_HASHING_THRESHOLD_DEFAULT = 2147483647
      hashSeed = 0
      entrySet = null
      serialVersionUID = 362498820763181265
      keySet = null
      values = null
    index = -1
    serialVersionUID = -5964489346879728611
  unresolvedReferences = class java.util.HashSet@a75262c4
    serialVersionUID = -5024744406713321676
    map = class java.util.HashMap@a7c6d4d0
      DEFAULT_INITIAL_CAPACITY = 16
      MAXIMUM_CAPACITY = 1073741824
      DEFAULT_LOAD_FACTOR = 0.75
      EMPTY_TABLE = class java.util.HashMap$Entry[0]
      table = class java.util.HashMap$Entry[16]
      size = 3
      threshold = 12
      loadFactor = 0.75
      modCount = 11
      ALTERNATIVE_HASHING_THRESHOLD_DEFAULT = 2147483647
      hashSeed = 0
      entrySet = null
      serialVersionUID = 362498820763181265
      keySet = class java.util.HashMap$KeySet@cf86d164
      values = null
    PRESENT = class java.lang.Object@5411f927
    MAX_ARRAY_SIZE = 2147483639
  metatypeRegistry = class com.ibm.ws.config.xml.internal.MetaTypeRegistry@332bb245
    tc = class com.ibm.websphere.ras.TraceComponent@80922d34
      strings[0] = "TraceComponent[com.ibm.ws.config.xml.internal.MetaTypeRegistry,class com.ibm.ws.config.xml.internal.MetaTypeRegistry,[config],com.ibm.ws.config.internal.resources.ConfigMessages,null]"
    MTP_REMOVED_TOPIC = "internal_mtp_removed"
    MTP_ADDED_TOPIC = "internal_mtp_added"
    UPDATED_PIDS = "internal_mtp_updated_pids"
    BUNDLE = "internal_mtp_bundle"
    MTP_INFO = "internal_mtp_info"
    entryMap = class java.util.concurrent.ConcurrentHashMap@8dd70dd7
      serialVersionUID = 7249069246763182397
      DEFAULT_INITIAL_CAPACITY = 16
      DEFAULT_LOAD_FACTOR = 0.75
      DEFAULT_CONCURRENCY_LEVEL = 16
      MAXIMUM_CAPACITY = 1073741824
      MAX_SEGMENTS = 65536
      RETRIES_BEFORE_LOCK = 2
      hashSeed = 0
      segmentMask = 15
      segmentShift = 28
      segments = class java.util.concurrent.ConcurrentHashMap$Segment[16]
      keySet = null
      entrySet = null
      values = class java.util.concurrent.ConcurrentHashMap$Values@1aaddc1b
      UNSAFE = class sun.misc.Unsafe@54239d87
      HASHSEED_OFFSET = 32
      SEGSHIFT_OFFSET = 40
      SEGMASK_OFFSET = 36
      SEGMENTS_OFFSET = 16
      keySet = null
      values = null
    aliasMap = class java.util.concurrent.ConcurrentHashMap@a4fa817a
      serialVersionUID = 7249069246763182397
      DEFAULT_INITIAL_CAPACITY = 16
      DEFAULT_LOAD_FACTOR = 0.75
      DEFAULT_CONCURRENCY_LEVEL = 16
      MAXIMUM_CAPACITY = 1073741824
      MAX_SEGMENTS = 65536
      RETRIES_BEFORE_LOCK = 2
      hashSeed = 0
      segmentMask = 15
      segmentShift = 28
      segments = class java.util.concurrent.ConcurrentHashMap$Segment[16]
      keySet = null
      entrySet = null
      values = null
      UNSAFE = class sun.misc.Unsafe@54239d87
      HASHSEED_OFFSET = 32
      SEGSHIFT_OFFSET = 40
      SEGMASK_OFFSET = 36
      SEGMENTS_OFFSET = 16
      keySet = null
      values = null
    invalidEntryMap = class java.util.concurrent.ConcurrentHashMap@e8fbbb04
      serialVersionUID = 7249069246763182397
      DEFAULT_INITIAL_CAPACITY = 16
      DEFAULT_LOAD_FACTOR = 0.75
      DEFAULT_CONCURRENCY_LEVEL = 16
      MAXIMUM_CAPACITY = 1073741824
      MAX_SEGMENTS = 65536
      RETRIES_BEFORE_LOCK = 2
      hashSeed = 0
      segmentMask = 15
      segmentShift = 28
      segments = class java.util.concurrent.ConcurrentHashMap$Segment[16]
      keySet = null
      entrySet = null
      values = null
      UNSAFE = class sun.misc.Unsafe@54239d87
      HASHSEED_OFFSET = 32
      SEGSHIFT_OFFSET = 40
      SEGMASK_OFFSET = 36
      SEGMENTS_OFFSET = 16
      keySet = null
      values = null
    childAliasMap = class java.util.concurrent.ConcurrentHashMap@a817b3d2
      serialVersionUID = 7249069246763182397
      DEFAULT_INITIAL_CAPACITY = 16
      DEFAULT_LOAD_FACTOR = 0.75
      DEFAULT_CONCURRENCY_LEVEL = 16
      MAXIMUM_CAPACITY = 1073741824
      MAX_SEGMENTS = 65536
      RETRIES_BEFORE_LOCK = 2
      hashSeed = 0
      segmentMask = 15
      segmentShift = 28
      segments = class java.util.concurrent.ConcurrentHashMap$Segment[16]
      keySet = null
      entrySet = null
      values = null
      UNSAFE = class sun.misc.Unsafe@54239d87
      HASHSEED_OFFSET = 32
      SEGSHIFT_OFFSET = 40
      SEGMASK_OFFSET = 36
      SEGMENTS_OFFSET = 16
      keySet = null
      values = null
    childPidMap = class java.util.concurrent.ConcurrentHashMap@878196
      serialVersionUID = 7249069246763182397
      DEFAULT_INITIAL_CAPACITY = 16
      DEFAULT_LOAD_FACTOR = 0.75
      DEFAULT_CONCURRENCY_LEVEL = 16
      MAXIMUM_CAPACITY = 1073741824
      MAX_SEGMENTS = 65536
      RETRIES_BEFORE_LOCK = 2
      hashSeed = 0
      segmentMask = 15
      segmentShift = 28
      segments = class java.util.concurrent.ConcurrentHashMap$Segment[16]
      keySet = null
      entrySet = null
      values = null
      UNSAFE = class sun.misc.Unsafe@54239d87
      HASHSEED_OFFSET = 32
      SEGSHIFT_OFFSET = 40
      SEGMASK_OFFSET = 36
      SEGMENTS_OFFSET = 16
      keySet = null
      values = null
    serviceToObjectClassMap = class java.util.concurrent.ConcurrentHashMap@32bc0666
      serialVersionUID = 7249069246763182397
      DEFAULT_INITIAL_CAPACITY = 16
      DEFAULT_LOAD_FACTOR = 0.75
      DEFAULT_CONCURRENCY_LEVEL = 16
      MAXIMUM_CAPACITY = 1073741824
      MAX_SEGMENTS = 65536
      RETRIES_BEFORE_LOCK = 2
      hashSeed = 0
      segmentMask = 15
      segmentShift = 28
      segments = class java.util.concurrent.ConcurrentHashMap$Segment[16]
      keySet = null
      entrySet = null
      values = null
      UNSAFE = class sun.misc.Unsafe@54239d87
      HASHSEED_OFFSET = 32
      SEGSHIFT_OFFSET = 40
      SEGMASK_OFFSET = 36
      SEGMENTS_OFFSET = 16
      keySet = null
      values = null
    serviceToServicesMap = class java.util.concurrent.ConcurrentHashMap@7b16a505
      serialVersionUID = 7249069246763182397
      DEFAULT_INITIAL_CAPACITY = 16
      DEFAULT_LOAD_FACTOR = 0.75
      DEFAULT_CONCURRENCY_LEVEL = 16
      MAXIMUM_CAPACITY = 1073741824
      MAX_SEGMENTS = 65536
      RETRIES_BEFORE_LOCK = 2
      hashSeed = 0
      segmentMask = 15
      segmentShift = 28
      segments = class java.util.concurrent.ConcurrentHashMap$Segment[16]
      keySet = null
      entrySet = null
      values = null
      UNSAFE = class sun.misc.Unsafe@54239d87
      HASHSEED_OFFSET = 32
      SEGSHIFT_OFFSET = 40
      SEGMASK_OFFSET = 36
      SEGMENTS_OFFSET = 16
      keySet = null
      values = null
    bundleMap = class java.util.concurrent.ConcurrentHashMap@5e80bfd1
      serialVersionUID = 7249069246763182397
      DEFAULT_INITIAL_CAPACITY = 16
      DEFAULT_LOAD_FACTOR = 0.75
      DEFAULT_CONCURRENCY_LEVEL = 16
      MAXIMUM_CAPACITY = 1073741824
      MAX_SEGMENTS = 65536
      RETRIES_BEFORE_LOCK = 2
      hashSeed = 0
      segmentMask = 15
      segmentShift = 28
      segments = class java.util.concurrent.ConcurrentHashMap$Segment[16]
      keySet = null
      entrySet = null
      values = null
      UNSAFE = class sun.misc.Unsafe@54239d87
      HASHSEED_OFFSET = 32
      SEGSHIFT_OFFSET = 40
      SEGMASK_OFFSET = 36
      SEGMENTS_OFFSET = 16
      keySet = null
      values = null
    metaTypeTracker = class org.osgi.util.tracker.ServiceTracker@c390a2d
      DEBUG = false
      context = class org.eclipse.osgi.internal.framework.BundleContextImpl@cbe69865
      filter = class org.eclipse.osgi.internal.framework.FilterImpl@799af835
      customizer = class org.osgi.util.tracker.ServiceTracker@c390a2d
      listenerFilter = "(objectClass=org.osgi.service.metatype.MetaTypeService)"
      trackClass = "org.osgi.service.metatype.MetaTypeService"
      trackReference = null
      tracked = class org.osgi.util.tracker.ServiceTracker$Tracked@499885a0
      cachedReference = class org.eclipse.osgi.internal.serviceregistry.ServiceReferenceImpl@280f2f8d
      cachedService = class org.eclipse.equinox.metatype.impl.MetaTypeServiceImpl@360af8ea
    mtpTracker = class com.ibm.ws.config.xml.internal.MetaTypeRegistry$MTPTracker@8bf58f0f
      registry = class com.ibm.ws.config.xml.internal.MetaTypeRegistry@332bb245
      eventTracker = class org.osgi.util.tracker.ServiceTracker@efe49de8
      serialVersionUID = -6180965171787297116
      $$$tc$$$ = class com.ibm.websphere.ras.TraceComponent@91633975
      DEBUG = false
      context = class org.eclipse.osgi.internal.framework.BundleContextImpl@cbe69865
      filter = class org.eclipse.osgi.internal.framework.FilterImpl@7476d60a
      customizer = class com.ibm.ws.config.xml.internal.MetaTypeRegistry$MTPTracker@8bf58f0f
      listenerFilter = "(objectClass=org.osgi.service.metatype.MetaTypeProvider)"
      trackClass = "org.osgi.service.metatype.MetaTypeProvider"
      trackReference = null
      tracked = class org.osgi.util.tracker.ServiceTracker$Tracked@79974b98
      cachedReference = null
      cachedService = null
    serialVersionUID = -4556919195581116577
  failedUpdateInfo = class java.util.HashMap@2352abb1
    DEFAULT_INITIAL_CAPACITY = 16
    MAXIMUM_CAPACITY = 1073741824
    DEFAULT_LOAD_FACTOR = 0.75
    EMPTY_TABLE = class java.util.HashMap$Entry[0]
    table = class java.util.HashMap$Entry[0]
    size = 0
    threshold = 16
    loadFactor = 0.75
    modCount = 0
    ALTERNATIVE_HASHING_THRESHOLD_DEFAULT = 2147483647
    hashSeed = 0
    entrySet = null
    serialVersionUID = 362498820763181265
    keySet = null
    values = null
  failedUpdateAttrDef = class java.util.HashMap@32e223da
    DEFAULT_INITIAL_CAPACITY = 16
    MAXIMUM_CAPACITY = 1073741824
    DEFAULT_LOAD_FACTOR = 0.75
    EMPTY_TABLE = class java.util.HashMap$Entry[0]
    table = class java.util.HashMap$Entry[0]
    size = 0
    threshold = 16
    loadFactor = 0.75
    modCount = 0
    ALTERNATIVE_HASHING_THRESHOLD_DEFAULT = 2147483647
    hashSeed = 0
    entrySet = null
    serialVersionUID = 362498820763181265
    keySet = null
    values = null
  retryUpdateInfoList = class java.util.ArrayList@fb89518
    serialVersionUID = 8683452581122892189
    DEFAULT_CAPACITY = 10
    EMPTY_ELEMENTDATA = class java.lang.Object[0]
    elementData = class java.lang.Object[0]
    size = 0
    MAX_ARRAY_SIZE = 2147483639
    modCount = 6
    MAX_ARRAY_SIZE = 2147483639
  ranUpdateRetry = false
  serialVersionUID = 4618814127728183361

Dump of objectArray[0]
Object type = com.ibm.ws.config.xml.internal.ConfigEvaluator$EvaluationResult
  configElement = class com.ibm.ws.config.xml.internal.SingletonElement@5eaa1582
    serialVersionUID = 3864110386781038224
    $$$tc$$$ = class com.ibm.websphere.ras.TraceComponent@fcf5a17f
      strings[0] = "TraceComponent[com.ibm.ws.config.xml.internal.SingletonElement,class com.ibm.ws.config.xml.internal.SingletonElement,[config],com.ibm.ws.config.internal.resources.ConfigMessages,null]"
    pid = "com.ibm.ws.app.management"
    serialVersionUID = -9047414204686928380
    $$$tc$$$ = class com.ibm.websphere.ras.TraceComponent@f24817a8
      strings[0] = "TraceComponent[com.ibm.ws.config.xml.internal.MetaTypeElement,class com.ibm.ws.config.xml.internal.MetaTypeElement,[config],com.ibm.ws.config.internal.resources.ConfigMessages,null]"
    nodeName = "applicationManager"
    attributes = class com.ibm.ws.config.xml.internal.ConfigElement$GroupHashMap@5c54b50d
      serialVersionUID = 3632130989008067578
      comparator = class com.ibm.ws.config.xml.internal.ConfigElement$1@ccf9cf7c
      root = null
      size = 0
      modCount = 0
      entrySet = class java.util.TreeMap$EntrySet@d0d29594
      navigableKeySet = null
      descendingMap = null
      UNBOUNDED = class java.lang.Object@1f8feb3d
      RED = false
      BLACK = true
      serialVersionUID = 919286545866124006
      keySet = null
      values = null
    sequenceId = 0
    location = null
    overrideLocation = null
    operations = class java.util.HashMap@f4c154b9
      DEFAULT_INITIAL_CAPACITY = 16
      MAXIMUM_CAPACITY = 1073741824
      DEFAULT_LOAD_FACTOR = 0.75
      EMPTY_TABLE = class java.util.HashMap$Entry[0]
      table = class java.util.HashMap$Entry[0]
      size = 0
      threshold = 16
      loadFactor = 0.75
      modCount = 0
      ALTERNATIVE_HASHING_THRESHOLD_DEFAULT = 2147483647
      hashSeed = 0
      entrySet = null
      serialVersionUID = 362498820763181265
      keySet = null
      values = null
    isTextOnly = true
    elementValue = ""
    parent = null
    children = class java.util.ArrayList@24195bc2
      serialVersionUID = 8683452581122892189
      DEFAULT_CAPACITY = 10
      EMPTY_ELEMENTDATA = class java.lang.Object[0]
      elementData = class java.lang.Object[0]
      size = 0
      MAX_ARRAY_SIZE = 2147483639
      modCount = 0
      MAX_ARRAY_SIZE = 2147483639
    childAttributeName = null
    mergeBehavior = null
    docLocationStack = null
    behaviorStack = null
    CASE_INSENSITIVE = class com.ibm.ws.config.xml.internal.ConfigElement$1@ccf9cf7c
      serialVersionUID = 2579770070088481384
      $$$tc$$$ = class com.ibm.websphere.ras.TraceComponent@d41268e9
  properties = class com.ibm.ws.config.admin.ConfigurationDictionary@79527366
    serialVersionUID = 7966152868712543805
    simpleTypes = class java.util.Arrays$ArrayList@131c69c
      serialVersionUID = -2764017481108945198
      a = class java.lang.Class[9]
      modCount = 0
      MAX_ARRAY_SIZE = 2147483639
    primitiveArrayTypes = class java.util.Arrays$ArrayList@6d523ffc
      serialVersionUID = -2764017481108945198
      a = class java.lang.Class[8]
      modCount = 0
      MAX_ARRAY_SIZE = 2147483639
    simpleArrayTypes = class java.util.Arrays$ArrayList@d0be7b5c
      serialVersionUID = -2764017481108945198
      a = class java.lang.Class[9]
      modCount = 0
      MAX_ARRAY_SIZE = 2147483639
    extendedTypes = class java.util.Arrays$ArrayList@608e33ef
      serialVersionUID = -2764017481108945198
      a = class java.lang.Class[2]
      modCount = 0
      MAX_ARRAY_SIZE = 2147483639
    CASE_INSENSITIVE = class com.ibm.ws.config.admin.ConfigurationDictionary$CaseInsensitive@97870535
      serialVersionUID = 7962325242424955159
    properties = class java.util.Collections$SynchronizedMap@9b126fd5
      serialVersionUID = 1978198479659022715
      m = class java.util.TreeMap@e677cabf
      mutex = class java.util.Collections$SynchronizedMap@9b126fd5
      keySet = class java.util.Collections$SynchronizedSet@d65833c9
      entrySet = null
      values = null
  references = null
  nestedResults = null
  variables = null
  pid = null
  valid = true
  unresolvedReferences = class java.util.HashSet@cb53bede
    serialVersionUID = -5024744406713321676
    map = class java.util.HashMap@8a1e0116
      DEFAULT_INITIAL_CAPACITY = 16
      MAXIMUM_CAPACITY = 1073741824
      DEFAULT_LOAD_FACTOR = 0.75
      EMPTY_TABLE = class java.util.HashMap$Entry[0]
      table = class java.util.HashMap$Entry[0]
      size = 0
      threshold = 16
      loadFactor = 0.75
      modCount = 0
      ALTERNATIVE_HASHING_THRESHOLD_DEFAULT = 2147483647
      hashSeed = 0
      entrySet = null
      serialVersionUID = 362498820763181265
      keySet = class java.util.HashMap$KeySet@9762dc43
      values = null
    PRESENT = class java.lang.Object@5411f927
    MAX_ARRAY_SIZE = 2147483639
  registryEntry = class com.ibm.ws.config.xml.internal.MetaTypeRegistry$RegistryEntry@24e1f0be
    pid = "com.ibm.ws.app.management"
    rootPid = "com.ibm.ws.app.management"
    factory = false
    ocd = class com.ibm.ws.config.xml.internal.metatype.ExtendedObjectClassDefinitionImpl@cc1828be
      EXPOSED_FILTERS = class java.util.Arrays$ArrayList@349d4275
      delegate = class org.eclipse.equinox.metatype.impl.ObjectClassDefinitionImpl@eba0c162
      parentPid = null
      alias = "applicationManager"
      extraProperties = false
      action = null
      localization = null
      supportsExtensions = false
      supportsHiddenExtensions = false
      extendsAlias = null
      extendsAttribute = null
      childAlias = null
      anyCount = 0
      excludedChildren = null
      objectClass = null
      requireExplicitConfiguration = false
      pid = "com.ibm.ws.app.management"
      beta = false
      serialVersionUID = -5356085438660987379
      $$$tc$$$ = class com.ibm.websphere.ras.TraceComponent@f648f519
    bundleId = 58
    bundleName = "com.ibm.ws.app.manager"
    valid = true
    effectiveAttributes = class java.util.LinkedHashMap@7ff78774
      serialVersionUID = 3801124242820219131
      header = class java.util.LinkedHashMap$Entry@15500f63
      accessOrder = false
      DEFAULT_INITIAL_CAPACITY = 16
      MAXIMUM_CAPACITY = 1073741824
      DEFAULT_LOAD_FACTOR = 0.75
      EMPTY_TABLE = class java.util.HashMap$Entry[0]
      table = class java.util.HashMap$Entry[16]
      size = 3
      threshold = 12
      loadFactor = 0.75
      modCount = 3
      ALTERNATIVE_HASHING_THRESHOLD_DEFAULT = 2147483647
      hashSeed = 0
      entrySet = class java.util.HashMap$EntrySet@f7b5af82
      serialVersionUID = 362498820763181265
      keySet = null
      values = class java.util.HashMap$Values@7e80769c
    requiredAttributeNames = class java.util.HashSet@9e0f678d
      serialVersionUID = -5024744406713321676
      map = class java.util.HashMap@44679be7
      PRESENT = class java.lang.Object@5411f927
      MAX_ARRAY_SIZE = 2147483639
    extenders = null
    referencingPids = null
    extendedRegistryEntry = null
    serialVersionUID = -7165943721252328461
    $$$tc$$$ = class com.ibm.websphere.ras.TraceComponent@79c1cc45
      strings[0] = "TraceComponent[com.ibm.ws.config.xml.internal.MetaTypeRegistry$RegistryEntry,class com.ibm.ws.config.xml.internal.MetaTypeRegistry$RegistryEntry,[config],com.ibm.ws.config.internal.resources.ConfigMessages,null]"
  serialVersionUID = -532615335863117056
  $$$tc$$$ = class com.ibm.websphere.ras.TraceComponent@e491f021
    strings[0] = "TraceComponent[com.ibm.ws.config.xml.internal.ConfigEvaluator$EvaluationResult,class com.ibm.ws.config.xml.internal.ConfigEvaluator$EvaluationResult,[config],com.ibm.ws.config.internal.resources.ConfigMessages,null]"

Dump of objectArray[1]
Object type = com.ibm.ws.config.xml.internal.ConfigurationInfo
  tc = class com.ibm.websphere.ras.TraceComponent@84f0ef28
    strings[0] = "TraceComponent[com.ibm.ws.config.xml.internal.ConfigurationInfo,class com.ibm.ws.config.xml.internal.ConfigurationInfo,[config],com.ibm.ws.config.internal.resources.ConfigMessages,null]"
  configElement = class com.ibm.ws.config.xml.internal.SingletonElement@5eaa1582
    serialVersionUID = 3864110386781038224
    $$$tc$$$ = class com.ibm.websphere.ras.TraceComponent@fcf5a17f
      strings[0] = "TraceComponent[com.ibm.ws.config.xml.internal.SingletonElement,class com.ibm.ws.config.xml.internal.SingletonElement,[config],com.ibm.ws.config.internal.resources.ConfigMessages,null]"
    pid = "com.ibm.ws.app.management"
    serialVersionUID = -9047414204686928380
    $$$tc$$$ = class com.ibm.websphere.ras.TraceComponent@f24817a8
      strings[0] = "TraceComponent[com.ibm.ws.config.xml.internal.MetaTypeElement,class com.ibm.ws.config.xml.internal.MetaTypeElement,[config],com.ibm.ws.config.internal.resources.ConfigMessages,null]"
    nodeName = "applicationManager"
    attributes = class com.ibm.ws.config.xml.internal.ConfigElement$GroupHashMap@5c54b50d
      serialVersionUID = 3632130989008067578
      comparator = class com.ibm.ws.config.xml.internal.ConfigElement$1@ccf9cf7c
      root = null
      size = 0
      modCount = 0
      entrySet = class java.util.TreeMap$EntrySet@d0d29594
      navigableKeySet = null
      descendingMap = null
      UNBOUNDED = class java.lang.Object@1f8feb3d
      RED = false
      BLACK = true
      serialVersionUID = 919286545866124006
      keySet = null
      values = null
    sequenceId = 0
    location = null
    overrideLocation = null
    operations = class java.util.HashMap@f4c154b9
      DEFAULT_INITIAL_CAPACITY = 16
      MAXIMUM_CAPACITY = 1073741824
      DEFAULT_LOAD_FACTOR = 0.75
      EMPTY_TABLE = class java.util.HashMap$Entry[0]
      table = class java.util.HashMap$Entry[0]
      size = 0
      threshold = 16
      loadFactor = 0.75
      modCount = 0
      ALTERNATIVE_HASHING_THRESHOLD_DEFAULT = 2147483647
      hashSeed = 0
      entrySet = null
      serialVersionUID = 362498820763181265
      keySet = null
      values = null
    isTextOnly = true
    elementValue = ""
    parent = null
    children = class java.util.ArrayList@24195bc2
      serialVersionUID = 8683452581122892189
      DEFAULT_CAPACITY = 10
      EMPTY_ELEMENTDATA = class java.lang.Object[0]
      elementData = class java.lang.Object[0]
      size = 0
      MAX_ARRAY_SIZE = 2147483639
      modCount = 0
      MAX_ARRAY_SIZE = 2147483639
    childAttributeName = null
    mergeBehavior = null
    docLocationStack = null
    behaviorStack = null
    CASE_INSENSITIVE = class com.ibm.ws.config.xml.internal.ConfigElement$1@ccf9cf7c
      serialVersionUID = 2579770070088481384
      $$$tc$$$ = class com.ibm.websphere.ras.TraceComponent@d41268e9
  config = class com.ibm.ws.config.admin.internal.ExtendedConfigurationImpl@74891084
    bundleLocation = null
    boundBundle = null
    caFactory = class com.ibm.ws.config.admin.internal.ConfigAdminServiceFactory@22fe9f15
      tc = class com.ibm.websphere.ras.TraceComponent@bcce14ed
      configurationPermission = class org.osgi.service.cm.ConfigurationPermission@3e08b32f
      INDEX_DICTIONARY = 0
      INDEX_LOCATION = 1
      INDEX_METATYPE_PROCESSED = 2
      INDEX_IN_OVERRIDES_FILE = 3
      INDEX_REFERENCES = 4
      INDEX_UNIQUES = 5
      bundleContext = class org.eclipse.osgi.internal.framework.BundleContextImpl@cbe69865
      msTracker = class com.ibm.ws.config.admin.internal.ManagedServiceTracker@641a3a4a
      msfTracker = class com.ibm.ws.config.admin.internal.ManagedServiceFactoryTracker@ed667067
      pluginManager = class com.ibm.ws.config.admin.internal.PluginManager@12c66634
      configurationStore = class com.ibm.ws.config.admin.internal.ConfigurationStore@ae348ced
      updateQueue = class com.ibm.ws.config.admin.internal.UpdateQueue@72a9eebd
      ced = class com.ibm.ws.config.admin.internal.ConfigEventDispatcher@99cab7f1
      idMap = class java.util.Collections$SynchronizedMap@24ebcc72
      referenceMap = class java.util.Collections$SynchronizedMap@ee0d82e3
      variableRegistryTracker = class org.osgi.util.tracker.ServiceTracker@5c8a3bba
      variableRegistry = class com.ibm.ws.kernel.service.location.internal.VariableRegistryHelper@a57b0d0e
      configurationAdminRef = class org.eclipse.osgi.internal.serviceregistry.ServiceRegistrationImpl@3c273164
      serialVersionUID = 6695202270027014725
    factoryPid = null
    pid = "com.ibm.ws.app.management"
    properties = class com.ibm.ws.config.admin.ConfigurationDictionary@59e808c4
      serialVersionUID = 7966152868712543805
      simpleTypes = class java.util.Arrays$ArrayList@131c69c
      primitiveArrayTypes = class java.util.Arrays$ArrayList@6d523ffc
      simpleArrayTypes = class java.util.Arrays$ArrayList@d0be7b5c
      extendedTypes = class java.util.Arrays$ArrayList@608e33ef
      CASE_INSENSITIVE = class com.ibm.ws.config.admin.ConfigurationDictionary$CaseInsensitive@97870535
      properties = class java.util.Collections$SynchronizedMap@52b9bbe4
    hashCode = 0
    deleted = false
    inOverridesFile = true
    references = class java.util.Collections$EmptySet@b818e57d
      serialVersionUID = 1582296315990362920
      MAX_ARRAY_SIZE = 2147483639
    uniqueVariables = class java.util.HashSet@ce0539a8
      serialVersionUID = -5024744406713321676
      map = class java.util.HashMap@85b1901d
      PRESENT = class java.lang.Object@5411f927
      MAX_ARRAY_SIZE = 2147483639
    lock = class java.util.concurrent.locks.ReentrantLock@6cd58706
      serialVersionUID = 7373984872572414699
      sync = class java.util.concurrent.locks.ReentrantLock$NonfairSync@24add7f6
    changeCount = class java.util.concurrent.atomic.AtomicLong@8caedf88
      serialVersionUID = 1927816293512124184
      unsafe = class sun.misc.Unsafe@54239d87
      valueOffset = 8
      VM_SUPPORTS_LONG_CAS = true
      value = 1
      serialVersionUID = -8742448824652078965
    configId = null
    sendEvents = false
    serialVersionUID = -7173954266841568360
    $$$tc$$$ = class com.ibm.websphere.ras.TraceComponent@6a742512
      strings[0] = "TraceComponent[com.ibm.ws.config.admin.internal.ExtendedConfigurationImpl,class com.ibm.ws.config.admin.internal.ExtendedConfigurationImpl,[config],com.ibm.ws.config.internal.resources.ConfigMessages,null]"
  metaTypeAttributes = class java.util.LinkedHashMap@7ff78774
    serialVersionUID = 3801124242820219131
    header = class java.util.LinkedHashMap$Entry@15500f63
      before = class java.util.LinkedHashMap$Entry@30c66350
      after = class java.util.LinkedHashMap$Entry@8ff2241e
      key = null
      value = null
      next = null
      hash = -1
    accessOrder = false
    DEFAULT_INITIAL_CAPACITY = 16
    MAXIMUM_CAPACITY = 1073741824
    DEFAULT_LOAD_FACTOR = 0.75
    EMPTY_TABLE = class java.util.HashMap$Entry[0]
    table = class java.util.HashMap$Entry[16]
      table[0] = null
      table[1] = null
      table[2] = null
      table[3] = null
      table[4] = null
      table[5] = null
      table[6] = null
      table[7] = null
      table[8] = class java.util.LinkedHashMap$Entry@8ff2241e
      table[9] = null
      table[10] = null
      table[11] = null
      table[12] = null
      table[13] = null
      table[14] = class java.util.LinkedHashMap$Entry@30c66350
      table[15] = class java.util.LinkedHashMap$Entry@68373ac0
    size = 3
    threshold = 12
    loadFactor = 0.75
    modCount = 3
    ALTERNATIVE_HASHING_THRESHOLD_DEFAULT = 2147483647
    hashSeed = 0
    entrySet = class java.util.HashMap$EntrySet@f7b5af82
      this$0 = class java.util.LinkedHashMap@7ff78774
      MAX_ARRAY_SIZE = 2147483639
    serialVersionUID = 362498820763181265
    keySet = null
    values = class java.util.HashMap$Values@7e80769c
      this$0 = class java.util.LinkedHashMap@7ff78774
      MAX_ARRAY_SIZE = 2147483639
  deleted = false
  registryEntry = class com.ibm.ws.config.xml.internal.MetaTypeRegistry$RegistryEntry@24e1f0be
    pid = "com.ibm.ws.app.management"
    rootPid = "com.ibm.ws.app.management"
    factory = false
    ocd = class com.ibm.ws.config.xml.internal.metatype.ExtendedObjectClassDefinitionImpl@cc1828be
      EXPOSED_FILTERS = class java.util.Arrays$ArrayList@349d4275
      delegate = class org.eclipse.equinox.metatype.impl.ObjectClassDefinitionImpl@eba0c162
      parentPid = null
      alias = "applicationManager"
      extraProperties = false
      action = null
      localization = null
      supportsExtensions = false
      supportsHiddenExtensions = false
      extendsAlias = null
      extendsAttribute = null
      childAlias = null
      anyCount = 0
      excludedChildren = null
      objectClass = null
      requireExplicitConfiguration = false
      pid = "com.ibm.ws.app.management"
      beta = false
      serialVersionUID = -5356085438660987379
      $$$tc$$$ = class com.ibm.websphere.ras.TraceComponent@f648f519
    bundleId = 58
    bundleName = "com.ibm.ws.app.manager"
    valid = true
    effectiveAttributes = class java.util.LinkedHashMap@7ff78774
    requiredAttributeNames = class java.util.HashSet@9e0f678d
      serialVersionUID = -5024744406713321676
      map = class java.util.HashMap@44679be7
      PRESENT = class java.lang.Object@5411f927
      MAX_ARRAY_SIZE = 2147483639
    extenders = null
    referencingPids = null
    extendedRegistryEntry = null
    serialVersionUID = -7165943721252328461
    $$$tc$$$ = class com.ibm.websphere.ras.TraceComponent@79c1cc45
      strings[0] = "TraceComponent[com.ibm.ws.config.xml.internal.MetaTypeRegistry$RegistryEntry,class com.ibm.ws.config.xml.internal.MetaTypeRegistry$RegistryEntry,[config],com.ibm.ws.config.internal.resources.ConfigMessages,null]"
  superTypeConfigs = class java.util.ArrayList@f9f978e3
    serialVersionUID = 8683452581122892189
    DEFAULT_CAPACITY = 10
    EMPTY_ELEMENTDATA = class java.lang.Object[0]
    elementData = class java.lang.Object[0]
    size = 0
    MAX_ARRAY_SIZE = 2147483639
    modCount = 0
    MAX_ARRAY_SIZE = 2147483639
  serialVersionUID = -3998717669418688491

Dump of objectArray[2]
Object type = java.util.ArrayList
  serialVersionUID = 8683452581122892189
  DEFAULT_CAPACITY = 10
  EMPTY_ELEMENTDATA = class java.lang.Object[0]
  elementData = class java.lang.Object[0]
  size = 0
  MAX_ARRAY_SIZE = 2147483639
  modCount = 0
  MAX_ARRAY_SIZE = 2147483639

Dump of objectArray[3]
Object type = java.lang.Boolean
  TRUE = true
  FALSE = false
  TYPE = class java.lang.Class@5f228667
    serialVersionUID = 3206093459760846163
    AllPermissionsPD = class java.security.ProtectionDomain@7c20d274
      codesource = null
      classloader = null
      principals = interface java.security.Principal[0]
      permissions = class java.security.Permissions@57d163e1
      hasAllPerm = true
      staticPermissions = true
      key = class java.security.ProtectionDomain$Key@fe1fc352
      debug = null
    SYNTHETIC = 4096
    ANNOTATION = 8192
    ENUM = 16384
    MEMBER_INVALID_TYPE = -1
    EmptyParameters = class java.lang.Class[0]
    vmRef = 572785408
    protectionDomain = null
    classNameString = "boolean"
    annotationType = null
    classValueMap = null
    enumVars = null
    enumVarsOffset = 36
    classRepoHolder = null
    annotationCache = null
    annotationCacheOffset = 44
    unsafe = class sun.misc.Unsafe@54239d87
      theUnsafe = class sun.misc.Unsafe@54239d87
      INVALID_FIELD_OFFSET = -1
      ARRAY_BOOLEAN_BASE_OFFSET = 8
      ARRAY_BYTE_BASE_OFFSET = 8
      ARRAY_SHORT_BASE_OFFSET = 8
      ARRAY_CHAR_BASE_OFFSET = 8
      ARRAY_INT_BASE_OFFSET = 8
      ARRAY_LONG_BASE_OFFSET = 8
      ARRAY_FLOAT_BASE_OFFSET = 8
      ARRAY_DOUBLE_BASE_OFFSET = 8
      ARRAY_OBJECT_BASE_OFFSET = 8
      ARRAY_BOOLEAN_INDEX_SCALE = 1
      ARRAY_BYTE_INDEX_SCALE = 1
      ARRAY_SHORT_INDEX_SCALE = 2
      ARRAY_CHAR_INDEX_SCALE = 2
      ARRAY_INT_INDEX_SCALE = 4
      ARRAY_LONG_INDEX_SCALE = 8
      ARRAY_FLOAT_INDEX_SCALE = 4
      ARRAY_DOUBLE_INDEX_SCALE = 8
      ARRAY_OBJECT_INDEX_SCALE = 4
      ADDRESS_SIZE = 8
    initializationLock = class java.lang.J9VMInternals$ClassInitializationLock@77fe5ce8
      theClass = class java.lang.Class@5f228667
    copyMethod = class java.lang.reflect.Method@bdb2e7df
      clazz = class java.lang.Class@6b81aa6
      slot = 4
      name = "copy"
      returnType = class java.lang.Class@6b81aa6
      parameterTypes = class java.lang.Class[0]
      exceptionTypes = class java.lang.Class[0]
      modifiers = 0
      signature = null
      genericInfo = null
      annotations = null
      parameterAnnotations = null
      annotationDefault = null
      methodAccessor = class sun.reflect.DelegatingMethodAccessorImpl@5e61b636
      root = null
      declaredAnnotations = null
      ACCESS_PERMISSION = class java.lang.reflect.ReflectPermission@c75b62e5
      override = true
      reflectionFactory = class sun.reflect.ReflectionFactory@a8339929
      securityCheckCache = null
    copyField = class java.lang.reflect.Method@29caf9c4
      clazz = class java.lang.Class@40e07486
      slot = 4
      name = "copy"
      returnType = class java.lang.Class@40e07486
      parameterTypes = class java.lang.Class[0]
      exceptionTypes = class java.lang.Class[0]
      modifiers = 0
      signature = null
      genericInfo = null
      annotations = null
      parameterAnnotations = null
      annotationDefault = null
      methodAccessor = class sun.reflect.DelegatingMethodAccessorImpl@a7d1a9c4
      root = null
      declaredAnnotations = null
      ACCESS_PERMISSION = class java.lang.reflect.ReflectPermission@c75b62e5
      override = true
      reflectionFactory = class sun.reflect.ReflectionFactory@a8339929
      securityCheckCache = null
    copyConstructor = class java.lang.reflect.Method@9a6f68bb
      clazz = class java.lang.Class@34968ce2
      slot = 3
      name = "copy"
      returnType = class java.lang.Class@34968ce2
      parameterTypes = class java.lang.Class[0]
      exceptionTypes = class java.lang.Class[0]
      modifiers = 0
      signature = "()Ljava/lang/reflect/Constructor<TT;>;"
      genericInfo = null
      annotations = null
      parameterAnnotations = null
      annotationDefault = null
      methodAccessor = class sun.reflect.DelegatingMethodAccessorImpl@81daa9b4
      root = null
      declaredAnnotations = null
      ACCESS_PERMISSION = class java.lang.reflect.ReflectPermission@c75b62e5
      override = true
      reflectionFactory = class sun.reflect.ReflectionFactory@a8339929
      securityCheckCache = null
    methodParameterTypesField = class java.lang.reflect.Field@f1a27dde
      clazz = class java.lang.Class@6b81aa6
      slot = 36
      name = "parameterTypes"
      type = class java.lang.Class@e0188421
      modifiers = 2
      signature = "[Ljava/lang/Class<*>;"
      genericInfo = null
      annotations = null
      fieldAccessor = null
      overrideFieldAccessor = class sun.reflect.UnsafeObjectFieldAccessorImpl@e0d8f113
      root = null
      declaredAnnotations = null
      ACCESS_PERMISSION = class java.lang.reflect.ReflectPermission@c75b62e5
      override = true
      reflectionFactory = class sun.reflect.ReflectionFactory@a8339929
      securityCheckCache = null
    constructorParameterTypesField = class java.lang.reflect.Field@d63caf66
      clazz = class java.lang.Class@34968ce2
      slot = 32
      name = "parameterTypes"
      type = class java.lang.Class@e0188421
      modifiers = 2
      signature = "[Ljava/lang/Class<*>;"
      genericInfo = null
      annotations = null
      fieldAccessor = null
      overrideFieldAccessor = class sun.reflect.UnsafeObjectFieldAccessorImpl@c4df9d37
      root = null
      declaredAnnotations = null
      ACCESS_PERMISSION = class java.lang.reflect.ReflectPermission@c75b62e5
      override = true
      reflectionFactory = class sun.reflect.ReflectionFactory@a8339929
      securityCheckCache = null
    NoArgs = class java.lang.Object[0]
    PublicKey = class java.lang.Class$CacheKey@27a6932
      PRIME = 31
      name = ".m"
      parameterTypes = class java.lang.Class[0]
      returnType = null
      hashCode = 1535
    DeclaredKey = class java.lang.Class$CacheKey@3573ec65
      PRIME = 31
      name = ".d"
      parameterTypes = class java.lang.Class[0]
      returnType = null
      hashCode = 1526
    queue = class java.lang.ref.ReferenceQueue@d1886b6e
      references = null
      head = 0
      tail = 0
      empty = true
      DEFAULT_QUEUE_SIZE = 128
      reflectRefClass = class java.lang.Class@8daf48f3
      classNameLockRefClass = class java.lang.Class@8d2798fd
  value = false
  serialVersionUID = -3665804199014368530

