------Start of DE processing------ = [9/20/17 16:45:17:055 BRT]
Exception = java.lang.UnsupportedOperationException
Source = com.ibm.ws.webcontainer.filter.WebAppFilterManager.invokeFilters
probeid = 1105
Stack Dump = java.lang.UnsupportedOperationException: SRVE8020E: Servlet does not accept multipart requests
	at com.ibm.ws.webcontainer.srt.SRTServletRequest.prepareMultipart(SRTServletRequest.java:3775)
	at com.ibm.ws.webcontainer31.srt.SRTServletRequest31.prepareMultipart(SRTServletRequest31.java:284)
	at com.ibm.ws.webcontainer.srt.SRTServletRequest.getPart(SRTServletRequest.java:3729)
	at ccb.servlet.CCBServlet.doPost(CCBServlet.java:46)
	at javax.servlet.http.HttpServlet.service(HttpServlet.java:707)
	at javax.servlet.http.HttpServlet.service(HttpServlet.java:790)
	at com.ibm.ws.webcontainer.servlet.ServletWrapper.service(ServletWrapper.java:1290)
	at com.ibm.ws.webcontainer.servlet.ServletWrapper.handleRequest(ServletWrapper.java:778)
	at com.ibm.ws.webcontainer.servlet.ServletWrapper.handleRequest(ServletWrapper.java:475)
	at com.ibm.ws.webcontainer.filter.WebAppFilterManager.invokeFilters(WebAppFilterManager.java:1157)
	at com.ibm.ws.webcontainer.servlet.CacheServletWrapper.handleRequest(CacheServletWrapper.java:82)
	at com.ibm.ws.webcontainer.WebContainer.handleRequest(WebContainer.java:956)
	at com.ibm.ws.webcontainer.osgi.DynamicVirtualHost$2.run(DynamicVirtualHost.java:280)
	at com.ibm.ws.http.dispatcher.internal.channel.HttpDispatcherLink$TaskWrapper.run(HttpDispatcherLink.java:967)
	at com.ibm.ws.http.dispatcher.internal.channel.HttpDispatcherLink.wrapHandlerAndExecute(HttpDispatcherLink.java:359)
	at com.ibm.ws.http.dispatcher.internal.channel.HttpDispatcherLink.ready(HttpDispatcherLink.java:318)
	at com.ibm.ws.http.channel.internal.inbound.HttpInboundLink.handleDiscrimination(HttpInboundLink.java:471)
	at com.ibm.ws.http.channel.internal.inbound.HttpInboundLink.handleNewRequest(HttpInboundLink.java:405)
	at com.ibm.ws.http.channel.internal.inbound.HttpInboundLink.processRequest(HttpInboundLink.java:285)
	at com.ibm.ws.http.channel.internal.inbound.HttpICLReadCallback.complete(HttpICLReadCallback.java:66)
	at com.ibm.ws.tcpchannel.internal.WorkQueueManager.requestComplete(WorkQueueManager.java:504)
	at com.ibm.ws.tcpchannel.internal.WorkQueueManager.attemptIO(WorkQueueManager.java:574)
	at com.ibm.ws.tcpchannel.internal.WorkQueueManager.workerRun(WorkQueueManager.java:929)
	at com.ibm.ws.tcpchannel.internal.WorkQueueManager$Worker.run(WorkQueueManager.java:1018)
	at java.util.concurrent.ThreadPoolExecutor.runWorker(ThreadPoolExecutor.java:1157)
	at java.util.concurrent.ThreadPoolExecutor$Worker.run(ThreadPoolExecutor.java:627)
	at java.lang.Thread.run(Thread.java:798)

Dump of callerThis
Object type = com.ibm.ws.webcontainer.osgi.filter.WebAppFilterManagerImpl
  _filterWrappers = class java.util.Hashtable@26873a17
    EMPTY_TABLE = class java.util.Hashtable$Entry[0]
    table = class java.util.Hashtable$Entry[0]
    count = 0
    threshold = 11
    loadFactor = 0.75
    modCount = 0
    serialVersionUID = 1421746759512286392
    ALTERNATIVE_HASHING_THRESHOLD_DEFAULT = 2147483647
    hashSeed = 0
    MAX_ARRAY_SIZE = 2147483639
    keySet = null
    entrySet = null
    values = null
    KEYS = 0
    VALUES = 1
    ENTRIES = 2
  chainCache = class java.util.Collections$SynchronizedMap@3ee7f1a4
    serialVersionUID = 1978198479659022715
    m = class com.ibm.ws.webcontainer.filter.WebAppFilterManager$1@e9b0ec86
      this$0 = class com.ibm.ws.webcontainer.osgi.filter.WebAppFilterManagerImpl@56dc7c62
      serialVersionUID = 3801124242820219131
      header = class java.util.LinkedHashMap$Entry@ab3977c2
      accessOrder = true
      DEFAULT_INITIAL_CAPACITY = 16
      MAXIMUM_CAPACITY = 1073741824
      DEFAULT_LOAD_FACTOR = 0.75
      EMPTY_TABLE = class java.util.HashMap$Entry[0]
      table = class java.util.HashMap$Entry[0]
      size = 0
      threshold = 20
      loadFactor = 0.75
      modCount = 0
      ALTERNATIVE_HASHING_THRESHOLD_DEFAULT = 2147483647
      hashSeed = 0
      entrySet = null
      serialVersionUID = 362498820763181265
      keySet = null
      values = null
    mutex = class java.util.Collections$SynchronizedMap@3ee7f1a4
    keySet = null
    entrySet = null
    values = null
  forwardChainCache = class java.util.Collections$SynchronizedMap@bcf67d90
    serialVersionUID = 1978198479659022715
    m = class com.ibm.ws.webcontainer.filter.WebAppFilterManager$2@401c711
      this$0 = class com.ibm.ws.webcontainer.osgi.filter.WebAppFilterManagerImpl@56dc7c62
      serialVersionUID = 3801124242820219131
      header = class java.util.LinkedHashMap$Entry@f2c23096
      accessOrder = true
      DEFAULT_INITIAL_CAPACITY = 16
      MAXIMUM_CAPACITY = 1073741824
      DEFAULT_LOAD_FACTOR = 0.75
      EMPTY_TABLE = class java.util.HashMap$Entry[0]
      table = class java.util.HashMap$Entry[0]
      size = 0
      threshold = 10
      loadFactor = 0.75
      modCount = 0
      ALTERNATIVE_HASHING_THRESHOLD_DEFAULT = 2147483647
      hashSeed = 0
      entrySet = null
      serialVersionUID = 362498820763181265
      keySet = null
      values = null
    mutex = class java.util.Collections$SynchronizedMap@bcf67d90
    keySet = null
    entrySet = null
    values = null
  includeChainCache = class java.util.Collections$SynchronizedMap@cc98e9ac
    serialVersionUID = 1978198479659022715
    m = class com.ibm.ws.webcontainer.filter.WebAppFilterManager$3@5a54ff6c
      this$0 = class com.ibm.ws.webcontainer.osgi.filter.WebAppFilterManagerImpl@56dc7c62
      serialVersionUID = 3801124242820219131
      header = class java.util.LinkedHashMap$Entry@54bcaf5b
      accessOrder = true
      DEFAULT_INITIAL_CAPACITY = 16
      MAXIMUM_CAPACITY = 1073741824
      DEFAULT_LOAD_FACTOR = 0.75
      EMPTY_TABLE = class java.util.HashMap$Entry[0]
      table = class java.util.HashMap$Entry[0]
      size = 0
      threshold = 5
      loadFactor = 0.75
      modCount = 0
      ALTERNATIVE_HASHING_THRESHOLD_DEFAULT = 2147483647
      hashSeed = 0
      entrySet = null
      serialVersionUID = 362498820763181265
      keySet = null
      values = null
    mutex = class java.util.Collections$SynchronizedMap@cc98e9ac
    keySet = null
    entrySet = null
    values = null
  errorChainCache = class java.util.Collections$SynchronizedMap@b79f634d
    serialVersionUID = 1978198479659022715
    m = class com.ibm.ws.webcontainer.filter.WebAppFilterManager$4@350d0674
      this$0 = class com.ibm.ws.webcontainer.osgi.filter.WebAppFilterManagerImpl@56dc7c62
      serialVersionUID = 3801124242820219131
      header = class java.util.LinkedHashMap$Entry@3cfe41e3
      accessOrder = true
      DEFAULT_INITIAL_CAPACITY = 16
      MAXIMUM_CAPACITY = 1073741824
      DEFAULT_LOAD_FACTOR = 0.75
      EMPTY_TABLE = class java.util.HashMap$Entry[0]
      table = class java.util.HashMap$Entry[0]
      size = 0
      threshold = 2
      loadFactor = 0.75
      modCount = 0
      ALTERNATIVE_HASHING_THRESHOLD_DEFAULT = 2147483647
      hashSeed = 0
      entrySet = null
      serialVersionUID = 362498820763181265
      keySet = null
      values = null
    mutex = class java.util.Collections$SynchronizedMap@b79f634d
    keySet = null
    entrySet = null
    values = null
  _filtersDefined = false
  FMI_MAPPING_SINGLE_SLASH = 0
  FMI_MAPPING_PATH_MATCH = 1
  FMI_MAPPING_EXTENSION_MATCH = 2
  FMI_MAPPING_EXACT_MATCH = 3
  logger = class com.ibm.ws.logging.internal.WsLogger@ed62ccd7
    tc = class com.ibm.websphere.ras.TraceComponent@129d9594
      strings[0] = "TraceComponent[com.ibm.ws.logging.internal.WsLogger,class com.ibm.ws.logging.internal.WsLogger,[logging],com.ibm.ws.logging.internal.resources.LoggingMessages,null]"
    ivCachedResourceBundleName = null
    ivCachedResourceBundle = null
    ivComponent = null
    ivOrganization = null
    ivProduct = null
    ivMinimumLocalizationLevelIntValue = 625
    ivTC = class com.ibm.websphere.ras.TraceComponent@ffbe9a71
      strings[0] = "TraceComponent[com.ibm.ws.webcontainer.filter,class com.ibm.wsspi.webcontainer.logging.LoggerFactory$1,[com.ibm.ws.webcontainer.filter],null,null]"
    loggerRegistrationComponent = class java.lang.ThreadLocal@881867c8
      threadLocalHashCode = 34920769
      nextHashCode = class java.util.concurrent.atomic.AtomicInteger@45a88a99
      HASH_INCREMENT = 1640531527
    emptyHandlers = class java.util.logging.Handler[0]
    offValue = 2147483647
    manager = class com.ibm.ws.kernel.boot.logging.WsLogManager@4c024217
      CLASS_NAME = "com.ibm.ws.kernel.boot.logging.WsLogManager"
      CONFIGURE_BY_SERVER_PROPERTY_NAME = "java.util.logging.configureByServer"
      CONFIGURE_BY_LOGGING_PROPERTIES_FILE = "java.util.logging.configureByLoggingPropertiesFile"
      configureByServer = true
      configureByLoggingProperties = false
      wsLogger = class java.lang.reflect.Constructor@6b2c2d6
      resetEnabled = true
      manager = class com.ibm.ws.kernel.boot.logging.WsLogManager@4c024217
      props = class java.util.Properties@2ab623b5
      changes = class java.beans.PropertyChangeSupport@fb7fc262
      defaultLevel = class java.util.logging.Level@2d29dfb9
      systemContext = class java.util.logging.LogManager$SystemLoggerContext@9ac24908
      userContext = class java.util.logging.LogManager$LoggerContext@181f031a
      rootLogger = class java.util.logging.LogManager$RootLogger@e40a40e7
      readPrimordialConfiguration = true
      initializedGlobalHandlers = true
      deathImminent = false
      contextsMap = null
      loggerRefQueue = class java.lang.ref.ReferenceQueue@b4fbc097
      MAX_ITERATIONS = 400
      controlPermission = class java.util.logging.LoggingPermission@14f33828
      loggingMXBean = null
      LOGGING_MXBEAN_NAME = "java.util.logging:type=Logging"
    name = "com.ibm.ws.webcontainer.filter"
    handlers = class java.util.concurrent.CopyOnWriteArrayList@cb2b3948
      serialVersionUID = 8673264195747942595
      lock = class java.util.concurrent.locks.ReentrantLock@69300e7f
      array = class java.lang.Object[0]
      UNSAFE = class sun.misc.Unsafe@26c52c91
      lockOffset = 8
    resourceBundleName = "com.ibm.ws.webcontainer.resources.Messages"
    useParentHandlers = true
    filter = null
    anonymous = false
    catalog = class com.ibm.ws.webcontainer.resources.Messages@bdf48a83
      resources = class [Ljava.lang.Object;[332]
      lookup = class java.util.HashMap@d478859c
      INITIAL_CACHE_SIZE = 32
      NONEXISTENT_BUNDLE = class java.util.ResourceBundle$1@2345653a
      cacheList = class java.util.concurrent.ConcurrentHashMap@3e223c6c
      referenceQueue = class java.lang.ref.ReferenceQueue@7dd90d3d
      parent = null
      locale = class java.util.Locale@7ea4cddb
      name = "com.ibm.ws.webcontainer.resources.Messages"
      expired = false
      cacheKey = class java.util.ResourceBundle$CacheKey@c4a4e337
      keySet = null
      vo = class java.lang.Object@c4c0da6
      $assertionsDisabled = true
    catalogName = "com.ibm.ws.webcontainer.resources.Messages"
    catalogLocale = class java.util.Locale@e6c5814a
      LOCALECACHE = class java.util.Locale$Cache@fd6f32b
      ENGLISH = class java.util.Locale@ab5d7272
      FRENCH = class java.util.Locale@7055a7dd
      GERMAN = class java.util.Locale@80138295
      ITALIAN = class java.util.Locale@87df437c
      JAPANESE = class java.util.Locale@63fbc4d
      KOREAN = class java.util.Locale@336260a1
      CHINESE = class java.util.Locale@cfe83efc
      SIMPLIFIED_CHINESE = class java.util.Locale@d5fc72ea
      TRADITIONAL_CHINESE = class java.util.Locale@99a8736c
      FRANCE = class java.util.Locale@445c6f4f
      GERMANY = class java.util.Locale@145ef197
      ITALY = class java.util.Locale@b9d31416
      JAPAN = class java.util.Locale@fda70024
      KOREA = class java.util.Locale@1c7d32a0
      CHINA = class java.util.Locale@d5fc72ea
      PRC = class java.util.Locale@d5fc72ea
      TAIWAN = class java.util.Locale@99a8736c
      UK = class java.util.Locale@5a91bde3
      US = class java.util.Locale@e6c5814a
      CANADA = class java.util.Locale@fe03b02c
      CANADA_FRENCH = class java.util.Locale@69ef7b81
      ROOT = class java.util.Locale@7ea4cddb
      PRIVATE_USE_EXTENSION = x
      UNICODE_LOCALE_EXTENSION = u
      serialVersionUID = 9149081749638150636
      DISPLAY_LANGUAGE = 0
      DISPLAY_COUNTRY = 1
      DISPLAY_VARIANT = 2
      DISPLAY_SCRIPT = 3
      baseLocale = class sun.util.locale.BaseLocale@91ca5252
      localeExtensions = null
      hashCodeValue = 96636889
      defaultLocale = class java.util.Locale@e6c5814a
      defaultDisplayLocale = null
      defaultFormatLocale = class java.util.Locale@e6c5814a
      serialPersistentFields = class java.io.ObjectStreamField[6]
      isoLanguages = null
      isoCountries = null
      $assertionsDisabled = true
    treeLock = class java.lang.Object@c1b0ec20
    parent = class com.ibm.ws.logging.internal.WsLogger@b55ca496
      tc = class com.ibm.websphere.ras.TraceComponent@129d9594
      ivCachedResourceBundleName = "com.ibm.ws.webcontainer.resources.Messages"
      ivCachedResourceBundle = class com.ibm.ws.webcontainer.resources.Messages@165a2018
      ivComponent = null
      ivOrganization = null
      ivProduct = null
      ivMinimumLocalizationLevelIntValue = 625
      ivTC = class com.ibm.websphere.ras.TraceComponent@38f4692b
      loggerRegistrationComponent = class java.lang.ThreadLocal@881867c8
      emptyHandlers = class java.util.logging.Handler[0]
      offValue = 2147483647
      manager = class com.ibm.ws.kernel.boot.logging.WsLogManager@4c024217
      name = "com.ibm.ws.webcontainer"
      handlers = class java.util.concurrent.CopyOnWriteArrayList@bc7a75d0
      resourceBundleName = "com.ibm.ws.webcontainer.resources.Messages"
      useParentHandlers = true
      filter = null
      anonymous = false
      catalog = class com.ibm.ws.webcontainer.resources.Messages@165a2018
      catalogName = "com.ibm.ws.webcontainer.resources.Messages"
      catalogLocale = class java.util.Locale@e6c5814a
      treeLock = class java.lang.Object@c1b0ec20
      parent = class java.util.logging.Logger@803c3e1
      kids = class java.util.ArrayList@1f0d2760
      levelObject = class java.util.logging.Level@2d29dfb9
      levelValue = 800
      callersClassLoaderRef = class java.lang.ref.WeakReference@823d2744
      isSystemLogger = false
      GLOBAL_LOGGER_NAME = "global"
      global = class java.util.logging.Logger@80f4e97e
      SYSTEM_LOGGER_RB_NAME = "sun.util.logging.resources.logging"
    kids = null
    levelObject = class java.util.logging.Level@2d29dfb9
      defaultBundle = "sun.util.logging.resources.logging"
      name = "INFO"
      value = 800
      resourceBundleName = "sun.util.logging.resources.logging"
      localizedLevelName = "INFO"
      cachedLocale = class java.util.Locale@e6c5814a
      OFF = class java.util.logging.Level@9f75887b
      SEVERE = class java.util.logging.Level@b57afab0
      WARNING = class java.util.logging.Level@3ba44dbb
      INFO = class java.util.logging.Level@2d29dfb9
      CONFIG = class java.util.logging.Level@e4ab62f8
      FINE = class java.util.logging.Level@47f84ba7
      FINER = class java.util.logging.Level@555766dd
      FINEST = class java.util.logging.Level@dd80432b
      ALL = class java.util.logging.Level@b9df70ae
      serialVersionUID = -8176160795706313070
    levelValue = 800
    callersClassLoaderRef = class java.lang.ref.WeakReference@36613651
      STATE_INITIAL = 0
      STATE_CLEARED = 1
      STATE_ENQUEUED = 2
      referent = class org.eclipse.osgi.internal.loader.EquinoxClassLoader@6a3a14ab
      queue = null
      state = 0
    isSystemLogger = false
    GLOBAL_LOGGER_NAME = "global"
    global = class java.util.logging.Logger@80f4e97e
      emptyHandlers = class java.util.logging.Handler[0]
      offValue = 2147483647
      manager = class com.ibm.ws.kernel.boot.logging.WsLogManager@4c024217
      name = "global"
      handlers = class java.util.concurrent.CopyOnWriteArrayList@de8dcb14
      resourceBundleName = null
      useParentHandlers = true
      filter = null
      anonymous = false
      catalog = null
      catalogName = null
      catalogLocale = null
      treeLock = class java.lang.Object@c1b0ec20
      parent = class java.util.logging.LogManager$RootLogger@e40a40e7
      kids = null
      levelObject = null
      levelValue = 800
      callersClassLoaderRef = null
      isSystemLogger = true
      GLOBAL_LOGGER_NAME = "global"
      global = class java.util.logging.Logger@80f4e97e
      SYSTEM_LOGGER_RB_NAME = "sun.util.logging.resources.logging"
    SYSTEM_LOGGER_RB_NAME = "sun.util.logging.resources.logging"
  CLASS_NAME = "com.ibm.ws.webcontainer.filter.WebAppFilterManager"
  nls = class com.ibm.ejs.ras.TraceNLS@5577d277
    resolver = class com.ibm.ws.logging.internal.TraceNLSResolver@cc0b75e
      tc = class com.ibm.websphere.ras.TraceComponent@d74d7b14
      DEBUG_TRACE_NLS_PROPERTY = "com.ibm.ejs.ras.debugTraceNLSResolver"
      debugTraceNLSResolver = false
      makeNoise = false
      nullKey = "null"
      svNullBundleName = "Resource Bundle name is null, key = {0}"
      svBundleNotLoaded = "Unable to load ResourceBundle {0}"
      svNullKeyMessage = "Null key passed while using ResourceBundle {0}"
      svMalformedMessage = "No message text associated with key {0} in bundle {1}"
    finder = null
    ivBundleName = "com.ibm.ws.webcontainer.resources.Messages"
    caller = class java.lang.Class@6d3bf14b
      serialVersionUID = 3206093459760846163
      AllPermissionsPD = class java.security.ProtectionDomain@3d29a3e5
      SYNTHETIC = 4096
      ANNOTATION = 8192
      ENUM = 16384
      MEMBER_INVALID_TYPE = -1
      EmptyParameters = class java.lang.Class[0]
      vmRef = 579879680
      protectionDomain = class org.eclipse.osgi.internal.loader.ModuleClassLoader$GenerationProtectionDomain@dfd9d4ce
      classNameString = "com.ibm.ws.webcontainer.filter.WebAppFilterManager"
      annotationType = null
      classValueMap = class java.lang.ClassValue$ClassValueMap@a2e3253e
      enumVars = null
      enumVarsOffset = 36
      classRepoHolder = null
      annotationCache = class java.lang.Class$AnnotationCache@6c014c4a
      annotationCacheOffset = 44
      unsafe = class sun.misc.Unsafe@26c52c91
      initializationLock = null
      copyMethod = class java.lang.reflect.Method@959ceafa
      copyField = class java.lang.reflect.Method@475700f2
      copyConstructor = class java.lang.reflect.Method@aa5790e0
      methodParameterTypesField = class java.lang.reflect.Field@ac25f1c9
      constructorParameterTypesField = class java.lang.reflect.Field@345b15be
      NoArgs = class java.lang.Object[0]
      PublicKey = class java.lang.Class$CacheKey@e506137b
      DeclaredKey = class java.lang.Class$CacheKey@40e219b6
      queue = class java.lang.ref.ReferenceQueue@7d251b6a
  webAppConfig = class com.ibm.ws.webcontainer.osgi.webapp.WebAppConfiguration@3489d526
    webModuleMetaData = class com.ibm.ws.webcontainer.osgi.metadata.WebModuleMetaDataImpl@afa8edf1
      applicationMetaData = class com.ibm.ws.container.service.app.deploy.internal.ApplicationMetaDataImpl@b129b79e
      j2eeName = class com.ibm.ws.container.service.metadata.internal.J2EENameImpl@febaa3b6
      wccmd = class com.ibm.ws.webcontainer.osgi.metadata.WebCollaboratorComponentMetaDataImpl@c6070f70
      securityMetaData = class com.ibm.ws.webcontainer.security.metadata.SecurityServletConfiguratorHelper@5d73e67a
      annotatedSecurityMetaData = null
      webAppConfig = class com.ibm.ws.webcontainer.osgi.webapp.WebAppConfiguration@3489d526
      _isServlet23OrHigher = false
      jspComponentMetaData = class com.ibm.ws.jsp.runtime.metadata.JspComponentMetaData@21d4466
      sessionCookieNameInUse = null
      mBeanServiceReg = null
      tc = class com.ibm.websphere.ras.TraceComponent@4a2a3e2e
      NUM_STATIC_SLOTS = 4
      ID_UNINITIALIZED = -1
      id = 0
      metaDataInterface = class java.lang.Class@58ba534b
      staticSlots = class java.lang.Object[4]
      dynamicSlots = class java.lang.Object[4]
    webComponentMetaData = class com.ibm.ws.webcontainer.osgi.metadata.WebComponentMetaDataImpl@a10a3f4c
    dVirtualHost = class com.ibm.ws.webcontainer.osgi.DynamicVirtualHost@4e989578
      tc = class com.ibm.websphere.ras.TraceComponent@e21a0857
      CLASS_NAME = "com.ibm.ws.webcontainer.osgi.DynamicVirtualHost"
      webContainerParent = class com.ibm.ws.webcontainer.osgi.WebContainer@1c19146b
      dhostConfig = class com.ibm.ws.webcontainer.osgi.DynamicVirtualHostConfiguration@6f17c9e0
      predefinedMatcher = null
      normalizeRequestURI = false
      logger = class com.ibm.ws.logging.internal.WsLogger@b55ca496
      CLASS_NAME = "com.ibm.ws.webcontainer.VirtualHost"
      vHostConfig = class com.ibm.ws.webcontainer.osgi.DynamicVirtualHostConfiguration@6f17c9e0
      commands = class java.util.ArrayList@2c101f8a
      requestMapper = class com.ibm.wsspi.webcontainer.util.URIMapper@ffcf8387
      parent = class com.ibm.ws.webcontainer.osgi.WebContainer@1c19146b
      name = "default_host"
      isAlive = true
      subElements = class java.util.HashMap@2cbff256
      attributes = null
      config = null
      serialVersionUID = -8271459000149267764
      $$$tc$$$ = class com.ibm.websphere.ras.TraceComponent@b033f657
    orderedLibPaths = class java.util.Collections$UnmodifiableRandomAccessList@c043fa35
      serialVersionUID = -2542308836966382001
      serialVersionUID = -283967356065247728
      list = class java.util.ArrayList@54460351
      serialVersionUID = 1820017752578914078
      c = class java.util.ArrayList@54460351
    bundleHeaders = null
    cdiEnabled = false
    CLASS_NAME = "com.ibm.ws.webcontainer.webapp.WebAppConfiguration"
    logger = class com.ibm.ws.logging.internal.WsLogger@b1a2c92
      tc = class com.ibm.websphere.ras.TraceComponent@129d9594
      ivCachedResourceBundleName = null
      ivCachedResourceBundle = null
      ivComponent = null
      ivOrganization = null
      ivProduct = null
      ivMinimumLocalizationLevelIntValue = 625
      ivTC = class com.ibm.websphere.ras.TraceComponent@a6020836
      loggerRegistrationComponent = class java.lang.ThreadLocal@881867c8
      emptyHandlers = class java.util.logging.Handler[0]
      offValue = 2147483647
      manager = class com.ibm.ws.kernel.boot.logging.WsLogManager@4c024217
      name = "com.ibm.ws.webcontainer.webapp"
      handlers = class java.util.concurrent.CopyOnWriteArrayList@c0ca662b
      resourceBundleName = "com.ibm.ws.webcontainer.resources.Messages"
      useParentHandlers = true
      filter = null
      anonymous = false
      catalog = class com.ibm.ws.webcontainer.resources.Messages@165a2018
      catalogName = "com.ibm.ws.webcontainer.resources.Messages"
      catalogLocale = class java.util.Locale@e6c5814a
      treeLock = class java.lang.Object@c1b0ec20
      parent = class com.ibm.ws.logging.internal.WsLogger@b55ca496
      kids = null
      levelObject = class java.util.logging.Level@2d29dfb9
      levelValue = 800
      callersClassLoaderRef = class java.lang.ref.WeakReference@7a40b819
      isSystemLogger = false
      GLOBAL_LOGGER_NAME = "global"
      global = class java.util.logging.Logger@80f4e97e
      SYSTEM_LOGGER_RB_NAME = "sun.util.logging.resources.logging"
    tc = class com.ibm.websphere.ras.TraceComponent@bab5b7d
      strings[0] = "TraceComponent[com.ibm.ws.webcontainer.webapp.WebAppConfiguration,class com.ibm.ws.webcontainer.webapp.WebAppConfiguration,[webcontainer],com.ibm.ws.webcontainer.resources.LShimMessages,null]"
    nls = class com.ibm.ejs.ras.TraceNLS@721c0008
      resolver = class com.ibm.ws.logging.internal.TraceNLSResolver@cc0b75e
      finder = null
      ivBundleName = "com.ibm.ws.webcontainer.resources.Messages"
      caller = class java.lang.Class@fd34f337
    version = 30
    contextRoot = "/ccb"
    sessionTimeout = 0
    moduleSessionTimeoutSet = false
    moduleSessionTrackingModeSet = false
    sessionCookieConfig = class com.ibm.ws.session.SessionCookieConfigImpl@230e72db
      comment = ""
      domain = ""
      maxAge = -1
      maxAgeSet = false
      name = "JSESSIONID"
      path = "/"
      httpOnly = true
      httpOnlySet = false
      secure = false
      secureSet = false
      contextInitialized = true
      externalCall = true
      programmaticChange = false
      nls = class com.ibm.ejs.ras.TraceNLS@a0fdec55
    hasProgrammaticCookieConfig = false
    sessionDefaultTrackingModeSet = class java.util.RegularEnumSet@9f34e35d
      serialVersionUID = 3411599620347842686
      elements = 1
      elementType = class java.lang.Class@16549626
      universe = class javax.servlet.SessionTrackingMode[3]
      ZERO_LENGTH_ENUM_ARRAY = class java.lang.Enum[0]
      MAX_ARRAY_SIZE = 2147483639
    sessionManagerConfig = class com.ibm.ws.session.SessionManagerConfig@89d08166
      usingWebContainerSM = true
      useContextRootForSessionCookiePath = false
      usingMemory = true
      usingDatabase = false
      usingMemToMem = false
      enableUrlProtocolSwitchRewriting = false
      dcookieName = "SSLJSESSION"
      sipSessionCookieName = "ibmappid"
      inMemorySize = 1000
      enableOverflow = true
      sessionInvalidationTime = 1800
      integrateSec = true
      throwSecurityExceptionOnGetSessionFalse = true
      invalidateOnUnauthorizedSessionRequestException = false
      allowSerializedSessionAccess = false
      serializedSessionAccessMaxWaitTime = 0
      accessSessionOnTimeout = true
      JNDIDataSourceName = "jdbc/sample"
      sessionDBID = null
      sessionDBPWD = null
      rowSize = 4
      tableSpaceName = null
      usingMultirow = false
      drsSettings = null
      enableEOSWrite = true
      enableManualWrite = false
      enableTimeBasedWrite = false
      mPropertyWriterInterval = 120
      writeAllProperties = false
      scheduledInvalidation = false
      firstHour = 0
      secondHour = 0
      is_zOS = false
      serverId = "aece5668-336d-440f-af96-9f6c426c4809"
      cloneId = "aece5668-336d-440f-af96-9f6c426c4809"
      sacKey = "DEFAULT_SAC_KEY"
      cloneSeparator = :
      debugSessionCrossover = false
      cloneIdPropertySet = false
      expectedCloneIdsPropertySet = false
      expectedCloneIds = null
      idReuse = false
      reaperPollInterval = 136
      turnOffCacheId = false
      turnOffCloneId = false
      noAffinitySwitchBack = false
      maxSessionIdentifierLength = 1024
      sessUrlRewritePrefix = ";jsessionid="
      tableNameValue = null
      checkRecentlyInvalidList = true
      modifyActiveCountOnInvalidatedSession = false
      useOracleBlob = false
      usingCustomSchemaName = false
      trackGCCount = false
      hideSessionValues = true
      hideSessionValuesPropertySet = false
      doRemoteInvalidations = true
      zosBaseServerReplication = false
      servlet21SessionCompat = false
      cacheIdLength = 0
      sessionIDLength = 23
      trackingModes = class java.util.RegularEnumSet@d2c2e58d
      privateSessionCookieName = "JSESSIONID"
      privateSessionCookieComment = ""
      privateSessionCookieDomain = ""
      privateSessionCookieMaxAge = -1
      privateSessionCookiePath = "/"
      privateSessionCookieSecure = false
      privateSessionCookieHttpOnly = true
      cookieConfig = class com.ibm.ws.session.SessionCookieConfigImpl@230e72db
      SIPConvergedHttpPort = 80
      SIPConvergedHttpsPort = 443
      SIPConvergedHostName = "localhost"
      optimizeCacheIdIncrements = false
      alwaysEncodeURL = false
      checkSessionCookieNameOnEncodeURL = false
      onlyCheckInCacheDuringPreInvoke = false
      enableHotFailover = true
      forceSessionInvalidationMultiple = 3
      persistSessionAfterPassivation = false
      usingApplicationSessionsAndInvalidateAll = false
      usingApplicationSessionsAlwaysRetrieve = false
      forceSessionIdLengthCheck = false
      securityUserIgnoreCase = false
      sessionTableSkipIndexCreation = false
      checkSessionNewOnIsValidRequest = true
      delayInvalidationAlarmDuringServerStartup = 0
      useSeparateSessionInvalidatorThreadPool = true
      connectionRetryCount = 2
    displayName = "ccb"
    description = null
    reloadInterval = 0
    distributable = false
    denyUncoveredHttpMethods = false
    reloadingEnabled = false
    serveServletsByClassnameEnabled = false
    defaultErrorPage = null
    additionalClassPath = null
    fileServingEnabled = null
    directoryBrowsingEnabled = false
    autoRequestEncoding = false
    autoResponseEncoding = false
    autoLoadFilters = false
    requestListeners = null
    requestAttributeListeners = null
    sessionListeners = null
    localeMap = null
    moduleName = "ccb"
    j2eeModuleName = "ccb.war"
    moduleId = null
    isSyncToThreadEnabled = false
    encodeDispatchedRequestURI = false
    isSystemApp = false
    ardEnabled = false
    ardDispatchType = null
    listeners = class java.util.ArrayList@4091ffd7
      serialVersionUID = 8683452581122892189
      DEFAULT_CAPACITY = 10
      EMPTY_ELEMENTDATA = class java.lang.Object[0]
      elementData = class java.lang.Object[0]
      size = 0
      MAX_ARRAY_SIZE = 2147483639
      modCount = 0
      MAX_ARRAY_SIZE = 2147483639
    welcomeFileList = class java.util.ArrayList@2e4972e7
      serialVersionUID = 8683452581122892189
      DEFAULT_CAPACITY = 10
      EMPTY_ELEMENTDATA = class java.lang.Object[0]
      elementData = class java.lang.Object[10]
      size = 3
      MAX_ARRAY_SIZE = 2147483639
      modCount = 1
      MAX_ARRAY_SIZE = 2147483639
    servletMappings = class java.util.HashMap@975060cb
      DEFAULT_INITIAL_CAPACITY = 16
      MAXIMUM_CAPACITY = 1073741824
      DEFAULT_LOAD_FACTOR = 0.75
      EMPTY_TABLE = class java.util.HashMap$Entry[0]
      table = class java.util.HashMap$Entry[16]
      size = 1
      threshold = 12
      loadFactor = 0.75
      modCount = 1
      ALTERNATIVE_HASHING_THRESHOLD_DEFAULT = 2147483647
      hashSeed = 0
      entrySet = null
      serialVersionUID = 362498820763181265
      keySet = null
      values = null
    lastIndexBeforeDeclaredFilters = 0
    filterMappings = class java.util.ArrayList@85a4c422
      serialVersionUID = 8683452581122892189
      DEFAULT_CAPACITY = 10
      EMPTY_ELEMENTDATA = class java.lang.Object[0]
      elementData = class java.lang.Object[0]
      size = 0
      MAX_ARRAY_SIZE = 2147483639
      modCount = 0
      MAX_ARRAY_SIZE = 2147483639
    servletInfo = class java.util.HashMap@9b24217
      DEFAULT_INITIAL_CAPACITY = 16
      MAXIMUM_CAPACITY = 1073741824
      DEFAULT_LOAD_FACTOR = 0.75
      EMPTY_TABLE = class java.util.HashMap$Entry[0]
      table = class java.util.HashMap$Entry[16]
      size = 2
      threshold = 12
      loadFactor = 0.75
      modCount = 2
      ALTERNATIVE_HASHING_THRESHOLD_DEFAULT = 2147483647
      hashSeed = 0
      entrySet = null
      serialVersionUID = 362498820763181265
      keySet = class java.util.HashMap$KeySet@aa052a95
      values = class java.util.HashMap$Values@cb3506a
    filterInfo = class java.util.HashMap@2b129bb
      DEFAULT_INITIAL_CAPACITY = 16
      MAXIMUM_CAPACITY = 1073741824
      DEFAULT_LOAD_FACTOR = 0.75
      EMPTY_TABLE = class java.util.HashMap$Entry[0]
      table = class java.util.HashMap$Entry[0]
      size = 0
      threshold = 16
      loadFactor = 0.75
      modCount = 0
      ALTERNATIVE_HASHING_THRESHOLD_DEFAULT = 2147483647
      hashSeed = 0
      entrySet = null
      serialVersionUID = 362498820763181265
      keySet = null
      values = class java.util.HashMap$Values@66ec4ecb
    mimeMappings = class java.util.HashMap@d8668184
      DEFAULT_INITIAL_CAPACITY = 16
      MAXIMUM_CAPACITY = 1073741824
      DEFAULT_LOAD_FACTOR = 0.75
      EMPTY_TABLE = class java.util.HashMap$Entry[0]
      table = class java.util.HashMap$Entry[0]
      size = 0
      threshold = 16
      loadFactor = 0.75
      modCount = 0
      ALTERNATIVE_HASHING_THRESHOLD_DEFAULT = 2147483647
      hashSeed = 0
      entrySet = null
      serialVersionUID = 362498820763181265
      keySet = null
      values = null
    mimeFilters = null
    isMimeFilteringEnabled = false
    theWebGroup = null
    jspAttributes = class java.util.HashMap@72b64218
      DEFAULT_INITIAL_CAPACITY = 16
      MAXIMUM_CAPACITY = 1073741824
      DEFAULT_LOAD_FACTOR = 0.75
      EMPTY_TABLE = class java.util.HashMap$Entry[0]
      table = class java.util.HashMap$Entry[0]
      size = 0
      threshold = 16
      loadFactor = 0.75
      modCount = 0
      ALTERNATIVE_HASHING_THRESHOLD_DEFAULT = 2147483647
      hashSeed = 0
      entrySet = null
      serialVersionUID = 362498820763181265
      keySet = class java.util.HashMap$KeySet@6ba4e4d0
      values = null
    fileServingAttributes = class java.util.HashMap@9d3d9c6
      DEFAULT_INITIAL_CAPACITY = 16
      MAXIMUM_CAPACITY = 1073741824
      DEFAULT_LOAD_FACTOR = 0.75
      EMPTY_TABLE = class java.util.HashMap$Entry[0]
      table = class java.util.HashMap$Entry[0]
      size = 0
      threshold = 16
      loadFactor = 0.75
      modCount = 0
      ALTERNATIVE_HASHING_THRESHOLD_DEFAULT = 2147483647
      hashSeed = 0
      entrySet = null
      serialVersionUID = 362498820763181265
      keySet = null
      values = null
    invokerAttributes = class java.util.HashMap@e672e1f4
      DEFAULT_INITIAL_CAPACITY = 16
      MAXIMUM_CAPACITY = 1073741824
      DEFAULT_LOAD_FACTOR = 0.75
      EMPTY_TABLE = class java.util.HashMap$Entry[0]
      table = class java.util.HashMap$Entry[0]
      size = 0
      threshold = 16
      loadFactor = 0.75
      modCount = 0
      ALTERNATIVE_HASHING_THRESHOLD_DEFAULT = 2147483647
      hashSeed = 0
      entrySet = null
      serialVersionUID = 362498820763181265
      keySet = null
      values = null
    contextParams = class java.util.HashMap@6bbe401
      DEFAULT_INITIAL_CAPACITY = 16
      MAXIMUM_CAPACITY = 1073741824
      DEFAULT_LOAD_FACTOR = 0.75
      EMPTY_TABLE = class java.util.HashMap$Entry[0]
      table = class java.util.HashMap$Entry[0]
      size = 0
      threshold = 16
      loadFactor = 0.75
      modCount = 0
      ALTERNATIVE_HASHING_THRESHOLD_DEFAULT = 2147483647
      hashSeed = 0
      entrySet = null
      serialVersionUID = 362498820763181265
      keySet = null
      values = null
    virtualHost = "default_host"
    exceptionErrorPages = class java.util.HashMap@2ae0d916
      DEFAULT_INITIAL_CAPACITY = 16
      MAXIMUM_CAPACITY = 1073741824
      DEFAULT_LOAD_FACTOR = 0.75
      EMPTY_TABLE = class java.util.HashMap$Entry[0]
      table = class java.util.HashMap$Entry[0]
      size = 0
      threshold = 16
      loadFactor = 0.75
      modCount = 0
      ALTERNATIVE_HASHING_THRESHOLD_DEFAULT = 2147483647
      hashSeed = 0
      entrySet = null
      serialVersionUID = 362498820763181265
      keySet = null
      values = class java.util.HashMap$Values@fe1b58a2
    codeErrorPages = class java.util.HashMap@8fbbefbc
      DEFAULT_INITIAL_CAPACITY = 16
      MAXIMUM_CAPACITY = 1073741824
      DEFAULT_LOAD_FACTOR = 0.75
      EMPTY_TABLE = class java.util.HashMap$Entry[0]
      table = class java.util.HashMap$Entry[0]
      size = 0
      threshold = 16
      loadFactor = 0.75
      modCount = 0
      ALTERNATIVE_HASHING_THRESHOLD_DEFAULT = 2147483647
      hashSeed = 0
      entrySet = null
      serialVersionUID = 362498820763181265
      keySet = null
      values = null
    tagLibList = null
    precompileJsps = false
    webApp = class com.ibm.ws.webcontainer31.osgi.webapp.WebApp31@f948b960
    virtualHostList = class java.util.Collections$EmptyList@3954214e
      serialVersionUID = 8842843931221139166
      modCount = 0
      MAX_ARRAY_SIZE = 2147483639
    appStartupWeight = 0
    moduleStartupWeight = 0
    metaDataComplete = false
    classesToScan = class java.util.ArrayList@4b48255d
      serialVersionUID = 8683452581122892189
      DEFAULT_CAPACITY = 10
      EMPTY_ELEMENTDATA = class java.lang.Object[0]
      elementData = class java.lang.Object[0]
      size = 0
      MAX_ARRAY_SIZE = 2147483639
      modCount = 0
      MAX_ARRAY_SIZE = 2147483639
    uriFilterMappingInfos = null
    servletFilterMappingInfos = null
    dynamicServletRegistrationMap = null
    applicationName = "ccb"
    libBinPathList = class java.util.ArrayList@3618248a
      serialVersionUID = 8683452581122892189
      DEFAULT_CAPACITY = 10
      EMPTY_ELEMENTDATA = class java.lang.Object[0]
      elementData = class java.lang.Object[0]
      size = 0
      MAX_ARRAY_SIZE = 2147483639
      modCount = 0
      MAX_ARRAY_SIZE = 2147483639
    webXmlDefinedListeners = class java.util.HashSet@74dc0a5c
      serialVersionUID = -5024744406713321676
      map = class java.util.HashMap@152551fb
      PRESENT = class java.lang.Object@a12decc1
      MAX_ARRAY_SIZE = 2147483639
    allRefs = class java.util.EnumMap@782ea1b0
      keyType = class java.lang.Class@3b37735f
      keyUniverse = class com.ibm.wsspi.injectionengine.JNDIEnvironmentRefType[14]
      vals = class java.lang.Object[14]
      size = 0
      NULL = class java.util.EnumMap$1@3927a347
      ZERO_LENGTH_ENUM_ARRAY = class java.lang.Enum[0]
      entrySet = null
      serialVersionUID = 458661240069192865
      keySet = null
      values = null
    allRefBindings = class java.util.EnumMap@a3a87dbd
      keyType = class java.lang.Class@3b37735f
      keyUniverse = class com.ibm.wsspi.injectionengine.JNDIEnvironmentRefType[14]
      vals = class java.lang.Object[14]
      size = 6
      NULL = class java.util.EnumMap$1@3927a347
      ZERO_LENGTH_ENUM_ARRAY = class java.lang.Enum[0]
      entrySet = null
      serialVersionUID = 458661240069192865
      keySet = null
      values = null
    envEntryValues = class java.util.HashMap@c1a97fea
      DEFAULT_INITIAL_CAPACITY = 16
      MAXIMUM_CAPACITY = 1073741824
      DEFAULT_LOAD_FACTOR = 0.75
      EMPTY_TABLE = class java.util.HashMap$Entry[0]
      table = class java.util.HashMap$Entry[0]
      size = 0
      threshold = 16
      loadFactor = 0.75
      modCount = 0
      ALTERNATIVE_HASHING_THRESHOLD_DEFAULT = 2147483647
      hashSeed = 0
      entrySet = null
      serialVersionUID = 362498820763181265
      keySet = null
      values = null
    resourceRefConfigList = null
    disallowAllFileServingProp = "false"
    disallowServeServletsByClassnameProp = "true"
    disableStaticMappingCache = false
    jspCachedLocations = class java.util.HashMap@9d0e62af
      DEFAULT_INITIAL_CAPACITY = 16
      MAXIMUM_CAPACITY = 1073741824
      DEFAULT_LOAD_FACTOR = 0.75
      EMPTY_TABLE = class java.util.HashMap$Entry[0]
      table = class java.util.HashMap$Entry[0]
      size = 0
      threshold = 16
      loadFactor = 0.75
      modCount = 0
      ALTERNATIVE_HASHING_THRESHOLD_DEFAULT = 2147483647
      hashSeed = 0
      entrySet = null
      serialVersionUID = 362498820763181265
      keySet = null
      values = null
    primedSTSHeader = "NoValue"
    enablemultireadofpostdata = false
    _id = "WebAppGeneratedId3"
    _attributes = null
    serialVersionUID = 7511545662945734886
    $$$tc$$$ = class com.ibm.websphere.ras.TraceComponent@f10d52e4
      strings[0] = "TraceComponent[com.ibm.ws.container.BaseConfiguration,class com.ibm.ws.container.BaseConfiguration,[],null,null]"
  webApp = class com.ibm.ws.webcontainer31.osgi.webapp.WebApp31@f948b960
    tc = class com.ibm.websphere.ras.TraceComponent@308daa84
      strings[0] = "TraceComponent[com.ibm.ws.webcontainer31.osgi.webapp.WebApp31,class com.ibm.ws.webcontainer31.osgi.webapp.WebApp31,[webcontainer],com.ibm.ws.webcontainer31.resources.Messages,null]"
    CLASS_NAME = "com.ibm.ws.webcontainer31.osgi.webapp.WebApp31"
    servlet31NLS = class com.ibm.ejs.ras.TraceNLS@e9d7c850
      resolver = class com.ibm.ws.logging.internal.TraceNLSResolver@cc0b75e
      finder = null
      ivBundleName = "com.ibm.ws.webcontainer31.resources.Messages"
      caller = class java.lang.Class@3835d192
    validListenerClasses = class java.lang.Class[7]
      validListenerClasses[0] = class java.lang.Class@75eee539
      validListenerClasses[1] = class java.lang.Class@e269fe67
      validListenerClasses[2] = class java.lang.Class@62972b0c
      validListenerClasses[3] = class java.lang.Class@b200e236
      validListenerClasses[4] = class java.lang.Class@1da5088e
      validListenerClasses[5] = class java.lang.Class@aa1ea704
      validListenerClasses[6] = class java.lang.Class@31db392f
    wsocServHandler = class com.ibm.ws.wsoc.external.WsocHandlerImpl@3fc89bfd
      tc = class com.ibm.websphere.ras.TraceComponent@832fad27
      noMoreAddsCalled = true
      serialVersionUID = -2067291126638824067
    tc = class com.ibm.websphere.ras.TraceComponent@bde5ec7f
      strings[0] = "TraceComponent[com.ibm.ws.webcontainer.osgi.webapp.WebApp,class com.ibm.ws.webcontainer.osgi.webapp.WebApp,[webcontainer],com.ibm.ws.webcontainer.resources.LShimMessages,null]"
    CLASS_NAME = "com.ibm.ws.webcontainer.osgi.webapp.WebApp"
    metaDataService = class com.ibm.ws.container.service.metadata.internal.MetaDataServiceImpl@3df6cf5e
      applicationMetaDataManager = class com.ibm.ws.container.service.metadata.internal.ApplicationMetaDataManager@cb5fe5b0
      moduleMetaDataManager = class com.ibm.ws.container.service.metadata.internal.ModuleMetaDataManager@e815965c
      componentMetaDataManager = class com.ibm.ws.container.service.metadata.internal.ComponentMetaDataManager@9c73d64a
      methodMetaDataManager = class com.ibm.ws.container.service.metadata.internal.MethodMetaDataManager@4852dd0e
      appModuleNameToModuleContainer = class java.util.concurrent.ConcurrentHashMap@ee2a6747
      jeeNameToComponentMetaData = class java.util.concurrent.ConcurrentHashMap@a4ec1205
      deferredMetaDataFactories = class com.ibm.wsspi.kernel.service.utils.ConcurrentServiceReferenceSet@ee9d29d
      deferredMetaDataInitializers = class com.ibm.wsspi.kernel.service.utils.ConcurrentServiceReferenceMap@846d3159
      serialVersionUID = -2494605732980966097
      $$$tc$$$ = class com.ibm.websphere.ras.TraceComponent@aa0984ed
    namespacePopulated = false
    referenceContext = class com.ibm.ws.injectionengine.osgi.internal.OSGiReferenceContextImpl@9c11c004
      scopeData = class com.ibm.ws.injectionengine.osgi.internal.OSGiInjectionScopeData@498f4431
      serialVersionUID = 521511923892134915
      $$$tc$$$ = class com.ibm.websphere.ras.TraceComponent@eac3471f
      CLASS_NAME = "com.ibm.ws.injectionengine.ReferenceContextImpl"
      tc = class com.ibm.websphere.ras.TraceComponent@982b86a8
      ivInjectionEngine = class com.ibm.ws.injectionengine.osgi.internal.OSGiInjectionEngineImpl@c051b191
      ivProviders = class java.util.ArrayList@cff06b13
      ivComponentJavaContext = null
      ivComponentNameSpace = null
      ivJavaColonCompEnvMap = class java.util.LinkedHashMap@3135405f
      ivEjbContext10 = class java.util.Properties@fc809838
      ivResourceRefConfigList = null
      isAlreadyProcessed = true
      ivProcessFailure = null
      ivInjectionTargetMap = class java.util.concurrent.ConcurrentHashMap@5cbfb6b7
      svInjTarMapCacheSize = 256
      ivDeclaredInjectionTargets = class java.util.HashMap@2579a53e
      ivProcessedInjectionClasses = class java.util.HashSet@a3a68f2e
      ivProcessedInjectionBindings = class java.util.LinkedHashSet@6774c6f6
      ivAnyProcessDynamic = true
      ivCheckAppConfig = false
    j2eeNameFactory = class com.ibm.ws.container.service.metadata.internal.J2EENameFactoryImpl@461b5ede
      serialVersionUID = 3486344295038028821
      $$$tc$$$ = class com.ibm.websphere.ras.TraceComponent@584602d6
    moduleLoader = class com.ibm.ws.classloading.internal.AppClassLoader@739c38c2
      tc = class com.ibm.websphere.ras.TraceComponent@b4b321d7
      PARENT_FIRST_SEARCH_ORDER = class java.util.Collections$UnmodifiableRandomAccessList@5eca9fb
      CLASS_LOADING_TRACE_PREFIX = "com.ibm.ws.class.load."
      DEFAULT_PACKAGE = "default.package"
      perPackageClassLoadingTraceComponents = class java.util.concurrent.ConcurrentHashMap@9475755f
      config = class com.ibm.ws.classloading.internal.ClassLoaderConfigurationImpl@60ffeee
      privateLibraries = null
      delegateLoaders = class com.ibm.ws.classloading.internal.util.CompositeIterable@928025aa
      nativeLibraryFiles = class java.util.ArrayList@14bfdfac
      transformers = class java.util.ArrayList@e207cd6a
      apiAccess = class com.ibm.ws.classloading.internal.GatewayClassLoader@1c0f051b
      generator = class com.ibm.ws.classloading.internal.ClassGeneratorManager@e18ba557
      protectionDomains = class java.util.concurrent.ConcurrentHashMap@24a0e6d0
      parent = class com.ibm.ws.classloading.internal.GatewayClassLoader@1c0f051b
      serialVersionUID = -2240525179349384666
      tc = class com.ibm.websphere.ras.TraceComponent@1411c6e6
      EMPTY_URL_ARRAY = class java.net.URL[0]
      smartClassPath = class com.ibm.ws.classloading.internal.ContainerClassLoader$SmartClassPathImpl@34ea82f2
      nativeLibraryContainers = class java.util.ArrayList@b840ab0c
      redefiner = class com.ibm.ws.classloading.internal.util.ClassRedefiner@89587f38
      mapCreationQueue = class java.util.concurrent.Executors$FinalizableDelegatedExecutorService@1168d4cc
      serialVersionUID = 7249739282446266343
      serialVersionUID = -7411549862368381758
      $$$tc$$$ = class com.ibm.websphere.ras.TraceComponent@ccb6674c
      serialVersionUID = -4868702105808481416
      $$$tc$$$ = class com.ibm.websphere.ras.TraceComponent@3f9e9a1
      serialVersionUID = 2596921220292114344
      $$$tc$$$ = class com.ibm.websphere.ras.TraceComponent@e5a910ac
      initialized = true
      pdcache = class java.util.HashMap@376e3bba
      debug = null
      defaultCodeSource = class java.security.CodeSource@135c5b19
      bootstrapClassLoader = class com.ibm.oti.vm.BootstrapClassLoader@8452cb73
      applicationClassLoader = class sun.misc.Launcher$AppClassLoader@2aad0659
      initSystemClassLoader = false
      reflectCacheEnabled = true
      reflectCacheAppOnly = true
      reflectCacheDebug = false
      vmRef = 139679584428688
      parent = class com.ibm.ws.classloading.internal.GatewayClassLoader@1c0f051b
      initDone = true
      checkAssertionOptions = false
      assertionLock = class java.lang.ClassLoader$AssertionLock@2935afaf
      defaultAssertionStatus = false
      packageAssertionStatus = null
      classAssertionStatus = null
      packages = class java.util.Hashtable@cf2b7fac
      lazyInitLock = class java.lang.ClassLoader$LazyInitLock@82e5ea42
      classSigners = null
      packageSigners = class java.util.Hashtable@c99ed2f8
      emptyCertificates = class java.security.cert.Certificate[0]
      defaultProtectionDomain = null
      parallelCapableCollection = class java.util.Collections$SynchronizedMap@1b0fe12c
      classNameBasedLock = null
      isParallelCapable = false
      allowArraySyntax = false
      lazyClassLoaderInit = true
      queue = class java.lang.ref.ReferenceQueue@2b36a62f
      methodCache = class java.util.Hashtable@64250e3f
      fieldCache = class java.util.Hashtable@1f887c94
      constructorCache = class java.util.Hashtable@79c61f10
    webAppConfig = class com.ibm.ws.webcontainer.osgi.webapp.WebAppConfiguration@3489d526
    extensionProcessingDisabled = false
    managedObjectService = class com.ibm.ws.cdi.impl.managedobject.CDIManagedObjectService@c8e2b09c
      cdiServiceRef = class com.ibm.wsspi.kernel.service.utils.AtomicServiceReference@db3d1785
      defaultMOSRef = class com.ibm.wsspi.kernel.service.utils.AtomicServiceReference@b20268d2
      cdiRuntime = class com.ibm.ws.cdi.liberty.CDIRuntimeImpl@bbd73ace
      serialVersionUID = -2697988188171262037
      $$$tc$$$ = class com.ibm.websphere.ras.TraceComponent@90485661
    GenPluginCfgMB = null
    internalServletMetaData = interface com.ibm.wsspi.webcontainer.metadata.WebComponentMetaData[2]
      internalServletMetaData[0] = null
      internalServletMetaData[1] = null
    loginProcessor = null
    logoutProcessor = null
    collabHelper = class com.ibm.ws.webcontainer.osgi.collaborator.CollaboratorHelperImpl@90cab1b7
    envObject = class com.ibm.ws.util.WSThreadLocal@fae052d6
      tc = class com.ibm.ejs.ras.TraceComponent@695d3ef9
      count = 9
      index = 3
      SUSPECTED_MISUSAGE_THRESHOLD = 200
      threadLocalHashCode = -116154358
      nextHashCode = class java.util.concurrent.atomic.AtomicInteger@45a88a99
      HASH_INCREMENT = 1640531527
    orderedLibPaths = class java.util.Collections$UnmodifiableRandomAccessList@c043fa35
    perm = class com.ibm.websphere.security.WebSphereRuntimePermission@ba9af3a8
      serialVersionUID = -3306242789188168337
      $$$tc$$$ = class com.ibm.websphere.ras.TraceComponent@be615a82
      serialVersionUID = 6279438298436773498
      wildcard = false
      path = "accessServletContext"
      exitVM = false
      serialVersionUID = -5636570222231596674
      name = "accessServletContext"
    WELCOME_FILE_LIST = "com.ibm.ws.webcontainer.config.WelcomeFileList"
    DIR_BROWSING_MAPPING = "__dirBrowsing__1505936302914"
    FILTER_PROXY_MAPPING = "/__filterProxy__1505936302914"
    logger = class com.ibm.ws.logging.internal.WsLogger@b1a2c92
    CLASS_NAME = "com.ibm.ws.webcontainer.webapp.WebApp"
    loader = class com.ibm.ws.classloading.internal.ThreadContextClassLoader@c4a22bce
      tc = class com.ibm.websphere.ras.TraceComponent@8bae6ccc
      bundle = class java.util.concurrent.atomic.AtomicReference@c46469d
      key = "WebModule:ccb#ccb.war"
      refCount = class java.util.concurrent.atomic.AtomicInteger@53ef6775
      appLoader = class com.ibm.ws.classloading.internal.AppClassLoader@739c38c2
      serialVersionUID = 7093379526360135425
      followOnClassLoaders = class java.util.ArrayList@d5dc8dac
      serialVersionUID = -5107316606107305512
      $$$tc$$$ = class com.ibm.websphere.ras.TraceComponent@413200b4
      serialVersionUID = -4868702105808481416
      $$$tc$$$ = class com.ibm.websphere.ras.TraceComponent@3f9e9a1
      serialVersionUID = 2596921220292114344
      $$$tc$$$ = class com.ibm.websphere.ras.TraceComponent@e5a910ac
      initialized = true
      pdcache = class java.util.HashMap@476de3ba
      debug = null
      defaultCodeSource = class java.security.CodeSource@135c5b19
      bootstrapClassLoader = class com.ibm.oti.vm.BootstrapClassLoader@8452cb73
      applicationClassLoader = class sun.misc.Launcher$AppClassLoader@2aad0659
      initSystemClassLoader = false
      reflectCacheEnabled = true
      reflectCacheAppOnly = true
      reflectCacheDebug = false
      vmRef = 139679852996384
      parent = class com.ibm.ws.classloading.internal.GatewayClassLoader@10d74a31
      initDone = true
      checkAssertionOptions = false
      assertionLock = class java.lang.ClassLoader$AssertionLock@e5101612
      defaultAssertionStatus = false
      packageAssertionStatus = null
      classAssertionStatus = null
      packages = null
      lazyInitLock = class java.lang.ClassLoader$LazyInitLock@5dc1172f
      classSigners = null
      packageSigners = null
      emptyCertificates = class java.security.cert.Certificate[0]
      defaultProtectionDomain = null
      parallelCapableCollection = class java.util.Collections$SynchronizedMap@1b0fe12c
      classNameBasedLock = null
      isParallelCapable = false
      allowArraySyntax = false
      lazyClassLoaderInit = true
      queue = class java.lang.ref.ReferenceQueue@2b36a62f
      methodCache = null
      fieldCache = null
      constructorCache = null
    facade = class com.ibm.ws.webcontainer31.facade.ServletContextFacade31@bc5287fa
      context = class com.ibm.ws.webcontainer31.osgi.webapp.WebApp31@f948b960
    features = class java.util.ArrayList@de6ce00c
      serialVersionUID = 8683452581122892189
      DEFAULT_CAPACITY = 10
      EMPTY_ELEMENTDATA = class java.lang.Object[0]
      elementData = class java.lang.Object[0]
      size = 0
      MAX_ARRAY_SIZE = 2147483639
      modCount = 0
      MAX_ARRAY_SIZE = 2147483639
    applicationName = "ccb"
    config = class com.ibm.ws.webcontainer.osgi.webapp.WebAppConfiguration@3489d526
    securityEnabledForApp = true
    webExtensionProcessor = class com.ibm.ws.webcontainer.osgi.extension.WebExtensionProcessor@dbd37ec4
      webApp = class com.ibm.ws.webcontainer31.osgi.webapp.WebApp31@f948b960
      extensionContext = class com.ibm.ws.webcontainer31.osgi.webapp.WebApp31@f948b960
    production = true
    isServlet23 = true
    contextPath = "/ccb"
    internalServletList = class [Ljava.lang.String;[2]
      internalServletList[0] = class java.lang.String[2]
      internalServletList[1] = class java.lang.String[2]
    BY_NAME_ONLY = "/_1505936496434_/"
    filterManager = class com.ibm.ws.webcontainer.osgi.filter.WebAppFilterManagerImpl@56dc7c62
    documentRoot = null
    SERVLET_API_VERSION = "Servlet 2.5"
    disableServletAuditLogging = -1
    serverInfo = "IBM WebSphere Liberty/17.0.0.2"
    sessionCtx = class com.ibm.ws.webcontainer31.session.impl.HttpSessionContext31Impl@5fcf5b2b
      methodClassName = "HttpSessionContextImpl"
      _smc = class com.ibm.ws.session.SessionManagerConfig@89d08166
      sessionStoreService = null
      _sap = class com.ibm.ws.session.SessionApplicationParameters@fcae88
      _coreHttpSessionManager = class com.ibm.ws.session.SessionManager@d0c31ff6
      _coreHttpAppSessionManager = null
      _sam = class com.ibm.ws.webcontainer.session.impl.SessionAffinityManagerImpl@9cefc4ed
      isSIPApplication = false
      sessionAttributeListener = false
      sessionListener = true
      mHttpSessionAttributeListeners = class java.util.ArrayList@e8c1e3d1
      mHttpSessionListeners = class java.util.ArrayList@b1d052c8
      mHttpSessionIdListeners = class java.util.ArrayList@a2442cdf
      mHttpSessionAttributeListenersJ2eeNames = class java.util.ArrayList@44dc66bb
      mHttpSessionListenersJ2eeNames = class java.util.ArrayList@b21dfd3f
      mHttpSessionIdListenersJ2eeNames = class java.util.ArrayList@48148e53
      mLocalHost = null
      _refCount = 1
      currentThreadSacHashtable = null
      methodClassName = "SessionContext"
      ANONYMOUS_USER = "anonymous"
      wasHttpSessionObserver = class com.ibm.ws.session.WasHttpSessionObserver@5ef9700f
      wasHttpSessionAttributeObserver = null
      _invalidator = class com.ibm.ws.session.SessionInvalidatorWithThreadPool@2da4cfd8
      _storer = class com.ibm.ws.session.EOSSessionStorer@b5c72e42
      wasHttpAppSessionObserver = null
      mHttpAppSessionListeners = null
      cmvcInfo = "CMVC Version 1.9 6/24/07 11:12:24"
      _loggedVersion = true
      CREATE_CORE_SESSION_MANAGER = 0
      GET_REQUESTED_SESSION_ID = 1
      GET_IHTTP_SESSION = 2
      SESSION_PRE_INVOKE = 3
      SESSION_POST_INVOKE = 4
      STOP = 5
      STOP_LISTENERS = 6
      IS_VALID = 7
      ENCODE_URL = 8
      SHOULD_ENCODE_URL = 9
      IS_PROTOCOL_SWITCH = 10
      GET_LOCAL_HOST = 11
      ADD_HTTP_SESSION_ATTRIBUTE_LISTENER = 12
      ADD_HTTP_SESSION_LISTENER = 13
      GET_SESSION_AFFINITY_CONTEXT = 14
      CHECK_SECURITY = 15
      INVALIDATE = 16
      CHECK_SESSSIONID_IS_RIGHT_LENGTH = 17
      LOCK_SESSION = 18
      UNLOCK_SESSION = 19
      ADD_HTTP_SESSION_ID_LISTENER = 20
      methodNames = class java.lang.String[21]
    eventSource = class com.ibm.ws.webcontainer.webapp.WebAppEventSource@a3334a15
    nls = class com.ibm.ejs.ras.TraceNLS@cb85ba60
      resolver = class com.ibm.ws.logging.internal.TraceNLSResolver@cc0b75e
      finder = null
      ivBundleName = "com.ibm.ws.webcontainer.resources.Messages"
      caller = class java.lang.Class@4c23b9b1
    liberty_nls = class com.ibm.ejs.ras.TraceNLS@1e2237c6
      resolver = class com.ibm.ws.logging.internal.TraceNLSResolver@cc0b75e
      finder = null
      ivBundleName = "com.ibm.ws.webcontainer.resources.LShimMessages"
      caller = class java.lang.Class@4c23b9b1
    error_nls = class com.ibm.ejs.ras.TraceNLS@41e111d5
      resolver = class com.ibm.ws.logging.internal.TraceNLSResolver@cc0b75e
      finder = null
      ivBundleName = "com.ibm.ws.webcontainer.resources.ErrorPage"
      caller = class java.lang.Class@4c23b9b1
    sessionListeners = class java.util.ArrayList@af3d9020
      serialVersionUID = 8683452581122892189
      DEFAULT_CAPACITY = 10
      EMPTY_ELEMENTDATA = class java.lang.Object[0]
      elementData = class java.lang.Object[10]
      size = 1
      MAX_ARRAY_SIZE = 2147483639
      modCount = 2
      MAX_ARRAY_SIZE = 2147483639
    sessionIdListeners = class java.util.ArrayList@c9a62d99
      serialVersionUID = 8683452581122892189
      DEFAULT_CAPACITY = 10
      EMPTY_ELEMENTDATA = class java.lang.Object[0]
      elementData = class java.lang.Object[0]
      size = 0
      MAX_ARRAY_SIZE = 2147483639
      modCount = 0
      MAX_ARRAY_SIZE = 2147483639
    sessionAttrListeners = class java.util.ArrayList@ae517897
      serialVersionUID = 8683452581122892189
      DEFAULT_CAPACITY = 10
      EMPTY_ELEMENTDATA = class java.lang.Object[0]
      elementData = class java.lang.Object[0]
      size = 0
      MAX_ARRAY_SIZE = 2147483639
      modCount = 1
      MAX_ARRAY_SIZE = 2147483639
    addedSessionListeners = class java.util.ArrayList@e440b49e
      serialVersionUID = 8683452581122892189
      DEFAULT_CAPACITY = 10
      EMPTY_ELEMENTDATA = class java.lang.Object[0]
      elementData = class java.lang.Object[0]
      size = 0
      MAX_ARRAY_SIZE = 2147483639
      modCount = 0
      MAX_ARRAY_SIZE = 2147483639
    addedSessionAttrListeners = class java.util.ArrayList@4d268e28
      serialVersionUID = 8683452581122892189
      DEFAULT_CAPACITY = 10
      EMPTY_ELEMENTDATA = class java.lang.Object[0]
      elementData = class java.lang.Object[0]
      size = 0
      MAX_ARRAY_SIZE = 2147483639
      modCount = 0
      MAX_ARRAY_SIZE = 2147483639
    servletContextListeners = class java.util.ArrayList@57eae860
      serialVersionUID = 8683452581122892189
      DEFAULT_CAPACITY = 10
      EMPTY_ELEMENTDATA = class java.lang.Object[0]
      elementData = class java.lang.Object[10]
      size = 4
      MAX_ARRAY_SIZE = 2147483639
      modCount = 5
      MAX_ARRAY_SIZE = 2147483639
    servletContextLAttrListeners = class java.util.ArrayList@b81b2f66
      serialVersionUID = 8683452581122892189
      DEFAULT_CAPACITY = 10
      EMPTY_ELEMENTDATA = class java.lang.Object[0]
      elementData = class java.lang.Object[0]
      size = 0
      MAX_ARRAY_SIZE = 2147483639
      modCount = 1
      MAX_ARRAY_SIZE = 2147483639
    servletRequestListeners = class java.util.ArrayList@c8a6c801
      serialVersionUID = 8683452581122892189
      DEFAULT_CAPACITY = 10
      EMPTY_ELEMENTDATA = class java.lang.Object[0]
      elementData = class java.lang.Object[0]
      size = 0
      MAX_ARRAY_SIZE = 2147483639
      modCount = 1
      MAX_ARRAY_SIZE = 2147483639
    servletRequestLAttrListeners = class java.util.ArrayList@647f7c70
      serialVersionUID = 8683452581122892189
      DEFAULT_CAPACITY = 10
      EMPTY_ELEMENTDATA = class java.lang.Object[0]
      elementData = class java.lang.Object[0]
      size = 0
      MAX_ARRAY_SIZE = 2147483639
      modCount = 1
      MAX_ARRAY_SIZE = 2147483639
    prependSlashToResource = false
    destroyed = false
    webAppNameSpaceCollab = class com.ibm.ws.webcontainer.osgi.collaborator.WebAppNameSpaceCollaboratorImpl@6d64f035
    txCollab = class com.ibm.ws.transaction.services.WebAppTransactionCollaboratorImpl@e17d2e0f
    sessionActivationListeners = class java.util.ArrayList@f7f59e9e
      serialVersionUID = 8683452581122892189
      DEFAULT_CAPACITY = 10
      EMPTY_ELEMENTDATA = class java.lang.Object[0]
      elementData = class java.lang.Object[0]
      size = 0
      MAX_ARRAY_SIZE = 2147483639
      modCount = 1
      MAX_ARRAY_SIZE = 2147483639
    sessionBindingListeners = class java.util.ArrayList@b0117a1d
      serialVersionUID = 8683452581122892189
      DEFAULT_CAPACITY = 10
      EMPTY_ELEMENTDATA = class java.lang.Object[0]
      elementData = class java.lang.Object[0]
      size = 0
      MAX_ARRAY_SIZE = 2147483639
      modCount = 1
      MAX_ARRAY_SIZE = 2147483639
    scratchdir = null
    jspClassLoaderLimit = 0
    jspClassLoaderExclusionList = null
    jspClassLoadersMap = null
    jspClassLoaderLimitTrackIF = false
    defaultExtProc = null
    directoryBrowsingServlet = null
    cdiContexts = class java.util.concurrent.ConcurrentHashMap@73f37f79
      serialVersionUID = 7249069246763182397
      DEFAULT_INITIAL_CAPACITY = 16
      DEFAULT_LOAD_FACTOR = 0.75
      DEFAULT_CONCURRENCY_LEVEL = 16
      MAXIMUM_CAPACITY = 1073741824
      MAX_SEGMENTS = 65536
      RETRIES_BEFORE_LOCK = 2
      hashSeed = 0
      segmentMask = 15
      segmentShift = 28
      segments = class java.util.concurrent.ConcurrentHashMap$Segment[16]
      keySet = null
      entrySet = null
      values = null
      UNSAFE = class sun.misc.Unsafe@26c52c91
      HASHSEED_OFFSET = 32
      SEGSHIFT_OFFSET = 40
      SEGMASK_OFFSET = 36
      SEGMENTS_OFFSET = 16
      keySet = null
      values = null
    moduleConfig = class com.ibm.ws.webcontainer.osgi.container.DeployedModule@74f08a61
      tc = class com.ibm.websphere.ras.TraceComponent@7e90e41f
      loader = class com.ibm.ws.classloading.internal.ThreadContextClassLoader@c4a22bce
      webApp = class com.ibm.ws.webcontainer31.osgi.webapp.WebApp31@f948b960
      webAppConfig = class com.ibm.ws.webcontainer.osgi.webapp.WebAppConfiguration@3489d526
      contextRootAdded = null
      properContextRoot = "/ccb"
      mappingContextRoot = "/ccb/*"
      serialVersionUID = -2104814060051592457
      $$$tc$$$ = class com.ibm.websphere.ras.TraceComponent@6d826147
    extensionFactories = class java.util.ArrayList@626fd5fa
      serialVersionUID = 8683452581122892189
      DEFAULT_CAPACITY = 10
      EMPTY_ELEMENTDATA = class java.lang.Object[0]
      elementData = class java.lang.Object[10]
      size = 4
      MAX_ARRAY_SIZE = 2147483639
      modCount = 14
      MAX_ARRAY_SIZE = 2147483639
    initialized = true
    lock = class com.ibm.ws.webcontainer.webapp.WebApp$1@da79e8b
      this$0 = class com.ibm.ws.webcontainer31.osgi.webapp.WebApp31@f948b960
    afterServletContextCreated = false
    redirectContextRoot = false
    errorExceptionTypeFirst = false
    initFilterBeforeServletInit = false
    sortedServletConfigs = class java.util.ArrayList@21bdc864
      serialVersionUID = 8683452581122892189
      DEFAULT_CAPACITY = 10
      EMPTY_ELEMENTDATA = class java.lang.Object[0]
      elementData = class java.lang.Object[10]
      size = 1
      MAX_ARRAY_SIZE = 2147483639
      modCount = 1
      MAX_ARRAY_SIZE = 2147483639
    effectiveMajorVersion = 3
    effectiveMinorVersion = 0
    canAddServletContextListener = true
    withinContextInitOfProgAddListener = false
    lastProgAddListenerInitialized = "com.ibm.ws.cache.CacheServiceImpl"
    webInfLibClassloader = null
    metaInfCache = class com.ibm.ws.webcontainer.webapp.WebApp$2@6396cb9a
      this$0 = class com.ibm.ws.webcontainer31.osgi.webapp.WebApp31@f948b960
      serialVersionUID = 3801124242820219131
      header = class java.util.LinkedHashMap$Entry@e9e006eb
      accessOrder = true
      DEFAULT_INITIAL_CAPACITY = 16
      MAXIMUM_CAPACITY = 1073741824
      DEFAULT_LOAD_FACTOR = 0.75
      EMPTY_TABLE = class java.util.HashMap$Entry[0]
      table = class java.util.HashMap$Entry[0]
      size = 0
      threshold = 21
      loadFactor = 1.0
      modCount = 0
      ALTERNATIVE_HASHING_THRESHOLD_DEFAULT = 2147483647
      hashSeed = 0
      entrySet = null
      serialVersionUID = 362498820763181265
      keySet = null
      values = null
    useMetaInfCache = true
    SUN_CONFIGURE_LISTENER_CLASSNAME = "com.sun.faces.config.ConfigureListener"
    MYFACES_LIFECYCLE_LISTENER_CLASSNAME = "org.apache.myfaces.webapp.StartupServletContextListener"
    JSF_IMPL_ENABLED_PARAM = "com.ibm.ws.jsf.JSF_IMPL_ENABLED"
    JSF_IMPL_ENABLED_CUSTOM = "Custom"
    JSF_IMPL_ENABLED_NONE = "None"
    staticDocRoot = class com.ibm.ws.webcontainer.util.DocumentRootUtils@ecb60482
      logger = class com.ibm.ws.logging.internal.WsLogger@8722552a
      CLASS_NAME = "com.ibm.ws.webcontainer.util.DocumentRootUtils"
      useContentLength = false
      matchedFile = null
      matchedZipFile = null
      matchedEntry = null
      matchedURL = null
      edrRoot = null
      pfedrRoot = null
      ctxt = class com.ibm.ws.webcontainer31.osgi.webapp.WebApp31@f948b960
      baseDir = null
      edr = null
      pfedr = null
      metaInfRes = null
      searchpfEDR = false
      searchEDR = false
      searchMetaInfRes = true
      matchFromEDR = false
      matchFromMetaInfRes = false
      matchIsADirectory = false
      appConfig = class com.ibm.ws.webcontainer.osgi.webapp.WebAppConfiguration@3489d526
      attributeType = "staticFile"
      STATIC_FILE = "staticFile"
      JSP = "jsp"
      PFEDR = "preFragmentExtendedDocumentRoot"
      EDR = "extendedDocumentRoot"
    jspDocRoot = class com.ibm.ws.webcontainer.util.DocumentRootUtils@25eb0d93
      logger = class com.ibm.ws.logging.internal.WsLogger@8722552a
      CLASS_NAME = "com.ibm.ws.webcontainer.util.DocumentRootUtils"
      useContentLength = false
      matchedFile = null
      matchedZipFile = null
      matchedEntry = null
      matchedURL = null
      edrRoot = null
      pfedrRoot = null
      ctxt = class com.ibm.ws.webcontainer31.osgi.webapp.WebApp31@f948b960
      baseDir = null
      edr = null
      pfedr = null
      metaInfRes = null
      searchpfEDR = false
      searchEDR = false
      searchMetaInfRes = true
      matchFromEDR = false
      matchFromMetaInfRes = false
      matchIsADirectory = false
      appConfig = class com.ibm.ws.webcontainer.osgi.webapp.WebAppConfiguration@3489d526
      attributeType = "jsp"
      STATIC_FILE = "staticFile"
      JSP = "jsp"
      PFEDR = "preFragmentExtendedDocumentRoot"
      EDR = "extendedDocumentRoot"
    container = class com.ibm.ws.adaptable.module.internal.AdaptableContainerImpl@688e6503
      root = class com.ibm.ws.adaptable.module.internal.AdaptableContainerImpl@688e6503
      rootOverlay = class com.ibm.ws.artifact.overlay.internal.DirectoryBasedOverlayContainerImpl@1df53c56
      factoryHolder = class com.ibm.ws.adaptable.module.internal.AdaptableModuleFactoryImpl@194ab60f
      delegate = class com.ibm.ws.artifact.overlay.internal.DirectoryBasedOverlayContainerImpl@1df53c56
      notifier = class com.ibm.ws.adaptable.module.internal.NotifierImpl@efe71ce3
      serialVersionUID = -5621513278641113667
      $$$tc$$$ = class com.ibm.websphere.ras.TraceComponent@60077af4
    metaInfResourceFinder = class com.ibm.ws.webcontainer.util.MetaInfResourceFinder@f19106c1
      jarResourceContainers = class java.util.ArrayList@33065c04
      container = class com.ibm.ws.adaptable.module.internal.AdaptableContainerImpl@688e6503
    postConstructMethods = class com.ibm.ws.webcontainer.webapp.WebApp$AnnotatedMethods@6afb047f
      annotationClass = class java.lang.Class@e190b823
      noOpClassNames = class java.util.HashSet@cff9760f
      annotatedMethodNames = class java.util.concurrent.ConcurrentHashMap@c3090753
      EMPTY_METHODS = class java.lang.reflect.Method[0]
    preDestroyMethods = class com.ibm.ws.webcontainer.webapp.WebApp$AnnotatedMethods@d62f7a3c
      annotationClass = class java.lang.Class@c0795929
      noOpClassNames = class java.util.HashSet@96dc8861
      annotatedMethodNames = class java.util.concurrent.ConcurrentHashMap@86668618
      EMPTY_METHODS = class java.lang.reflect.Method[0]
    OBJ_EMPTY = class java.lang.Object[0]
    CLASS_EMPTY = class java.lang.Class[0]
    DEFAULT_JSP_EXTENSIONS = class java.util.ArrayList@e20f614f
      serialVersionUID = 8683452581122892189
      DEFAULT_CAPACITY = 10
      EMPTY_ELEMENTDATA = class java.lang.Object[0]
      elementData = class java.lang.Object[10]
      size = 4
      MAX_ARRAY_SIZE = 2147483639
      modCount = 4
      MAX_ARRAY_SIZE = 2147483639
    DEFER_SERVLET_REQUEST_LISTENER_DESTROY_ON_ERROR = false
    DO_ACCEPT_PARTIAL = true
    DO_NOT_ACCEPT_PARTIAL = false
    DO_ACCEPT_EXCLUDED = true
    DO_NOT_ACCEPT_EXCLUDED = false
    commands = class java.util.ArrayList@fa690de5
      serialVersionUID = 8683452581122892189
      DEFAULT_CAPACITY = 10
      EMPTY_ELEMENTDATA = class java.lang.Object[0]
      elementData = class java.lang.Object[3]
      size = 0
      MAX_ARRAY_SIZE = 2147483639
      modCount = 0
      MAX_ARRAY_SIZE = 2147483639
    requestMapper = class com.ibm.wsspi.webcontainer.util.URIMapper@9469fd0
      matcher = class com.ibm.wsspi.webcontainer.util.URIMatcher@9cd67c2f
    parent = class com.ibm.ws.webcontainer.osgi.webapp.WebGroup@5940d8a5
      tc = class com.ibm.websphere.ras.TraceComponent@b17409c0
      logger = class com.ibm.ws.logging.internal.WsLogger@b1a2c92
      CLASS_NAME = "com.ibm.ws.webcontainer.webapp.WebGroup"
      sessUrlRewritePrefix = ";jsessionid="
      qMark = "?"
      config = class com.ibm.ws.webcontainer.osgi.webapp.WebGroupConfiguration@e18d7c13
      webApp = class com.ibm.ws.webcontainer31.osgi.webapp.WebApp31@f948b960
      commands = class java.util.ArrayList@5fc5e33e
      requestMapper = null
      parent = class com.ibm.ws.webcontainer.osgi.DynamicVirtualHost@4e989578
      name = "/ccb/*"
      isAlive = true
      subElements = class java.util.HashMap@cbb86528
      attributes = null
      config = null
      serialVersionUID = -8271459000149267764
      $$$tc$$$ = class com.ibm.websphere.ras.TraceComponent@b033f657
    name = "ccb"
    isAlive = true
    subElements = null
    attributes = class java.util.Collections$SynchronizedMap@9347d715
      serialVersionUID = 1978198479659022715
      m = class java.util.HashMap@22747ea3
      mutex = class java.util.Collections$SynchronizedMap@9347d715
      keySet = null
      entrySet = null
      values = null
    config = null
    serialVersionUID = -8271459000149267764
    $$$tc$$$ = class com.ibm.websphere.ras.TraceComponent@b033f657
      strings[0] = "TraceComponent[com.ibm.ws.container.AbstractContainer,class com.ibm.ws.container.AbstractContainer,[],null,null]"
  collabHelper = class com.ibm.ws.webcontainer.osgi.collaborator.CollaboratorHelperImpl@90cab1b7
    webAppInvCollabs = class java.util.Collections$UnmodifiableSet@a0a72d02
      serialVersionUID = -9215047833775013803
      serialVersionUID = 1820017752578914078
      c = class java.util.concurrent.CopyOnWriteArraySet@bd3ccf3c
    securityDomainForApp = null
    logger = class com.ibm.ws.logging.internal.WsLogger@c95c0215
      tc = class com.ibm.websphere.ras.TraceComponent@129d9594
      ivCachedResourceBundleName = null
      ivCachedResourceBundle = null
      ivComponent = null
      ivOrganization = null
      ivProduct = null
      ivMinimumLocalizationLevelIntValue = 625
      ivTC = class com.ibm.websphere.ras.TraceComponent@73865aa
      loggerRegistrationComponent = class java.lang.ThreadLocal@881867c8
      emptyHandlers = class java.util.logging.Handler[0]
      offValue = 2147483647
      manager = class com.ibm.ws.kernel.boot.logging.WsLogManager@4c024217
      name = "com.ibm.ws.webcontainer.collaborator"
      handlers = class java.util.concurrent.CopyOnWriteArrayList@39d0f92d
      resourceBundleName = "com.ibm.ws.webcontainer.resources.Messages"
      useParentHandlers = true
      filter = null
      anonymous = false
      catalog = class com.ibm.ws.webcontainer.resources.Messages@bdf48a83
      catalogName = "com.ibm.ws.webcontainer.resources.Messages"
      catalogLocale = class java.util.Locale@e6c5814a
      treeLock = class java.lang.Object@c1b0ec20
      parent = class com.ibm.ws.logging.internal.WsLogger@b55ca496
      kids = null
      levelObject = class java.util.logging.Level@2d29dfb9
      levelValue = 800
      callersClassLoaderRef = class java.lang.ref.WeakReference@125eb48c
      isSystemLogger = false
      GLOBAL_LOGGER_NAME = "global"
      global = class java.util.logging.Logger@80f4e97e
      SYSTEM_LOGGER_RB_NAME = "sun.util.logging.resources.logging"
    staticDefaultSecurityCollaborator = class com.ibm.ws.webcontainer.collaborator.WebAppSecurityCollaborator@e06a2f2e
    logger = class com.ibm.ws.logging.internal.WsLogger@e888bbdc
      tc = class com.ibm.websphere.ras.TraceComponent@129d9594
      ivCachedResourceBundleName = null
      ivCachedResourceBundle = null
      ivComponent = null
      ivOrganization = null
      ivProduct = null
      ivMinimumLocalizationLevelIntValue = 625
      ivTC = class com.ibm.websphere.ras.TraceComponent@52e9dd32
      loggerRegistrationComponent = class java.lang.ThreadLocal@881867c8
      emptyHandlers = class java.util.logging.Handler[0]
      offValue = 2147483647
      manager = class com.ibm.ws.kernel.boot.logging.WsLogManager@4c024217
      name = "com.ibm.wsspi.webcontainer.collaborator"
      handlers = class java.util.concurrent.CopyOnWriteArrayList@cb68b09b
      resourceBundleName = "com.ibm.ws.webcontainer.resources.Messages"
      useParentHandlers = true
      filter = null
      anonymous = false
      catalog = class com.ibm.ws.webcontainer.resources.Messages@bdf48a83
      catalogName = "com.ibm.ws.webcontainer.resources.Messages"
      catalogLocale = class java.util.Locale@e6c5814a
      treeLock = class java.lang.Object@c1b0ec20
      parent = class com.ibm.ws.logging.internal.WsLogger@90983b7b
      kids = null
      levelObject = class java.util.logging.Level@2d29dfb9
      levelValue = 800
      callersClassLoaderRef = class java.lang.ref.WeakReference@5ee68b38
      isSystemLogger = false
      GLOBAL_LOGGER_NAME = "global"
      global = class java.util.logging.Logger@80f4e97e
      SYSTEM_LOGGER_RB_NAME = "sun.util.logging.resources.logging"
    CLASS_NAME = "com.ibm.wsspi.webcontainer.collaborator.CollaboratorHelper"
    webApp = class com.ibm.ws.webcontainer31.osgi.webapp.WebApp31@f948b960
    securityCollaborator = class com.ibm.ws.webcontainer.security.WebAppSecurityCollaboratorImpl@e5817de8
    nameSpaceCollaborator = class com.ibm.ws.webcontainer.osgi.collaborator.WebAppNameSpaceCollaboratorImpl@6d64f035
    transactionCollaborator = class com.ibm.ws.transaction.services.WebAppTransactionCollaboratorImpl@e17d2e0f
      tc = class com.ibm.websphere.ras.TraceComponent@7985f4b2
      ltCurrentRef = class com.ibm.wsspi.kernel.service.utils.AtomicServiceReference@864d7da8
      tranMgrRef = class com.ibm.wsspi.kernel.service.utils.AtomicServiceReference@709ff2e7
      userTranRef = class com.ibm.wsspi.kernel.service.utils.AtomicServiceReference@5e8404d7
      uowCallbackRef = class com.ibm.wsspi.kernel.service.utils.AtomicServiceReference@95fe6996
      serialVersionUID = -8319003162899973281
    connectionCollaborator = class com.ibm.ws.webcontainer.collaborator.ConnectionCollaborator@35c61559
    allCollabEnum = class java.util.RegularEnumSet@9127f422
      serialVersionUID = 3411599620347842686
      elements = 511
      elementType = class java.lang.Class@fc163781
      universe = class com.ibm.wsspi.webcontainer.collaborator.CollaboratorInvocationEnum[9]
      ZERO_LENGTH_ENUM_ARRAY = class java.lang.Enum[0]
      MAX_ARRAY_SIZE = 2147483639
    servlet_23_or_greater = true
    DEFER_SERVLET_REQUEST_LISTENER_DESTROY_ON_ERROR = false
  webAppNameSpaceCollab = class com.ibm.ws.webcontainer.osgi.collaborator.WebAppNameSpaceCollaboratorImpl@6d64f035
    cmdai = class com.ibm.ws.threadContext.ComponentMetaDataAccessorImpl@c76a8b7b
      tc = class com.ibm.websphere.ras.TraceComponent@343b9a06
      cmdai = class com.ibm.ws.threadContext.ComponentMetaDataAccessorImpl@c76a8b7b
      threadContext = class com.ibm.ws.threadContext.ThreadContextImpl@fc3b1a87
      defaultCMD = null
  secCollab = class com.ibm.ws.webcontainer.security.WebAppSecurityCollaboratorImpl@e5817de8
    tc = class com.ibm.websphere.ras.TraceComponent@594e7f39
      strings[0] = "TraceComponent[com.ibm.ws.webcontainer.security.WebAppSecurityCollaboratorImpl,class com.ibm.ws.webcontainer.security.WebAppSecurityCollaboratorImpl,[WebAppSecurity],com.ibm.ws.webcontainer.security.resources.WebAppSecurityMessages,null]"
    KEY_ID = "id"
    KEY_SERVICE_ID = "service.id"
    KEY_COMPONENT_NAME = "component.name"
    KEY_SECURITY_SERVICE = "securityService"
    KEY_TAI_SERVICE = "taiService"
    KEY_INTERCEPTOR_SERVICE = "interceptorService"
    KEY_OAUTH_SERVICE = "oauthService"
    KEY_OIDC_SERVER = "oidcServer"
    KEY_OIDC_CLIENT = "oidcClient"
    KEY_OPENID_CLIENT_SERVICE = "openidClientService"
    KEY_JACC_SERVICE = "jaccService"
    JASPI_SERVICE_COMPONENT_NAME = "com.ibm.ws.security.jaspi"
    KEY_WEB_AUTHENTICATOR = "webAuthenticator"
    KEY_UNPROTECTED_RESOURCE_SERVICE = "unprotectedResourceService"
    DELEGATION_USERS_LIST = "DELEGATION_USERS_LIST"
    webAuthenticatorRef = class com.ibm.wsspi.kernel.service.utils.ConcurrentServiceReferenceMap@53fd0db5
      referenceName = "webAuthenticator"
      context = class org.apache.felix.scr.impl.manager.ComponentContextImpl@73bdbd3e
      elementMap = class java.util.concurrent.ConcurrentHashMap@48bf6dbc
      serialVersionUID = 6980924785166233786
      $$$tc$$$ = class com.ibm.websphere.ras.TraceComponent@eb56dc99
    unprotectedResourceServiceRef = class com.ibm.wsspi.kernel.service.utils.ConcurrentServiceReferenceMap@a866dd1e
      referenceName = "unprotectedResourceService"
      context = class org.apache.felix.scr.impl.manager.ComponentContextImpl@73bdbd3e
      elementMap = class java.util.concurrent.ConcurrentHashMap@d135a320
      serialVersionUID = 6980924785166233786
      $$$tc$$$ = class com.ibm.websphere.ras.TraceComponent@eb56dc99
    taiServiceRef = class com.ibm.wsspi.kernel.service.utils.AtomicServiceReference@9e05a76e
      referenceName = "taiService"
      tuple = class java.util.concurrent.atomic.AtomicReference@326817f6
      serialVersionUID = 2226592364007985000
      $$$tc$$$ = class com.ibm.websphere.ras.TraceComponent@e1c922ef
    interceptorServiceRef = class com.ibm.wsspi.kernel.service.utils.ConcurrentServiceReferenceMap@f966d498
      referenceName = "interceptorService"
      context = class org.apache.felix.scr.impl.manager.ComponentContextImpl@73bdbd3e
      elementMap = class java.util.concurrent.ConcurrentHashMap@6e3fde73
      serialVersionUID = 6980924785166233786
      $$$tc$$$ = class com.ibm.websphere.ras.TraceComponent@eb56dc99
    oauthServiceRef = class com.ibm.wsspi.kernel.service.utils.AtomicServiceReference@b8a345b
      referenceName = "oauthService"
      tuple = class java.util.concurrent.atomic.AtomicReference@fb2d7d
      serialVersionUID = 2226592364007985000
      $$$tc$$$ = class com.ibm.websphere.ras.TraceComponent@e1c922ef
    oidcServerRef = class com.ibm.wsspi.kernel.service.utils.AtomicServiceReference@b00532c9
      referenceName = "oidcServer"
      tuple = class java.util.concurrent.atomic.AtomicReference@99288a6b
      serialVersionUID = 2226592364007985000
      $$$tc$$$ = class com.ibm.websphere.ras.TraceComponent@e1c922ef
    oidcClientRef = class com.ibm.wsspi.kernel.service.utils.AtomicServiceReference@f88db9fb
      referenceName = "oidcClient"
      tuple = class java.util.concurrent.atomic.AtomicReference@d164ad6f
      serialVersionUID = 2226592364007985000
      $$$tc$$$ = class com.ibm.websphere.ras.TraceComponent@e1c922ef
    openidClientRef = class com.ibm.wsspi.kernel.service.utils.AtomicServiceReference@71a9763f
      referenceName = "openidClientService"
      tuple = class java.util.concurrent.atomic.AtomicReference@8677185d
      serialVersionUID = 2226592364007985000
      $$$tc$$$ = class com.ibm.websphere.ras.TraceComponent@e1c922ef
    securityServiceRef = class com.ibm.wsspi.kernel.service.utils.AtomicServiceReference@644f9484
      referenceName = "securityService"
      tuple = class java.util.concurrent.atomic.AtomicReference@ab72c9d2
      serialVersionUID = 2226592364007985000
      $$$tc$$$ = class com.ibm.websphere.ras.TraceComponent@e1c922ef
    jaccServiceRef = class com.ibm.wsspi.kernel.service.utils.AtomicServiceReference@7bf74453
      referenceName = "jaccService"
      tuple = class java.util.concurrent.atomic.AtomicReference@502140ec
      serialVersionUID = 2226592364007985000
      $$$tc$$$ = class com.ibm.websphere.ras.TraceComponent@e1c922ef
    KEY_LOCATION_ADMIN = "locationAdmin"
    locationAdminRef = class com.ibm.wsspi.kernel.service.utils.AtomicServiceReference@261cbde2
      referenceName = "locationAdmin"
      tuple = class java.util.concurrent.atomic.AtomicReference@f0bc3a80
      serialVersionUID = 2226592364007985000
      $$$tc$$$ = class com.ibm.websphere.ras.TraceComponent@e1c922ef
    PERMIT_REPLY = class com.ibm.ws.webcontainer.security.internal.PermitReply@8e531baf
      serialVersionUID = 8303150652534131684
      $$$tc$$$ = class com.ibm.websphere.ras.TraceComponent@ed5df582
      responseCode = 200
      message = "OK"
      serialVersionUID = -2052464364003317781
      $$$tc$$$ = class com.ibm.websphere.ras.TraceComponent@3f7f70b2
    DENY_AUTHN_FAILED = class com.ibm.ws.webcontainer.security.internal.DenyReply@c6b907e6
      serialVersionUID = -5683685740512191354
      $$$tc$$$ = class com.ibm.websphere.ras.TraceComponent@c5393c92
      responseCode = 403
      message = "AuthenticationFailed"
      serialVersionUID = -2052464364003317781
      $$$tc$$$ = class com.ibm.websphere.ras.TraceComponent@3f7f70b2
    DENY_AUTHZ_FAILED = class com.ibm.ws.webcontainer.security.internal.DenyReply@2e7a5be3
      serialVersionUID = -5683685740512191354
      $$$tc$$$ = class com.ibm.websphere.ras.TraceComponent@c5393c92
      responseCode = 403
      message = "AuthorizationFailed"
      serialVersionUID = -2052464364003317781
      $$$tc$$$ = class com.ibm.websphere.ras.TraceComponent@3f7f70b2
    AUTH_TYPE = "AUTH_TYPE"
    ALL_AUTHENTICATED_ROLE = "**"
    STARSTAR_ROLE = "_starstar_"
    globalConfig = class com.ibm.ws.webcontainer.security.internal.WebAppSecurityConfigImpl@ded9f33a
      tc = class com.ibm.websphere.ras.TraceComponent@9791450c
      WLP_USER_DIR = "${wlp.user.dir}"
      AUTO_GEN_COOKIE_NAME_PREFIX = "WAS_"
      DEFAULT_SSO_COOKIE_NAME = "LtpaToken2"
      CFG_KEY_LOGOUT_ON_HTTP_SESSION_EXPIRE = "logoutOnHttpSessionExpire"
      CFG_KEY_SINGLE_SIGN_ON_ENABLED = "singleSignonEnabled"
      CFG_KEY_PRESERVE_FULLY_QUALIFIED_REFERRER_URL = "preserveFullyQualifiedReferrerUrl"
      CFG_KEY_POSTPARAM_SAVE_METHOD = "postParamSaveMethod"
      CFG_KEY_POSTPARAM_COOKIE_SIZE = "postParamCookieSize"
      CFG_KEY_ALLOW_LOGOUT_PAGE_REDIRECT_TO_ANY_HOST = "allowLogoutPageRedirectToAnyHost"
      CFG_KEY_LOGOUT_PAGE_REDIRECT_DOMAIN_NAMES = "logoutPageRedirectDomainNames"
      CFG_KEY_WAS_REQ_URL_REDIRECT_DOMAIN_NAMES = "wasReqURLRedirectDomainNames"
      CFG_KEY_SSO_COOKIE_NAME = "ssoCookieName"
      CFG_KEY_AUTO_GEN_SSO_COOKIE_NAME = "autoGenSsoCookieName"
      CFG_KEY_FAIL_OVER_TO_BASICAUTH = "allowFailOverToBasicAuth"
      CFG_KEY_DISPLAY_AUTHENTICATION_REALM = "displayAuthenticationRealm"
      CFG_KEY_HTTP_ONLY_COOKIES = "httpOnlyCookies"
      CFG_KEY_WEB_ALWAYS_LOGIN = "webAlwaysLogin"
      CFG_KEY_SSO_DOMAIN_NAMES = "ssoDomainNames"
      CFG_KEY_SSO_REQUIRES_SSL = "ssoRequiresSSL"
      CFG_KEY_SSO_USE_DOMAIN_FROM_URL = "ssoUseDomainFromURL"
      CFG_KEY_USE_AUTH_DATA_FOR_UNPROTECTED = "useAuthenticationDataForUnprotectedResource"
      CFG_KEY_LOGIN_FORM_URL = "loginFormURL"
      CFG_KEY_ALLOW_FAIL_OVER_TO_AUTH_METHOD = "allowAuthenticationFailOverToAuthMethod"
      CFG_KEY_INCLUDE_PATH_IN_WAS_REQ_URL = "includePathInWASReqURL"
      CFG_KEY_TRACK_LOGGED_OUT_SSO_COOKIES = "trackLoggedOutSSOCookies"
      CFG_KEY_USE_ONLY_CUSTOM_COOKIE_NAME = "useOnlyCustomCookieName"
      logoutOnHttpSessionExpire = false
      singleSignonEnabled = true
      preserveFullyQualifiedReferrerUrl = false
      postParamSaveMethod = "Cookie"
      postParamCookieSize = 16384
      allowLogoutPageRedirectToAnyHost = false
      wasReqURLRedirectDomainNames = null
      logoutPageRedirectDomainNames = null
      ssoCookieName = "LtpaToken2"
      autoGenSsoCookieName = false
      allowFailOverToBasicAuth = false
      displayAuthenticationRealm = false
      httpOnlyCookies = true
      webAlwaysLogin = false
      ssoRequiresSSL = false
      ssoDomainNames = null
      ssoUseDomainFromURL = false
      useAuthenticationDataForUnprotectedResource = true
      loginFormURL = null
      allowFailOverToAuthMethod = null
      includePathInWASReqURL = false
      trackLoggedOutSSOCookies = false
      useOnlyCustomCookieName = false
      locationAdminRef = class com.ibm.wsspi.kernel.service.utils.AtomicServiceReference@261cbde2
      oidcServerRef = class com.ibm.wsspi.kernel.service.utils.AtomicServiceReference@b00532c9
      oidcClientRef = class com.ibm.wsspi.kernel.service.utils.AtomicServiceReference@f88db9fb
      serialVersionUID = -6206016643798169489
    webAppSecConfig = class com.ibm.ws.webcontainer.security.internal.WebAppSecurityConfigImpl@ded9f33a
    authenticateApi = class com.ibm.ws.webcontainer.security.AuthenticateApi@4a03d74a
      tc = class com.ibm.websphere.ras.TraceComponent@6fcf92df
      KEY_SECURITY_SERVICE = "securityService"
      securityServiceRef = class com.ibm.wsspi.kernel.service.utils.AtomicServiceReference@644f9484
      subjectManager = class com.ibm.ws.security.context.SubjectManager@d74dc184
      subjectHelper = class com.ibm.ws.security.authentication.utility.SubjectHelper@e326dc27
      ssoCookieHelper = class com.ibm.ws.webcontainer.security.SSOCookieHelperImpl@ba757f3b
      authCacheService = class com.ibm.ws.security.authentication.internal.cache.AuthCacheServiceImpl@76395029
      collabUtils = class com.ibm.ws.security.collaborator.CollaboratorUtils@57ca7a19
      authService = class com.ibm.ws.security.authentication.internal.AuthenticationServiceImpl@16bde7bb
      webAuthenticatorRefs = class com.ibm.wsspi.kernel.service.utils.ConcurrentServiceReferenceMap@53fd0db5
      unprotectedResourceServiceRef = class com.ibm.wsspi.kernel.service.utils.ConcurrentServiceReferenceMap@a866dd1e
      DENY_AUTHN_FAILED = class com.ibm.ws.webcontainer.security.internal.DenyReply@27e0e2c9
      logoutSubject = null
      serialVersionUID = 4820117213133860550
    postParameterHelper = class com.ibm.ws.webcontainer.security.PostParameterHelper@59ae2df6
      tc = class com.ibm.websphere.ras.TraceComponent@59db2c34
      INITIAL_URL = "INITIAL_URL"
      PARAM_NAMES = "PARAM_NAMES"
      PARAM_VALUES = "PARAM_VALUES"
      POSTPARAM_COOKIE = "WASPostParam"
      ATTRIB_HASH_MAP = "ServletRequestWrapperHashmap"
      LENGTH_INT = 4
      OFFSET_REQURL = 0
      OFFSET_DATA = 1
      webAppSecurityConfig = class com.ibm.ws.webcontainer.security.internal.WebAppSecurityConfigImpl@ded9f33a
      serialVersionUID = -1165845467615987734
    collabUtils = class com.ibm.ws.security.collaborator.CollaboratorUtils@57ca7a19
      tc = class com.ibm.websphere.ras.TraceComponent@2cc49963
      subjectManager = class com.ibm.ws.security.context.SubjectManager@d8c63f30
      serialVersionUID = 1544996125297377090
    subjectHelper = class com.ibm.ws.security.authentication.utility.SubjectHelper@2aaa051e
      tc = class com.ibm.websphere.ras.TraceComponent@84c0d23f
      serialVersionUID = -892250569803095632
    subjectManager = class com.ibm.ws.security.context.SubjectManager@d8c63f30
      threadLocal = class com.ibm.ws.security.context.SubjectManager$SecurityThreadLocal@246c8880
      serialVersionUID = 8008928227801865506
      $$$tc$$$ = class com.ibm.websphere.ras.TraceComponent@9bca237b
    httpsRedirectHandler = class com.ibm.ws.webcontainer.security.internal.HTTPSRedirectHandler@e7366054
      tc = class com.ibm.websphere.ras.TraceComponent@7da41dd4
      serialVersionUID = -3103286160096161340
    auditManager = class com.ibm.websphere.security.audit.context.AuditManager@1d9f388b
      threadLocal = class com.ibm.websphere.security.audit.context.AuditManager$AuditThreadLocal@494e0192
      serialVersionUID = -1742476416347868382
      $$$tc$$$ = class com.ibm.websphere.ras.TraceComponent@fd883a2e
    extraAuditData = class java.util.HashMap@88b12d12
      DEFAULT_INITIAL_CAPACITY = 16
      MAXIMUM_CAPACITY = 1073741824
      DEFAULT_LOAD_FACTOR = 0.75
      EMPTY_TABLE = class java.util.HashMap$Entry[0]
      table = class java.util.HashMap$Entry[16]
      size = 1
      threshold = 12
      loadFactor = 0.75
      modCount = 1
      ALTERNATIVE_HASHING_THRESHOLD_DEFAULT = 2147483647
      hashSeed = 0
      entrySet = null
      serialVersionUID = 362498820763181265
      keySet = null
      values = null
    authenticatorProxy = class com.ibm.ws.webcontainer.security.WebAuthenticatorProxy@55520f12
      tc = class com.ibm.websphere.ras.TraceComponent@414aaa8a
      AUTH_TYPE = "AUTH_TYPE"
      securityServiceRef = class com.ibm.wsspi.kernel.service.utils.AtomicServiceReference@644f9484
      webAppSecurityConfig = class com.ibm.ws.webcontainer.security.internal.WebAppSecurityConfigImpl@ded9f33a
      postParameterHelper = class com.ibm.ws.webcontainer.security.PostParameterHelper@59ae2df6
      providerAuthenticatorProxy = class com.ibm.ws.webcontainer.security.WebProviderAuthenticatorProxy@10cbb58
      oidcServerRef = class com.ibm.wsspi.kernel.service.utils.AtomicServiceReference@b00532c9
      extraAuditData = class java.util.HashMap@e3bf7f10
      serialVersionUID = -8964641057808339047
    providerAuthenticatorProxy = class com.ibm.ws.webcontainer.security.WebProviderAuthenticatorProxy@10cbb58
      tc = class com.ibm.websphere.ras.TraceComponent@83b6b124
      authenticatorOdering = class java.util.Collections$UnmodifiableRandomAccessList@76ec009c
      OAUTH_CONT = class com.ibm.ws.webcontainer.security.AuthenticationResult@d95254c6
      OPENID_CLIENT_CONT = class com.ibm.ws.webcontainer.security.AuthenticationResult@f2a8c5c2
      OIDC_SERVER_CONT = class com.ibm.ws.webcontainer.security.AuthenticationResult@b2aed8c6
      OIDC_CLIENT_CONT = class com.ibm.ws.webcontainer.security.AuthenticationResult@49fa3325
      SPNEGO_CONT = class com.ibm.ws.webcontainer.security.AuthenticationResult@47450c1c
      JASPI_CONT = class com.ibm.ws.webcontainer.security.AuthenticationResult@81c03b7e
      securityServiceRef = class com.ibm.wsspi.kernel.service.utils.AtomicServiceReference@644f9484
      taiServiceRef = class com.ibm.wsspi.kernel.service.utils.AtomicServiceReference@9e05a76e
      interceptorServiceRef = class com.ibm.wsspi.kernel.service.utils.ConcurrentServiceReferenceMap@f966d498
      webAppSecurityConfig = class com.ibm.ws.webcontainer.security.internal.WebAppSecurityConfigImpl@ded9f33a
      webAuthenticatorRef = class com.ibm.wsspi.kernel.service.utils.ConcurrentServiceReferenceMap@53fd0db5
      oauthServiceRef = class com.ibm.wsspi.kernel.service.utils.AtomicServiceReference@b8a345b
      openIdClientServiceRef = class com.ibm.wsspi.kernel.service.utils.AtomicServiceReference@71a9763f
      oidcServerRef = class com.ibm.wsspi.kernel.service.utils.AtomicServiceReference@b00532c9
      oidcClientRef = class com.ibm.wsspi.kernel.service.utils.AtomicServiceReference@f88db9fb
      authHelper = class com.ibm.ws.webcontainer.security.WebProviderAuthenticatorHelper@677465b5
      referrerURLCookieHandler = class com.ibm.ws.webcontainer.security.ReferrerURLCookieHandler@e36481e9
      serialVersionUID = -1060959921971705664
    unauthenticatedSubjectService = class com.ibm.ws.security.authentication.internal.UnauthenticatedSubjectServiceImpl@a337b44d
      tc = class com.ibm.websphere.ras.TraceComponent@4c7627b4
      KEY_SECURITY_SERVICE = "securityService"
      KEY_CREDENTIALS_SERVICE = "credentialsService"
      securityServiceRef = class com.ibm.wsspi.kernel.service.utils.AtomicServiceReference@1b099569
      credentialsServiceRef = class com.ibm.wsspi.kernel.service.utils.AtomicServiceReference@dd57afa9
      unauthenticatedSubject = class javax.security.auth.Subject@b9c0937d
      unauthenticatedSubjectLock = class com.ibm.ws.security.authentication.internal.UnauthenticatedSubjectServiceImpl$1@deb340ba
      serialVersionUID = -259576979582176405
    wasch = class com.ibm.ws.webcontainer.security.WebAppSecurityCollaboratorImpl@e5817de8
    isJaspiEnabled = false
    savedSubject = null
    byPassedAuthRequest = true
    threadLocal = class java.lang.ThreadLocal@c6e7c689
      threadLocalHashCode = 1820230427
      nextHashCode = class java.util.concurrent.atomic.AtomicInteger@45a88a99
      HASH_INCREMENT = 1640531527
    serialVersionUID = -3420092443207705532
  sessionSecurityIntegrationEnabled = true
  assumeFilterSuccessOnSecurityError = false
  useOriginalRequestState = false
  _evtSource = class com.ibm.ws.webcontainer.webapp.WebAppEventSource@a3334a15
    _invocationListeners = class com.ibm.ws.webcontainer.util.EventListeners@5579e205
      EMPTY_LISTENERS = interface java.util.EventListener[0]
      logger = class com.ibm.ws.logging.internal.WsLogger@8722552a
      CLASS_NAME = "com.ibm.ws.webcontainer.util.EventListeners"
      listeners = interface java.util.EventListener[0]
    _servletListeners = class com.ibm.ws.webcontainer.util.EventListeners@10f1206
      EMPTY_LISTENERS = interface java.util.EventListener[0]
      logger = class com.ibm.ws.logging.internal.WsLogger@8722552a
      CLASS_NAME = "com.ibm.ws.webcontainer.util.EventListeners"
      listeners = interface java.util.EventListener[0]
    _errorListeners = class com.ibm.ws.webcontainer.util.EventListeners@5b601e85
      EMPTY_LISTENERS = interface java.util.EventListener[0]
      logger = class com.ibm.ws.logging.internal.WsLogger@8722552a
      CLASS_NAME = "com.ibm.ws.webcontainer.util.EventListeners"
      listeners = interface java.util.EventListener[0]
    _applicationListeners = class com.ibm.ws.webcontainer.util.EventListeners@b723ce52
      EMPTY_LISTENERS = interface java.util.EventListener[0]
      logger = class com.ibm.ws.logging.internal.WsLogger@8722552a
      CLASS_NAME = "com.ibm.ws.webcontainer.util.EventListeners"
      listeners = interface java.util.EventListener[0]
    _filterInvocationListeners = class com.ibm.ws.webcontainer.util.EventListeners@970e702a
      EMPTY_LISTENERS = interface java.util.EventListener[0]
      logger = class com.ibm.ws.logging.internal.WsLogger@8722552a
      CLASS_NAME = "com.ibm.ws.webcontainer.util.EventListeners"
      listeners = interface java.util.EventListener[0]
    _filterListeners = class com.ibm.ws.webcontainer.util.EventListeners@1e0bdb7f
      EMPTY_LISTENERS = interface java.util.EventListener[0]
      logger = class com.ibm.ws.logging.internal.WsLogger@8722552a
      CLASS_NAME = "com.ibm.ws.webcontainer.util.EventListeners"
      listeners = interface java.util.EventListener[0]
    _filterErrorListeners = class com.ibm.ws.webcontainer.util.EventListeners@9807a720
      EMPTY_LISTENERS = interface java.util.EventListener[0]
      logger = class com.ibm.ws.logging.internal.WsLogger@8722552a
      CLASS_NAME = "com.ibm.ws.webcontainer.util.EventListeners"
      listeners = interface java.util.EventListener[0]
  defaultComponentMetaData = class com.ibm.ws.webcontainer.osgi.metadata.WebComponentMetaDataImpl@a10a3f4c
    j2eeName = class com.ibm.ws.container.service.metadata.internal.J2EENameImpl@febaa3b6
      serialVersionUID = 7488184044073147667
      application = "ccb"
      module = "ccb.war"
      component = null
      string = "ccb#ccb.war"
      j2eeNameBytes = null
      $$$tc$$$ = class com.ibm.websphere.ras.TraceComponent@44cfe443
    webModuleMetaData = class com.ibm.ws.webcontainer.osgi.metadata.WebModuleMetaDataImpl@afa8edf1
    mBeanServiceReg = null
    tc = class com.ibm.websphere.ras.TraceComponent@4a2a3e2e
      strings[0] = "TraceComponent[com.ibm.ws.runtime.metadata.MetaDataImpl,class com.ibm.ws.runtime.metadata.MetaDataImpl,[Runtime],null,null]"
    NUM_STATIC_SLOTS = 4
    ID_UNINITIALIZED = -1
    id = 1
    metaDataInterface = class java.lang.Class@2146b924
      serialVersionUID = 3206093459760846163
      AllPermissionsPD = class java.security.ProtectionDomain@3d29a3e5
      SYNTHETIC = 4096
      ANNOTATION = 8192
      ENUM = 16384
      MEMBER_INVALID_TYPE = -1
      EmptyParameters = class java.lang.Class[0]
      vmRef = 575030528
      protectionDomain = class org.eclipse.osgi.internal.loader.ModuleClassLoader$GenerationProtectionDomain@657c1906
      classNameString = null
      annotationType = null
      classValueMap = null
      enumVars = null
      enumVarsOffset = 36
      classRepoHolder = null
      annotationCache = null
      annotationCacheOffset = 44
      unsafe = class sun.misc.Unsafe@26c52c91
      initializationLock = class java.lang.J9VMInternals$ClassInitializationLock@ed005e9
      copyMethod = class java.lang.reflect.Method@959ceafa
      copyField = class java.lang.reflect.Method@475700f2
      copyConstructor = class java.lang.reflect.Method@aa5790e0
      methodParameterTypesField = class java.lang.reflect.Field@ac25f1c9
      constructorParameterTypesField = class java.lang.reflect.Field@345b15be
      NoArgs = class java.lang.Object[0]
      PublicKey = class java.lang.Class$CacheKey@e506137b
      DeclaredKey = class java.lang.Class$CacheKey@40e219b6
      queue = class java.lang.ref.ReferenceQueue@7d251b6a
    staticSlots = class java.lang.Object[4]
      staticSlots[0] = null
      staticSlots[1] = null
      staticSlots[2] = null
      staticSlots[3] = null
    dynamicSlots = null
  DEFER_SERVLET_REQUEST_LISTENER_DESTROY_ON_ERROR = false

