------Start of DE processing------ = [9/25/17 16:30:32:685 BRT]
Exception = java.lang.ArrayIndexOutOfBoundsException
Source = com.ibm.ws.webcontainer.filter.WebAppFilterManager.invokeFilters
probeid = 1105
Stack Dump = java.lang.ArrayIndexOutOfBoundsException: Array index out of range: 6
	at ccb.CSVParser.parseRecord(CSVParser.java:68)
	at ccb.dao.InsuranceDAO.load(InsuranceDAO.java:74)
	at ccb.OutputBuilder.buildSpreadSheetOuput(OutputBuilder.java:65)
	at ccb.servlet.UploadServlet.doPost(UploadServlet.java:96)
	at javax.servlet.http.HttpServlet.service(HttpServlet.java:707)
	at javax.servlet.http.HttpServlet.service(HttpServlet.java:790)
	at com.ibm.ws.webcontainer.servlet.ServletWrapper.service(ServletWrapper.java:1290)
	at com.ibm.ws.webcontainer.servlet.ServletWrapper.handleRequest(ServletWrapper.java:778)
	at com.ibm.ws.webcontainer.servlet.ServletWrapper.handleRequest(ServletWrapper.java:475)
	at com.ibm.ws.webcontainer.filter.WebAppFilterManager.invokeFilters(WebAppFilterManager.java:1157)
	at com.ibm.ws.webcontainer.webapp.WebApp.handleRequest(WebApp.java:4983)
	at com.ibm.ws.webcontainer31.osgi.webapp.WebApp31.handleRequest(WebApp31.java:528)
	at com.ibm.ws.webcontainer.osgi.DynamicVirtualHost$2.handleRequest(DynamicVirtualHost.java:315)
	at com.ibm.ws.webcontainer.WebContainer.handleRequest(WebContainer.java:1025)
	at com.ibm.ws.webcontainer.osgi.DynamicVirtualHost$2.run(DynamicVirtualHost.java:280)
	at com.ibm.ws.http.dispatcher.internal.channel.HttpDispatcherLink$TaskWrapper.run(HttpDispatcherLink.java:967)
	at com.ibm.ws.http.dispatcher.internal.channel.HttpDispatcherLink.wrapHandlerAndExecute(HttpDispatcherLink.java:359)
	at com.ibm.ws.http.dispatcher.internal.channel.HttpDispatcherLink.ready(HttpDispatcherLink.java:318)
	at com.ibm.ws.http.channel.internal.inbound.HttpInboundLink.handleDiscrimination(HttpInboundLink.java:471)
	at com.ibm.ws.http.channel.internal.inbound.HttpInboundLink.handleNewRequest(HttpInboundLink.java:405)
	at com.ibm.ws.http.channel.internal.inbound.HttpInboundLink.processRequest(HttpInboundLink.java:285)
	at com.ibm.ws.http.channel.internal.inbound.HttpICLReadCallback.complete(HttpICLReadCallback.java:66)
	at com.ibm.ws.tcpchannel.internal.WorkQueueManager.requestComplete(WorkQueueManager.java:504)
	at com.ibm.ws.tcpchannel.internal.WorkQueueManager.attemptIO(WorkQueueManager.java:574)
	at com.ibm.ws.tcpchannel.internal.WorkQueueManager.workerRun(WorkQueueManager.java:929)
	at com.ibm.ws.tcpchannel.internal.WorkQueueManager$Worker.run(WorkQueueManager.java:1018)
	at java.util.concurrent.ThreadPoolExecutor.runWorker(ThreadPoolExecutor.java:1157)
	at java.util.concurrent.ThreadPoolExecutor$Worker.run(ThreadPoolExecutor.java:627)
	at java.lang.Thread.run(Thread.java:798)

Dump of callerThis
Object type = com.ibm.ws.webcontainer.osgi.filter.WebAppFilterManagerImpl
  _filterWrappers = class java.util.Hashtable@6d328478
    EMPTY_TABLE = class java.util.Hashtable$Entry[0]
    table = class java.util.Hashtable$Entry[0]
    count = 0
    threshold = 11
    loadFactor = 0.75
    modCount = 0
    serialVersionUID = 1421746759512286392
    ALTERNATIVE_HASHING_THRESHOLD_DEFAULT = 2147483647
    hashSeed = 0
    MAX_ARRAY_SIZE = 2147483639
    keySet = null
    entrySet = null
    values = null
    KEYS = 0
    VALUES = 1
    ENTRIES = 2
  chainCache = class java.util.Collections$SynchronizedMap@558866ec
    serialVersionUID = 1978198479659022715
    m = class com.ibm.ws.webcontainer.filter.WebAppFilterManager$1@841ef728
      this$0 = class com.ibm.ws.webcontainer.osgi.filter.WebAppFilterManagerImpl@41b6d787
      serialVersionUID = 3801124242820219131
      header = class java.util.LinkedHashMap$Entry@acd76fda
      accessOrder = true
      DEFAULT_INITIAL_CAPACITY = 16
      MAXIMUM_CAPACITY = 1073741824
      DEFAULT_LOAD_FACTOR = 0.75
      EMPTY_TABLE = class java.util.HashMap$Entry[0]
      table = class java.util.HashMap$Entry[0]
      size = 0
      threshold = 20
      loadFactor = 0.75
      modCount = 0
      ALTERNATIVE_HASHING_THRESHOLD_DEFAULT = 2147483647
      hashSeed = 0
      entrySet = null
      serialVersionUID = 362498820763181265
      keySet = null
      values = null
    mutex = class java.util.Collections$SynchronizedMap@558866ec
    keySet = null
    entrySet = null
    values = null
  forwardChainCache = class java.util.Collections$SynchronizedMap@44434255
    serialVersionUID = 1978198479659022715
    m = class com.ibm.ws.webcontainer.filter.WebAppFilterManager$2@7bec9532
      this$0 = class com.ibm.ws.webcontainer.osgi.filter.WebAppFilterManagerImpl@41b6d787
      serialVersionUID = 3801124242820219131
      header = class java.util.LinkedHashMap$Entry@c7f559a9
      accessOrder = true
      DEFAULT_INITIAL_CAPACITY = 16
      MAXIMUM_CAPACITY = 1073741824
      DEFAULT_LOAD_FACTOR = 0.75
      EMPTY_TABLE = class java.util.HashMap$Entry[0]
      table = class java.util.HashMap$Entry[0]
      size = 0
      threshold = 10
      loadFactor = 0.75
      modCount = 0
      ALTERNATIVE_HASHING_THRESHOLD_DEFAULT = 2147483647
      hashSeed = 0
      entrySet = null
      serialVersionUID = 362498820763181265
      keySet = null
      values = null
    mutex = class java.util.Collections$SynchronizedMap@44434255
    keySet = null
    entrySet = null
    values = null
  includeChainCache = class java.util.Collections$SynchronizedMap@6b963641
    serialVersionUID = 1978198479659022715
    m = class com.ibm.ws.webcontainer.filter.WebAppFilterManager$3@a5f1612f
      this$0 = class com.ibm.ws.webcontainer.osgi.filter.WebAppFilterManagerImpl@41b6d787
      serialVersionUID = 3801124242820219131
      header = class java.util.LinkedHashMap$Entry@7cc12bc1
      accessOrder = true
      DEFAULT_INITIAL_CAPACITY = 16
      MAXIMUM_CAPACITY = 1073741824
      DEFAULT_LOAD_FACTOR = 0.75
      EMPTY_TABLE = class java.util.HashMap$Entry[0]
      table = class java.util.HashMap$Entry[0]
      size = 0
      threshold = 5
      loadFactor = 0.75
      modCount = 0
      ALTERNATIVE_HASHING_THRESHOLD_DEFAULT = 2147483647
      hashSeed = 0
      entrySet = null
      serialVersionUID = 362498820763181265
      keySet = null
      values = null
    mutex = class java.util.Collections$SynchronizedMap@6b963641
    keySet = null
    entrySet = null
    values = null
  errorChainCache = class java.util.Collections$SynchronizedMap@778b8d98
    serialVersionUID = 1978198479659022715
    m = class com.ibm.ws.webcontainer.filter.WebAppFilterManager$4@f850d8d8
      this$0 = class com.ibm.ws.webcontainer.osgi.filter.WebAppFilterManagerImpl@41b6d787
      serialVersionUID = 3801124242820219131
      header = class java.util.LinkedHashMap$Entry@72291258
      accessOrder = true
      DEFAULT_INITIAL_CAPACITY = 16
      MAXIMUM_CAPACITY = 1073741824
      DEFAULT_LOAD_FACTOR = 0.75
      EMPTY_TABLE = class java.util.HashMap$Entry[0]
      table = class java.util.HashMap$Entry[0]
      size = 0
      threshold = 2
      loadFactor = 0.75
      modCount = 0
      ALTERNATIVE_HASHING_THRESHOLD_DEFAULT = 2147483647
      hashSeed = 0
      entrySet = null
      serialVersionUID = 362498820763181265
      keySet = null
      values = null
    mutex = class java.util.Collections$SynchronizedMap@778b8d98
    keySet = null
    entrySet = null
    values = null
  _filtersDefined = false
  FMI_MAPPING_SINGLE_SLASH = 0
  FMI_MAPPING_PATH_MATCH = 1
  FMI_MAPPING_EXTENSION_MATCH = 2
  FMI_MAPPING_EXACT_MATCH = 3
  logger = class com.ibm.ws.logging.internal.WsLogger@3f00cef8
    tc = class com.ibm.websphere.ras.TraceComponent@8e4eef08
      strings[0] = "TraceComponent[com.ibm.ws.logging.internal.WsLogger,class com.ibm.ws.logging.internal.WsLogger,[logging],com.ibm.ws.logging.internal.resources.LoggingMessages,null]"
    ivCachedResourceBundleName = null
    ivCachedResourceBundle = null
    ivComponent = null
    ivOrganization = null
    ivProduct = null
    ivMinimumLocalizationLevelIntValue = 625
    ivTC = class com.ibm.websphere.ras.TraceComponent@fcb5b88c
      strings[0] = "TraceComponent[com.ibm.ws.webcontainer.filter,class com.ibm.wsspi.webcontainer.logging.LoggerFactory$1,[com.ibm.ws.webcontainer.filter],null,null]"
    loggerRegistrationComponent = class java.lang.ThreadLocal@3f84a4d4
      threadLocalHashCode = 274271097
      nextHashCode = class java.util.concurrent.atomic.AtomicInteger@3fec6517
      HASH_INCREMENT = 1640531527
    emptyHandlers = class java.util.logging.Handler[0]
    offValue = 2147483647
    manager = class com.ibm.ws.kernel.boot.logging.WsLogManager@40933060
      CLASS_NAME = "com.ibm.ws.kernel.boot.logging.WsLogManager"
      CONFIGURE_BY_SERVER_PROPERTY_NAME = "java.util.logging.configureByServer"
      CONFIGURE_BY_LOGGING_PROPERTIES_FILE = "java.util.logging.configureByLoggingPropertiesFile"
      configureByServer = true
      configureByLoggingProperties = false
      wsLogger = class java.lang.reflect.Constructor@13ceacad
      resetEnabled = true
      manager = class com.ibm.ws.kernel.boot.logging.WsLogManager@40933060
      props = class java.util.Properties@9937b3b8
      changes = class java.beans.PropertyChangeSupport@122135f1
      defaultLevel = class java.util.logging.Level@1e611bb1
      systemContext = class java.util.logging.LogManager$SystemLoggerContext@794a933b
      userContext = class java.util.logging.LogManager$LoggerContext@dc25a064
      rootLogger = class java.util.logging.LogManager$RootLogger@c5045772
      readPrimordialConfiguration = true
      initializedGlobalHandlers = true
      deathImminent = false
      contextsMap = null
      loggerRefQueue = class java.lang.ref.ReferenceQueue@899a4ab3
      MAX_ITERATIONS = 400
      controlPermission = class java.util.logging.LoggingPermission@d4750c8d
      loggingMXBean = null
      LOGGING_MXBEAN_NAME = "java.util.logging:type=Logging"
    name = "com.ibm.ws.webcontainer.filter"
    handlers = class java.util.concurrent.CopyOnWriteArrayList@ccf8267d
      serialVersionUID = 8673264195747942595
      lock = class java.util.concurrent.locks.ReentrantLock@4f8a22fe
      array = class java.lang.Object[0]
      UNSAFE = class sun.misc.Unsafe@b6b8c0ee
      lockOffset = 8
    resourceBundleName = "com.ibm.ws.webcontainer.resources.Messages"
    useParentHandlers = true
    filter = null
    anonymous = false
    catalog = class com.ibm.ws.webcontainer.resources.Messages@644d80d3
      resources = class [Ljava.lang.Object;[332]
      lookup = null
      INITIAL_CACHE_SIZE = 32
      NONEXISTENT_BUNDLE = class java.util.ResourceBundle$1@a8fa59ec
      cacheList = class java.util.concurrent.ConcurrentHashMap@f91884a6
      referenceQueue = class java.lang.ref.ReferenceQueue@b5b6d174
      parent = null
      locale = class java.util.Locale@d594bafb
      name = "com.ibm.ws.webcontainer.resources.Messages"
      expired = false
      cacheKey = class java.util.ResourceBundle$CacheKey@7732648
      keySet = null
      vo = class java.lang.Object@104e5124
      $assertionsDisabled = true
    catalogName = "com.ibm.ws.webcontainer.resources.Messages"
    catalogLocale = class java.util.Locale@6527de1
      LOCALECACHE = class java.util.Locale$Cache@4efe57b0
      ENGLISH = class java.util.Locale@546e5c6b
      FRENCH = class java.util.Locale@c6491a92
      GERMAN = class java.util.Locale@ead28596
      ITALIAN = class java.util.Locale@965b17a9
      JAPANESE = class java.util.Locale@388089ff
      KOREAN = class java.util.Locale@2c9a00af
      CHINESE = class java.util.Locale@f7cf57f0
      SIMPLIFIED_CHINESE = class java.util.Locale@3fb8f5e4
      TRADITIONAL_CHINESE = class java.util.Locale@e6eee53d
      FRANCE = class java.util.Locale@aced036d
      GERMANY = class java.util.Locale@60314ffd
      ITALY = class java.util.Locale@f1e7952
      JAPAN = class java.util.Locale@4962f15a
      KOREA = class java.util.Locale@c1f25d04
      CHINA = class java.util.Locale@3fb8f5e4
      PRC = class java.util.Locale@3fb8f5e4
      TAIWAN = class java.util.Locale@e6eee53d
      UK = class java.util.Locale@62470977
      US = class java.util.Locale@6527de1
      CANADA = class java.util.Locale@20ba4c39
      CANADA_FRENCH = class java.util.Locale@bb80e4e8
      ROOT = class java.util.Locale@d594bafb
      PRIVATE_USE_EXTENSION = x
      UNICODE_LOCALE_EXTENSION = u
      serialVersionUID = 9149081749638150636
      DISPLAY_LANGUAGE = 0
      DISPLAY_COUNTRY = 1
      DISPLAY_VARIANT = 2
      DISPLAY_SCRIPT = 3
      baseLocale = class sun.util.locale.BaseLocale@f1271270
      localeExtensions = null
      hashCodeValue = 96636889
      defaultLocale = class java.util.Locale@6527de1
      defaultDisplayLocale = null
      defaultFormatLocale = class java.util.Locale@6527de1
      serialPersistentFields = class java.io.ObjectStreamField[6]
      isoLanguages = null
      isoCountries = null
      $assertionsDisabled = true
    treeLock = class java.lang.Object@1a800960
    parent = class com.ibm.ws.logging.internal.WsLogger@844b0f05
      tc = class com.ibm.websphere.ras.TraceComponent@8e4eef08
      ivCachedResourceBundleName = "com.ibm.ws.webcontainer.resources.Messages"
      ivCachedResourceBundle = class com.ibm.ws.webcontainer.resources.Messages@e58a6959
      ivComponent = null
      ivOrganization = null
      ivProduct = null
      ivMinimumLocalizationLevelIntValue = 625
      ivTC = class com.ibm.websphere.ras.TraceComponent@493f37a8
      loggerRegistrationComponent = class java.lang.ThreadLocal@3f84a4d4
      emptyHandlers = class java.util.logging.Handler[0]
      offValue = 2147483647
      manager = class com.ibm.ws.kernel.boot.logging.WsLogManager@40933060
      name = "com.ibm.ws.webcontainer"
      handlers = class java.util.concurrent.CopyOnWriteArrayList@2329b647
      resourceBundleName = "com.ibm.ws.webcontainer.resources.Messages"
      useParentHandlers = true
      filter = null
      anonymous = false
      catalog = class com.ibm.ws.webcontainer.resources.Messages@e58a6959
      catalogName = "com.ibm.ws.webcontainer.resources.Messages"
      catalogLocale = class java.util.Locale@6527de1
      treeLock = class java.lang.Object@1a800960
      parent = class java.util.logging.Logger@a5cb57a9
      kids = class java.util.ArrayList@ab71cb36
      levelObject = class java.util.logging.Level@1e611bb1
      levelValue = 800
      callersClassLoaderRef = class java.lang.ref.WeakReference@9b4a2f5
      isSystemLogger = false
      GLOBAL_LOGGER_NAME = "global"
      global = class java.util.logging.Logger@ec67da34
      SYSTEM_LOGGER_RB_NAME = "sun.util.logging.resources.logging"
    kids = null
    levelObject = class java.util.logging.Level@1e611bb1
      defaultBundle = "sun.util.logging.resources.logging"
      name = "INFO"
      value = 800
      resourceBundleName = "sun.util.logging.resources.logging"
      localizedLevelName = "INFO"
      cachedLocale = class java.util.Locale@6527de1
      OFF = class java.util.logging.Level@85b5fbec
      SEVERE = class java.util.logging.Level@3502862f
      WARNING = class java.util.logging.Level@c2c1ae78
      INFO = class java.util.logging.Level@1e611bb1
      CONFIG = class java.util.logging.Level@7b1860f6
      FINE = class java.util.logging.Level@61b1c1c9
      FINER = class java.util.logging.Level@a48c5479
      FINEST = class java.util.logging.Level@92111eb
      ALL = class java.util.logging.Level@20c4b393
      serialVersionUID = -8176160795706313070
    levelValue = 800
    callersClassLoaderRef = class java.lang.ref.WeakReference@c22faafc
      STATE_INITIAL = 0
      STATE_CLEARED = 1
      STATE_ENQUEUED = 2
      referent = class org.eclipse.osgi.internal.loader.EquinoxClassLoader@b18c2980
      queue = null
      state = 0
    isSystemLogger = false
    GLOBAL_LOGGER_NAME = "global"
    global = class java.util.logging.Logger@ec67da34
      emptyHandlers = class java.util.logging.Handler[0]
      offValue = 2147483647
      manager = class com.ibm.ws.kernel.boot.logging.WsLogManager@40933060
      name = "global"
      handlers = class java.util.concurrent.CopyOnWriteArrayList@bd697604
      resourceBundleName = null
      useParentHandlers = true
      filter = null
      anonymous = false
      catalog = null
      catalogName = null
      catalogLocale = null
      treeLock = class java.lang.Object@1a800960
      parent = class java.util.logging.LogManager$RootLogger@c5045772
      kids = null
      levelObject = null
      levelValue = 800
      callersClassLoaderRef = null
      isSystemLogger = true
      GLOBAL_LOGGER_NAME = "global"
      global = class java.util.logging.Logger@ec67da34
      SYSTEM_LOGGER_RB_NAME = "sun.util.logging.resources.logging"
    SYSTEM_LOGGER_RB_NAME = "sun.util.logging.resources.logging"
  CLASS_NAME = "com.ibm.ws.webcontainer.filter.WebAppFilterManager"
  nls = class com.ibm.ejs.ras.TraceNLS@9bd4fc61
    resolver = class com.ibm.ws.logging.internal.TraceNLSResolver@64c26d74
      tc = class com.ibm.websphere.ras.TraceComponent@b1834211
      DEBUG_TRACE_NLS_PROPERTY = "com.ibm.ejs.ras.debugTraceNLSResolver"
      debugTraceNLSResolver = false
      makeNoise = false
      nullKey = "null"
      svNullBundleName = "Resource Bundle name is null, key = {0}"
      svBundleNotLoaded = "Unable to load ResourceBundle {0}"
      svNullKeyMessage = "Null key passed while using ResourceBundle {0}"
      svMalformedMessage = "No message text associated with key {0} in bundle {1}"
    finder = null
    ivBundleName = "com.ibm.ws.webcontainer.resources.Messages"
    caller = class java.lang.Class@2f1663b
      serialVersionUID = 3206093459760846163
      AllPermissionsPD = class java.security.ProtectionDomain@261e725e
      SYNTHETIC = 4096
      ANNOTATION = 8192
      ENUM = 16384
      MEMBER_INVALID_TYPE = -1
      EmptyParameters = class java.lang.Class[0]
      vmRef = 571973632
      protectionDomain = class org.eclipse.osgi.internal.loader.ModuleClassLoader$GenerationProtectionDomain@39e3a84d
      classNameString = "com.ibm.ws.webcontainer.filter.WebAppFilterManager"
      annotationType = null
      classValueMap = class java.lang.ClassValue$ClassValueMap@68298976
      enumVars = null
      enumVarsOffset = 36
      classRepoHolder = null
      annotationCache = class java.lang.Class$AnnotationCache@7f9f767
      annotationCacheOffset = 44
      unsafe = class sun.misc.Unsafe@b6b8c0ee
      initializationLock = null
      copyMethod = class java.lang.reflect.Method@7ffe427a
      copyField = class java.lang.reflect.Method@e873b606
      copyConstructor = class java.lang.reflect.Method@f4265ef9
      methodParameterTypesField = class java.lang.reflect.Field@45fd7ac8
      constructorParameterTypesField = class java.lang.reflect.Field@16b05f97
      NoArgs = class java.lang.Object[0]
      PublicKey = class java.lang.Class$CacheKey@17409065
      DeclaredKey = class java.lang.Class$CacheKey@61dec027
      queue = class java.lang.ref.ReferenceQueue@4cc15d2
  webAppConfig = class com.ibm.ws.webcontainer.osgi.webapp.WebAppConfiguration@8d883dbb
    webModuleMetaData = class com.ibm.ws.webcontainer.osgi.metadata.WebModuleMetaDataImpl@86fa93bc
      applicationMetaData = class com.ibm.ws.container.service.app.deploy.internal.ApplicationMetaDataImpl@6ebc9101
      j2eeName = class com.ibm.ws.container.service.metadata.internal.J2EENameImpl@9403c13
      wccmd = class com.ibm.ws.webcontainer.osgi.metadata.WebCollaboratorComponentMetaDataImpl@dd2d60d1
      securityMetaData = class com.ibm.ws.webcontainer.security.metadata.SecurityServletConfiguratorHelper@d03c19f9
      annotatedSecurityMetaData = null
      webAppConfig = class com.ibm.ws.webcontainer.osgi.webapp.WebAppConfiguration@8d883dbb
      _isServlet23OrHigher = false
      jspComponentMetaData = class com.ibm.ws.jsp.runtime.metadata.JspComponentMetaData@dfcba929
      sessionCookieNameInUse = null
      mBeanServiceReg = null
      tc = class com.ibm.websphere.ras.TraceComponent@ef5eea4e
      NUM_STATIC_SLOTS = 4
      ID_UNINITIALIZED = -1
      id = 0
      metaDataInterface = class java.lang.Class@5692dd45
      staticSlots = class java.lang.Object[4]
      dynamicSlots = class java.lang.Object[4]
    webComponentMetaData = class com.ibm.ws.webcontainer.osgi.metadata.WebComponentMetaDataImpl@ee2fe4e8
    dVirtualHost = class com.ibm.ws.webcontainer.osgi.DynamicVirtualHost@62a5c4a1
      tc = class com.ibm.websphere.ras.TraceComponent@9762c0de
      CLASS_NAME = "com.ibm.ws.webcontainer.osgi.DynamicVirtualHost"
      webContainerParent = class com.ibm.ws.webcontainer.osgi.WebContainer@2615abad
      dhostConfig = class com.ibm.ws.webcontainer.osgi.DynamicVirtualHostConfiguration@c6ee38e
      predefinedMatcher = null
      normalizeRequestURI = false
      logger = class com.ibm.ws.logging.internal.WsLogger@844b0f05
      CLASS_NAME = "com.ibm.ws.webcontainer.VirtualHost"
      vHostConfig = class com.ibm.ws.webcontainer.osgi.DynamicVirtualHostConfiguration@c6ee38e
      commands = class java.util.ArrayList@ec8484d
      requestMapper = class com.ibm.wsspi.webcontainer.util.URIMapper@367f69c5
      parent = class com.ibm.ws.webcontainer.osgi.WebContainer@2615abad
      name = "default_host"
      isAlive = true
      subElements = class java.util.HashMap@7b86a0dc
      attributes = null
      config = null
      serialVersionUID = -8271459000149267764
      $$$tc$$$ = class com.ibm.websphere.ras.TraceComponent@6ef36690
    orderedLibPaths = class java.util.Collections$UnmodifiableRandomAccessList@310ad9a
      serialVersionUID = -2542308836966382001
      serialVersionUID = -283967356065247728
      list = class java.util.ArrayList@1a4f088b
      serialVersionUID = 1820017752578914078
      c = class java.util.ArrayList@1a4f088b
    bundleHeaders = null
    cdiEnabled = false
    CLASS_NAME = "com.ibm.ws.webcontainer.webapp.WebAppConfiguration"
    logger = class com.ibm.ws.logging.internal.WsLogger@22e821bb
      tc = class com.ibm.websphere.ras.TraceComponent@8e4eef08
      ivCachedResourceBundleName = null
      ivCachedResourceBundle = null
      ivComponent = null
      ivOrganization = null
      ivProduct = null
      ivMinimumLocalizationLevelIntValue = 625
      ivTC = class com.ibm.websphere.ras.TraceComponent@6ac523bb
      loggerRegistrationComponent = class java.lang.ThreadLocal@3f84a4d4
      emptyHandlers = class java.util.logging.Handler[0]
      offValue = 2147483647
      manager = class com.ibm.ws.kernel.boot.logging.WsLogManager@40933060
      name = "com.ibm.ws.webcontainer.webapp"
      handlers = class java.util.concurrent.CopyOnWriteArrayList@10c0ff1c
      resourceBundleName = "com.ibm.ws.webcontainer.resources.Messages"
      useParentHandlers = true
      filter = null
      anonymous = false
      catalog = class com.ibm.ws.webcontainer.resources.Messages@e58a6959
      catalogName = "com.ibm.ws.webcontainer.resources.Messages"
      catalogLocale = class java.util.Locale@6527de1
      treeLock = class java.lang.Object@1a800960
      parent = class com.ibm.ws.logging.internal.WsLogger@844b0f05
      kids = null
      levelObject = class java.util.logging.Level@1e611bb1
      levelValue = 800
      callersClassLoaderRef = class java.lang.ref.WeakReference@5c6de590
      isSystemLogger = false
      GLOBAL_LOGGER_NAME = "global"
      global = class java.util.logging.Logger@ec67da34
      SYSTEM_LOGGER_RB_NAME = "sun.util.logging.resources.logging"
    tc = class com.ibm.websphere.ras.TraceComponent@74d3051d
      strings[0] = "TraceComponent[com.ibm.ws.webcontainer.webapp.WebAppConfiguration,class com.ibm.ws.webcontainer.webapp.WebAppConfiguration,[webcontainer],com.ibm.ws.webcontainer.resources.LShimMessages,null]"
    nls = class com.ibm.ejs.ras.TraceNLS@16b8c839
      resolver = class com.ibm.ws.logging.internal.TraceNLSResolver@64c26d74
      finder = null
      ivBundleName = "com.ibm.ws.webcontainer.resources.Messages"
      caller = class java.lang.Class@cef34ef5
    version = 30
    contextRoot = "/ccb"
    sessionTimeout = 0
    moduleSessionTimeoutSet = false
    moduleSessionTrackingModeSet = false
    sessionCookieConfig = class com.ibm.ws.session.SessionCookieConfigImpl@87ef6f5
      comment = ""
      domain = ""
      maxAge = -1
      maxAgeSet = false
      name = "JSESSIONID"
      path = "/"
      httpOnly = true
      httpOnlySet = false
      secure = false
      secureSet = false
      contextInitialized = true
      externalCall = true
      programmaticChange = false
      nls = class com.ibm.ejs.ras.TraceNLS@1458dcd5
    hasProgrammaticCookieConfig = false
    sessionDefaultTrackingModeSet = class java.util.RegularEnumSet@412404e4
      serialVersionUID = 3411599620347842686
      elements = 1
      elementType = class java.lang.Class@bf5623a4
      universe = class javax.servlet.SessionTrackingMode[3]
      ZERO_LENGTH_ENUM_ARRAY = class java.lang.Enum[0]
      MAX_ARRAY_SIZE = 2147483639
    sessionManagerConfig = class com.ibm.ws.session.SessionManagerConfig@80ed2b3e
      usingWebContainerSM = true
      useContextRootForSessionCookiePath = false
      usingMemory = true
      usingDatabase = false
      usingMemToMem = false
      enableUrlProtocolSwitchRewriting = false
      dcookieName = "SSLJSESSION"
      sipSessionCookieName = "ibmappid"
      inMemorySize = 1000
      enableOverflow = true
      sessionInvalidationTime = 1800
      integrateSec = true
      throwSecurityExceptionOnGetSessionFalse = true
      invalidateOnUnauthorizedSessionRequestException = false
      allowSerializedSessionAccess = false
      serializedSessionAccessMaxWaitTime = 0
      accessSessionOnTimeout = true
      JNDIDataSourceName = "jdbc/sample"
      sessionDBID = null
      sessionDBPWD = null
      rowSize = 4
      tableSpaceName = null
      usingMultirow = false
      drsSettings = null
      enableEOSWrite = true
      enableManualWrite = false
      enableTimeBasedWrite = false
      mPropertyWriterInterval = 120
      writeAllProperties = false
      scheduledInvalidation = false
      firstHour = 0
      secondHour = 0
      is_zOS = false
      serverId = "aece5668-336d-440f-af96-9f6c426c4809"
      cloneId = "aece5668-336d-440f-af96-9f6c426c4809"
      sacKey = "DEFAULT_SAC_KEY"
      cloneSeparator = :
      debugSessionCrossover = false
      cloneIdPropertySet = false
      expectedCloneIdsPropertySet = false
      expectedCloneIds = null
      idReuse = false
      reaperPollInterval = 172
      turnOffCacheId = false
      turnOffCloneId = false
      noAffinitySwitchBack = false
      maxSessionIdentifierLength = 1024
      sessUrlRewritePrefix = ";jsessionid="
      tableNameValue = null
      checkRecentlyInvalidList = true
      modifyActiveCountOnInvalidatedSession = false
      useOracleBlob = false
      usingCustomSchemaName = false
      trackGCCount = false
      hideSessionValues = true
      hideSessionValuesPropertySet = false
      doRemoteInvalidations = true
      zosBaseServerReplication = false
      servlet21SessionCompat = false
      cacheIdLength = 0
      sessionIDLength = 23
      trackingModes = class java.util.RegularEnumSet@ca744e52
      privateSessionCookieName = "JSESSIONID"
      privateSessionCookieComment = ""
      privateSessionCookieDomain = ""
      privateSessionCookieMaxAge = -1
      privateSessionCookiePath = "/"
      privateSessionCookieSecure = false
      privateSessionCookieHttpOnly = true
      cookieConfig = class com.ibm.ws.session.SessionCookieConfigImpl@87ef6f5
      SIPConvergedHttpPort = 80
      SIPConvergedHttpsPort = 443
      SIPConvergedHostName = "localhost"
      optimizeCacheIdIncrements = false
      alwaysEncodeURL = false
      checkSessionCookieNameOnEncodeURL = false
      onlyCheckInCacheDuringPreInvoke = false
      enableHotFailover = true
      forceSessionInvalidationMultiple = 3
      persistSessionAfterPassivation = false
      usingApplicationSessionsAndInvalidateAll = false
      usingApplicationSessionsAlwaysRetrieve = false
      forceSessionIdLengthCheck = false
      securityUserIgnoreCase = false
      sessionTableSkipIndexCreation = false
      checkSessionNewOnIsValidRequest = true
      delayInvalidationAlarmDuringServerStartup = 0
      useSeparateSessionInvalidatorThreadPool = true
      connectionRetryCount = 2
    displayName = "ccb"
    description = null
    reloadInterval = 0
    distributable = false
    denyUncoveredHttpMethods = false
    reloadingEnabled = false
    serveServletsByClassnameEnabled = false
    defaultErrorPage = null
    additionalClassPath = null
    fileServingEnabled = null
    directoryBrowsingEnabled = false
    autoRequestEncoding = false
    autoResponseEncoding = false
    autoLoadFilters = false
    requestListeners = null
    requestAttributeListeners = null
    sessionListeners = null
    localeMap = null
    moduleName = "ccb"
    j2eeModuleName = "ccb.war"
    moduleId = null
    isSyncToThreadEnabled = false
    encodeDispatchedRequestURI = false
    isSystemApp = false
    ardEnabled = false
    ardDispatchType = null
    listeners = class java.util.ArrayList@a31dbe05
      serialVersionUID = 8683452581122892189
      DEFAULT_CAPACITY = 10
      EMPTY_ELEMENTDATA = class java.lang.Object[0]
      elementData = class java.lang.Object[0]
      size = 0
      MAX_ARRAY_SIZE = 2147483639
      modCount = 0
      MAX_ARRAY_SIZE = 2147483639
    welcomeFileList = class java.util.ArrayList@59b22fa0
      serialVersionUID = 8683452581122892189
      DEFAULT_CAPACITY = 10
      EMPTY_ELEMENTDATA = class java.lang.Object[0]
      elementData = class java.lang.Object[10]
      size = 3
      MAX_ARRAY_SIZE = 2147483639
      modCount = 1
      MAX_ARRAY_SIZE = 2147483639
    servletMappings = class java.util.HashMap@628cba08
      DEFAULT_INITIAL_CAPACITY = 16
      MAXIMUM_CAPACITY = 1073741824
      DEFAULT_LOAD_FACTOR = 0.75
      EMPTY_TABLE = class java.util.HashMap$Entry[0]
      table = class java.util.HashMap$Entry[16]
      size = 2
      threshold = 12
      loadFactor = 0.75
      modCount = 2
      ALTERNATIVE_HASHING_THRESHOLD_DEFAULT = 2147483647
      hashSeed = 0
      entrySet = null
      serialVersionUID = 362498820763181265
      keySet = null
      values = null
    lastIndexBeforeDeclaredFilters = 0
    filterMappings = class java.util.ArrayList@8b6bfed7
      serialVersionUID = 8683452581122892189
      DEFAULT_CAPACITY = 10
      EMPTY_ELEMENTDATA = class java.lang.Object[0]
      elementData = class java.lang.Object[0]
      size = 0
      MAX_ARRAY_SIZE = 2147483639
      modCount = 0
      MAX_ARRAY_SIZE = 2147483639
    servletInfo = class java.util.HashMap@c6be747e
      DEFAULT_INITIAL_CAPACITY = 16
      MAXIMUM_CAPACITY = 1073741824
      DEFAULT_LOAD_FACTOR = 0.75
      EMPTY_TABLE = class java.util.HashMap$Entry[0]
      table = class java.util.HashMap$Entry[16]
      size = 3
      threshold = 12
      loadFactor = 0.75
      modCount = 3
      ALTERNATIVE_HASHING_THRESHOLD_DEFAULT = 2147483647
      hashSeed = 0
      entrySet = null
      serialVersionUID = 362498820763181265
      keySet = class java.util.HashMap$KeySet@7c41819e
      values = class java.util.HashMap$Values@85d152ac
    filterInfo = class java.util.HashMap@50472a3f
      DEFAULT_INITIAL_CAPACITY = 16
      MAXIMUM_CAPACITY = 1073741824
      DEFAULT_LOAD_FACTOR = 0.75
      EMPTY_TABLE = class java.util.HashMap$Entry[0]
      table = class java.util.HashMap$Entry[0]
      size = 0
      threshold = 16
      loadFactor = 0.75
      modCount = 0
      ALTERNATIVE_HASHING_THRESHOLD_DEFAULT = 2147483647
      hashSeed = 0
      entrySet = null
      serialVersionUID = 362498820763181265
      keySet = null
      values = class java.util.HashMap$Values@81ae2e5e
    mimeMappings = class java.util.HashMap@bc893bea
      DEFAULT_INITIAL_CAPACITY = 16
      MAXIMUM_CAPACITY = 1073741824
      DEFAULT_LOAD_FACTOR = 0.75
      EMPTY_TABLE = class java.util.HashMap$Entry[0]
      table = class java.util.HashMap$Entry[0]
      size = 0
      threshold = 16
      loadFactor = 0.75
      modCount = 0
      ALTERNATIVE_HASHING_THRESHOLD_DEFAULT = 2147483647
      hashSeed = 0
      entrySet = null
      serialVersionUID = 362498820763181265
      keySet = null
      values = null
    mimeFilters = null
    isMimeFilteringEnabled = false
    theWebGroup = null
    jspAttributes = class java.util.HashMap@c5ad51a6
      DEFAULT_INITIAL_CAPACITY = 16
      MAXIMUM_CAPACITY = 1073741824
      DEFAULT_LOAD_FACTOR = 0.75
      EMPTY_TABLE = class java.util.HashMap$Entry[0]
      table = class java.util.HashMap$Entry[0]
      size = 0
      threshold = 16
      loadFactor = 0.75
      modCount = 0
      ALTERNATIVE_HASHING_THRESHOLD_DEFAULT = 2147483647
      hashSeed = 0
      entrySet = null
      serialVersionUID = 362498820763181265
      keySet = class java.util.HashMap$KeySet@a73dcfc4
      values = null
    fileServingAttributes = class java.util.HashMap@2c06866e
      DEFAULT_INITIAL_CAPACITY = 16
      MAXIMUM_CAPACITY = 1073741824
      DEFAULT_LOAD_FACTOR = 0.75
      EMPTY_TABLE = class java.util.HashMap$Entry[0]
      table = class java.util.HashMap$Entry[0]
      size = 0
      threshold = 16
      loadFactor = 0.75
      modCount = 0
      ALTERNATIVE_HASHING_THRESHOLD_DEFAULT = 2147483647
      hashSeed = 0
      entrySet = null
      serialVersionUID = 362498820763181265
      keySet = null
      values = null
    invokerAttributes = class java.util.HashMap@879bd0ff
      DEFAULT_INITIAL_CAPACITY = 16
      MAXIMUM_CAPACITY = 1073741824
      DEFAULT_LOAD_FACTOR = 0.75
      EMPTY_TABLE = class java.util.HashMap$Entry[0]
      table = class java.util.HashMap$Entry[0]
      size = 0
      threshold = 16
      loadFactor = 0.75
      modCount = 0
      ALTERNATIVE_HASHING_THRESHOLD_DEFAULT = 2147483647
      hashSeed = 0
      entrySet = null
      serialVersionUID = 362498820763181265
      keySet = null
      values = null
    contextParams = class java.util.HashMap@942d041a
      DEFAULT_INITIAL_CAPACITY = 16
      MAXIMUM_CAPACITY = 1073741824
      DEFAULT_LOAD_FACTOR = 0.75
      EMPTY_TABLE = class java.util.HashMap$Entry[0]
      table = class java.util.HashMap$Entry[0]
      size = 0
      threshold = 16
      loadFactor = 0.75
      modCount = 0
      ALTERNATIVE_HASHING_THRESHOLD_DEFAULT = 2147483647
      hashSeed = 0
      entrySet = null
      serialVersionUID = 362498820763181265
      keySet = null
      values = null
    virtualHost = "default_host"
    exceptionErrorPages = class java.util.HashMap@83be15ed
      DEFAULT_INITIAL_CAPACITY = 16
      MAXIMUM_CAPACITY = 1073741824
      DEFAULT_LOAD_FACTOR = 0.75
      EMPTY_TABLE = class java.util.HashMap$Entry[0]
      table = class java.util.HashMap$Entry[0]
      size = 0
      threshold = 16
      loadFactor = 0.75
      modCount = 0
      ALTERNATIVE_HASHING_THRESHOLD_DEFAULT = 2147483647
      hashSeed = 0
      entrySet = null
      serialVersionUID = 362498820763181265
      keySet = null
      values = null
    codeErrorPages = class java.util.HashMap@988d267b
      DEFAULT_INITIAL_CAPACITY = 16
      MAXIMUM_CAPACITY = 1073741824
      DEFAULT_LOAD_FACTOR = 0.75
      EMPTY_TABLE = class java.util.HashMap$Entry[0]
      table = class java.util.HashMap$Entry[0]
      size = 0
      threshold = 16
      loadFactor = 0.75
      modCount = 0
      ALTERNATIVE_HASHING_THRESHOLD_DEFAULT = 2147483647
      hashSeed = 0
      entrySet = null
      serialVersionUID = 362498820763181265
      keySet = null
      values = null
    tagLibList = null
    precompileJsps = false
    webApp = class com.ibm.ws.webcontainer31.osgi.webapp.WebApp31@8a272e85
    virtualHostList = class java.util.Collections$EmptyList@27f49f08
      serialVersionUID = 8842843931221139166
      modCount = 0
      MAX_ARRAY_SIZE = 2147483639
    appStartupWeight = 0
    moduleStartupWeight = 0
    metaDataComplete = false
    classesToScan = class java.util.ArrayList@ead2a928
      serialVersionUID = 8683452581122892189
      DEFAULT_CAPACITY = 10
      EMPTY_ELEMENTDATA = class java.lang.Object[0]
      elementData = class java.lang.Object[0]
      size = 0
      MAX_ARRAY_SIZE = 2147483639
      modCount = 0
      MAX_ARRAY_SIZE = 2147483639
    uriFilterMappingInfos = null
    servletFilterMappingInfos = null
    dynamicServletRegistrationMap = null
    applicationName = "ccb"
    libBinPathList = class java.util.ArrayList@6fb1fa8c
      serialVersionUID = 8683452581122892189
      DEFAULT_CAPACITY = 10
      EMPTY_ELEMENTDATA = class java.lang.Object[0]
      elementData = class java.lang.Object[33]
      size = 24
      MAX_ARRAY_SIZE = 2147483639
      modCount = 24
      MAX_ARRAY_SIZE = 2147483639
    webXmlDefinedListeners = class java.util.HashSet@84bcf51f
      serialVersionUID = -5024744406713321676
      map = class java.util.HashMap@bc4af967
      PRESENT = class java.lang.Object@8f688e17
      MAX_ARRAY_SIZE = 2147483639
    allRefs = class java.util.EnumMap@22268c2a
      keyType = class java.lang.Class@b0d3a925
      keyUniverse = class com.ibm.wsspi.injectionengine.JNDIEnvironmentRefType[14]
      vals = class java.lang.Object[14]
      size = 0
      NULL = class java.util.EnumMap$1@bd8fa2ba
      ZERO_LENGTH_ENUM_ARRAY = class java.lang.Enum[0]
      entrySet = null
      serialVersionUID = 458661240069192865
      keySet = null
      values = null
    allRefBindings = class java.util.EnumMap@fb0db94
      keyType = class java.lang.Class@b0d3a925
      keyUniverse = class com.ibm.wsspi.injectionengine.JNDIEnvironmentRefType[14]
      vals = class java.lang.Object[14]
      size = 6
      NULL = class java.util.EnumMap$1@bd8fa2ba
      ZERO_LENGTH_ENUM_ARRAY = class java.lang.Enum[0]
      entrySet = null
      serialVersionUID = 458661240069192865
      keySet = null
      values = null
    envEntryValues = class java.util.HashMap@827d6ba5
      DEFAULT_INITIAL_CAPACITY = 16
      MAXIMUM_CAPACITY = 1073741824
      DEFAULT_LOAD_FACTOR = 0.75
      EMPTY_TABLE = class java.util.HashMap$Entry[0]
      table = class java.util.HashMap$Entry[0]
      size = 0
      threshold = 16
      loadFactor = 0.75
      modCount = 0
      ALTERNATIVE_HASHING_THRESHOLD_DEFAULT = 2147483647
      hashSeed = 0
      entrySet = null
      serialVersionUID = 362498820763181265
      keySet = null
      values = null
    resourceRefConfigList = null
    disallowAllFileServingProp = "false"
    disallowServeServletsByClassnameProp = "true"
    disableStaticMappingCache = false
    jspCachedLocations = class java.util.HashMap@6974191a
      DEFAULT_INITIAL_CAPACITY = 16
      MAXIMUM_CAPACITY = 1073741824
      DEFAULT_LOAD_FACTOR = 0.75
      EMPTY_TABLE = class java.util.HashMap$Entry[0]
      table = class java.util.HashMap$Entry[0]
      size = 0
      threshold = 16
      loadFactor = 0.75
      modCount = 0
      ALTERNATIVE_HASHING_THRESHOLD_DEFAULT = 2147483647
      hashSeed = 0
      entrySet = null
      serialVersionUID = 362498820763181265
      keySet = null
      values = null
    primedSTSHeader = "NoValue"
    enablemultireadofpostdata = false
    _id = "WebAppGeneratedId9"
    _attributes = null
    serialVersionUID = 7511545662945734886
    $$$tc$$$ = class com.ibm.websphere.ras.TraceComponent@5838d6d6
      strings[0] = "TraceComponent[com.ibm.ws.container.BaseConfiguration,class com.ibm.ws.container.BaseConfiguration,[],null,null]"
  webApp = class com.ibm.ws.webcontainer31.osgi.webapp.WebApp31@8a272e85
    tc = class com.ibm.websphere.ras.TraceComponent@e69df3e8
      strings[0] = "TraceComponent[com.ibm.ws.webcontainer31.osgi.webapp.WebApp31,class com.ibm.ws.webcontainer31.osgi.webapp.WebApp31,[webcontainer],com.ibm.ws.webcontainer31.resources.Messages,null]"
    CLASS_NAME = "com.ibm.ws.webcontainer31.osgi.webapp.WebApp31"
    servlet31NLS = class com.ibm.ejs.ras.TraceNLS@972bb877
      resolver = class com.ibm.ws.logging.internal.TraceNLSResolver@64c26d74
      finder = null
      ivBundleName = "com.ibm.ws.webcontainer31.resources.Messages"
      caller = class java.lang.Class@3c25e0db
    validListenerClasses = class java.lang.Class[7]
      validListenerClasses[0] = class java.lang.Class@e9752525
      validListenerClasses[1] = class java.lang.Class@892a1982
      validListenerClasses[2] = class java.lang.Class@b3d37107
      validListenerClasses[3] = class java.lang.Class@472c3599
      validListenerClasses[4] = class java.lang.Class@faf50e12
      validListenerClasses[5] = class java.lang.Class@5de07c72
      validListenerClasses[6] = class java.lang.Class@a53d740c
    wsocServHandler = class com.ibm.ws.wsoc.external.WsocHandlerImpl@273c3945
      tc = class com.ibm.websphere.ras.TraceComponent@279af23c
      noMoreAddsCalled = true
      serialVersionUID = -2067291126638824067
    tc = class com.ibm.websphere.ras.TraceComponent@3d101601
      strings[0] = "TraceComponent[com.ibm.ws.webcontainer.osgi.webapp.WebApp,class com.ibm.ws.webcontainer.osgi.webapp.WebApp,[webcontainer],com.ibm.ws.webcontainer.resources.LShimMessages,null]"
    CLASS_NAME = "com.ibm.ws.webcontainer.osgi.webapp.WebApp"
    metaDataService = class com.ibm.ws.container.service.metadata.internal.MetaDataServiceImpl@77b98e0e
      applicationMetaDataManager = class com.ibm.ws.container.service.metadata.internal.ApplicationMetaDataManager@445fcf7c
      moduleMetaDataManager = class com.ibm.ws.container.service.metadata.internal.ModuleMetaDataManager@787a586
      componentMetaDataManager = class com.ibm.ws.container.service.metadata.internal.ComponentMetaDataManager@6b18b587
      methodMetaDataManager = class com.ibm.ws.container.service.metadata.internal.MethodMetaDataManager@4155cce
      appModuleNameToModuleContainer = class java.util.concurrent.ConcurrentHashMap@e0340ab7
      jeeNameToComponentMetaData = class java.util.concurrent.ConcurrentHashMap@3a0d88d4
      deferredMetaDataFactories = class com.ibm.wsspi.kernel.service.utils.ConcurrentServiceReferenceSet@c4712079
      deferredMetaDataInitializers = class com.ibm.wsspi.kernel.service.utils.ConcurrentServiceReferenceMap@1beeb722
      serialVersionUID = -2494605732980966097
      $$$tc$$$ = class com.ibm.websphere.ras.TraceComponent@cff38e58
    namespacePopulated = false
    referenceContext = class com.ibm.ws.injectionengine.osgi.internal.OSGiReferenceContextImpl@dfd6fdfd
      scopeData = class com.ibm.ws.injectionengine.osgi.internal.OSGiInjectionScopeData@be383c5d
      serialVersionUID = 521511923892134915
      $$$tc$$$ = class com.ibm.websphere.ras.TraceComponent@a82d8f53
      CLASS_NAME = "com.ibm.ws.injectionengine.ReferenceContextImpl"
      tc = class com.ibm.websphere.ras.TraceComponent@977f76db
      ivInjectionEngine = class com.ibm.ws.injectionengine.osgi.internal.OSGiInjectionEngineImpl@8e2296f1
      ivProviders = class java.util.ArrayList@ab575453
      ivComponentJavaContext = null
      ivComponentNameSpace = null
      ivJavaColonCompEnvMap = class java.util.LinkedHashMap@9491c0a
      ivEjbContext10 = class java.util.Properties@32fdc8c4
      ivResourceRefConfigList = null
      isAlreadyProcessed = true
      ivProcessFailure = null
      ivInjectionTargetMap = class java.util.concurrent.ConcurrentHashMap@800314cf
      svInjTarMapCacheSize = 256
      ivDeclaredInjectionTargets = class java.util.HashMap@8c597a74
      ivProcessedInjectionClasses = class java.util.HashSet@c49e0392
      ivProcessedInjectionBindings = class java.util.LinkedHashSet@727ab44f
      ivAnyProcessDynamic = true
      ivCheckAppConfig = false
    j2eeNameFactory = class com.ibm.ws.container.service.metadata.internal.J2EENameFactoryImpl@7553d6a3
      serialVersionUID = 3486344295038028821
      $$$tc$$$ = class com.ibm.websphere.ras.TraceComponent@5f3cdb9a
    moduleLoader = class com.ibm.ws.classloading.internal.AppClassLoader@7eb3a169
      tc = class com.ibm.websphere.ras.TraceComponent@866dfa17
      PARENT_FIRST_SEARCH_ORDER = class java.util.Collections$UnmodifiableRandomAccessList@e80daaeb
      CLASS_LOADING_TRACE_PREFIX = "com.ibm.ws.class.load."
      DEFAULT_PACKAGE = "default.package"
      perPackageClassLoadingTraceComponents = class java.util.concurrent.ConcurrentHashMap@4b64c6aa
      config = class com.ibm.ws.classloading.internal.ClassLoaderConfigurationImpl@424fc319
      privateLibraries = null
      delegateLoaders = class com.ibm.ws.classloading.internal.util.CompositeIterable@48019d48
      nativeLibraryFiles = class java.util.ArrayList@8e1e0464
      transformers = class java.util.ArrayList@61ef8d51
      apiAccess = class com.ibm.ws.classloading.internal.GatewayClassLoader@c47f7692
      generator = class com.ibm.ws.classloading.internal.ClassGeneratorManager@ce198e2c
      protectionDomains = class java.util.concurrent.ConcurrentHashMap@a10a1d00
      parent = class com.ibm.ws.classloading.internal.GatewayClassLoader@c47f7692
      serialVersionUID = -2240525179349384666
      tc = class com.ibm.websphere.ras.TraceComponent@d80445a0
      EMPTY_URL_ARRAY = class java.net.URL[0]
      smartClassPath = class com.ibm.ws.classloading.internal.ContainerClassLoader$SmartClassPathImpl@b7284793
      nativeLibraryContainers = class java.util.ArrayList@b47827e9
      redefiner = class com.ibm.ws.classloading.internal.util.ClassRedefiner@2644c7ed
      mapCreationQueue = class java.util.concurrent.Executors$FinalizableDelegatedExecutorService@4f586884
      serialVersionUID = 7249739282446266343
      serialVersionUID = -7411549862368381758
      $$$tc$$$ = class com.ibm.websphere.ras.TraceComponent@96728577
      serialVersionUID = -4868702105808481416
      $$$tc$$$ = class com.ibm.websphere.ras.TraceComponent@17fda33e
      serialVersionUID = 2596921220292114344
      $$$tc$$$ = class com.ibm.websphere.ras.TraceComponent@eef49b1c
      initialized = true
      pdcache = class java.util.HashMap@1a086d30
      debug = null
      defaultCodeSource = class java.security.CodeSource@31e86542
      bootstrapClassLoader = class com.ibm.oti.vm.BootstrapClassLoader@3fc644bf
      applicationClassLoader = class sun.misc.Launcher$AppClassLoader@e078c018
      initSystemClassLoader = false
      reflectCacheEnabled = true
      reflectCacheAppOnly = true
      reflectCacheDebug = false
      vmRef = 140428788281448
      parent = class com.ibm.ws.classloading.internal.GatewayClassLoader@c47f7692
      initDone = true
      checkAssertionOptions = false
      assertionLock = class java.lang.ClassLoader$AssertionLock@6ed2238
      defaultAssertionStatus = false
      packageAssertionStatus = null
      classAssertionStatus = null
      packages = class java.util.Hashtable@b671802
      lazyInitLock = class java.lang.ClassLoader$LazyInitLock@e61a7c87
      classSigners = null
      packageSigners = class java.util.Hashtable@3c8fb6ee
      emptyCertificates = class java.security.cert.Certificate[0]
      defaultProtectionDomain = null
      parallelCapableCollection = class java.util.Collections$SynchronizedMap@c6e885b7
      classNameBasedLock = null
      isParallelCapable = false
      allowArraySyntax = false
      lazyClassLoaderInit = true
      queue = class java.lang.ref.ReferenceQueue@dd08322a
      methodCache = class java.util.Hashtable@51c54468
      fieldCache = class java.util.Hashtable@435665ef
      constructorCache = class java.util.Hashtable@8c39dafb
    webAppConfig = class com.ibm.ws.webcontainer.osgi.webapp.WebAppConfiguration@8d883dbb
    extensionProcessingDisabled = false
    managedObjectService = class com.ibm.ws.cdi.impl.managedobject.CDIManagedObjectService@b5576891
      cdiServiceRef = class com.ibm.wsspi.kernel.service.utils.AtomicServiceReference@55d23275
      defaultMOSRef = class com.ibm.wsspi.kernel.service.utils.AtomicServiceReference@32979053
      cdiRuntime = class com.ibm.ws.cdi.liberty.CDIRuntimeImpl@720cbd9e
      serialVersionUID = -2697988188171262037
      $$$tc$$$ = class com.ibm.websphere.ras.TraceComponent@832d4807
    GenPluginCfgMB = null
    internalServletMetaData = interface com.ibm.wsspi.webcontainer.metadata.WebComponentMetaData[2]
      internalServletMetaData[0] = null
      internalServletMetaData[1] = null
    loginProcessor = null
    logoutProcessor = null
    collabHelper = class com.ibm.ws.webcontainer.osgi.collaborator.CollaboratorHelperImpl@ba9e0aa5
    envObject = class com.ibm.ws.util.WSThreadLocal@3882d8e3
      tc = class com.ibm.ejs.ras.TraceComponent@e7d2245f
      count = 9
      index = 3
      SUSPECTED_MISUSAGE_THRESHOLD = 200
      threadLocalHashCode = -116154358
      nextHashCode = class java.util.concurrent.atomic.AtomicInteger@3fec6517
      HASH_INCREMENT = 1640531527
    orderedLibPaths = class java.util.Collections$UnmodifiableRandomAccessList@310ad9a
    perm = class com.ibm.websphere.security.WebSphereRuntimePermission@8e1f04a9
      serialVersionUID = -3306242789188168337
      $$$tc$$$ = class com.ibm.websphere.ras.TraceComponent@6670aab3
      serialVersionUID = 6279438298436773498
      wildcard = false
      path = "accessServletContext"
      exitVM = false
      serialVersionUID = -5636570222231596674
      name = "accessServletContext"
    WELCOME_FILE_LIST = "com.ibm.ws.webcontainer.config.WelcomeFileList"
    DIR_BROWSING_MAPPING = "__dirBrowsing__1506364603672"
    FILTER_PROXY_MAPPING = "/__filterProxy__1506364603672"
    logger = class com.ibm.ws.logging.internal.WsLogger@22e821bb
    CLASS_NAME = "com.ibm.ws.webcontainer.webapp.WebApp"
    loader = class com.ibm.ws.classloading.internal.ThreadContextClassLoader@3674c332
      tc = class com.ibm.websphere.ras.TraceComponent@7e597724
      bundle = class java.util.concurrent.atomic.AtomicReference@4e48c0f9
      key = "WebModule:ccb#ccb.war"
      refCount = class java.util.concurrent.atomic.AtomicInteger@fae0739c
      appLoader = class com.ibm.ws.classloading.internal.AppClassLoader@7eb3a169
      serialVersionUID = 7093379526360135425
      followOnClassLoaders = class java.util.ArrayList@427f4b46
      serialVersionUID = -5107316606107305512
      $$$tc$$$ = class com.ibm.websphere.ras.TraceComponent@71421c91
      serialVersionUID = -4868702105808481416
      $$$tc$$$ = class com.ibm.websphere.ras.TraceComponent@17fda33e
      serialVersionUID = 2596921220292114344
      $$$tc$$$ = class com.ibm.websphere.ras.TraceComponent@eef49b1c
      initialized = true
      pdcache = class java.util.HashMap@fc5f08f9
      debug = null
      defaultCodeSource = class java.security.CodeSource@31e86542
      bootstrapClassLoader = class com.ibm.oti.vm.BootstrapClassLoader@3fc644bf
      applicationClassLoader = class sun.misc.Launcher$AppClassLoader@e078c018
      initSystemClassLoader = false
      reflectCacheEnabled = true
      reflectCacheAppOnly = true
      reflectCacheDebug = false
      vmRef = 140428788281048
      parent = class com.ibm.ws.classloading.internal.GatewayClassLoader@c84a7fa5
      initDone = true
      checkAssertionOptions = false
      assertionLock = class java.lang.ClassLoader$AssertionLock@92af4017
      defaultAssertionStatus = false
      packageAssertionStatus = null
      classAssertionStatus = null
      packages = null
      lazyInitLock = class java.lang.ClassLoader$LazyInitLock@e5ec923f
      classSigners = null
      packageSigners = null
      emptyCertificates = class java.security.cert.Certificate[0]
      defaultProtectionDomain = null
      parallelCapableCollection = class java.util.Collections$SynchronizedMap@c6e885b7
      classNameBasedLock = null
      isParallelCapable = false
      allowArraySyntax = false
      lazyClassLoaderInit = true
      queue = class java.lang.ref.ReferenceQueue@dd08322a
      methodCache = null
      fieldCache = null
      constructorCache = null
    facade = class com.ibm.ws.webcontainer31.facade.ServletContextFacade31@e2ab3c55
      context = class com.ibm.ws.webcontainer31.osgi.webapp.WebApp31@8a272e85
    features = class java.util.ArrayList@9706c32d
      serialVersionUID = 8683452581122892189
      DEFAULT_CAPACITY = 10
      EMPTY_ELEMENTDATA = class java.lang.Object[0]
      elementData = class java.lang.Object[0]
      size = 0
      MAX_ARRAY_SIZE = 2147483639
      modCount = 0
      MAX_ARRAY_SIZE = 2147483639
    applicationName = "ccb"
    config = class com.ibm.ws.webcontainer.osgi.webapp.WebAppConfiguration@8d883dbb
    securityEnabledForApp = true
    webExtensionProcessor = class com.ibm.ws.webcontainer.osgi.extension.WebExtensionProcessor@9c64e4fa
      webApp = class com.ibm.ws.webcontainer31.osgi.webapp.WebApp31@8a272e85
      extensionContext = class com.ibm.ws.webcontainer31.osgi.webapp.WebApp31@8a272e85
    production = true
    isServlet23 = true
    contextPath = "/ccb"
    internalServletList = class [Ljava.lang.String;[2]
      internalServletList[0] = class java.lang.String[2]
      internalServletList[1] = class java.lang.String[2]
    BY_NAME_ONLY = "/_1506367794352_/"
    filterManager = class com.ibm.ws.webcontainer.osgi.filter.WebAppFilterManagerImpl@41b6d787
    documentRoot = null
    SERVLET_API_VERSION = "Servlet 2.5"
    disableServletAuditLogging = -1
    serverInfo = "IBM WebSphere Liberty/17.0.0.2"
    sessionCtx = class com.ibm.ws.webcontainer31.session.impl.HttpSessionContext31Impl@fe39d921
      methodClassName = "HttpSessionContextImpl"
      _smc = class com.ibm.ws.session.SessionManagerConfig@80ed2b3e
      sessionStoreService = null
      _sap = class com.ibm.ws.session.SessionApplicationParameters@e3fad9b3
      _coreHttpSessionManager = class com.ibm.ws.session.SessionManager@3a064921
      _coreHttpAppSessionManager = null
      _sam = class com.ibm.ws.webcontainer.session.impl.SessionAffinityManagerImpl@1b75d334
      isSIPApplication = false
      sessionAttributeListener = false
      sessionListener = true
      mHttpSessionAttributeListeners = class java.util.ArrayList@909f1fc4
      mHttpSessionListeners = class java.util.ArrayList@81fd85d3
      mHttpSessionIdListeners = class java.util.ArrayList@20da35d5
      mHttpSessionAttributeListenersJ2eeNames = class java.util.ArrayList@67c782c9
      mHttpSessionListenersJ2eeNames = class java.util.ArrayList@9e517651
      mHttpSessionIdListenersJ2eeNames = class java.util.ArrayList@75b698a5
      mLocalHost = null
      _refCount = 1
      currentThreadSacHashtable = null
      methodClassName = "SessionContext"
      ANONYMOUS_USER = "anonymous"
      wasHttpSessionObserver = class com.ibm.ws.session.WasHttpSessionObserver@bb951064
      wasHttpSessionAttributeObserver = null
      _invalidator = class com.ibm.ws.session.SessionInvalidatorWithThreadPool@60cf98d6
      _storer = class com.ibm.ws.session.EOSSessionStorer@f6910fc0
      wasHttpAppSessionObserver = null
      mHttpAppSessionListeners = null
      cmvcInfo = "CMVC Version 1.9 6/24/07 11:12:24"
      _loggedVersion = true
      CREATE_CORE_SESSION_MANAGER = 0
      GET_REQUESTED_SESSION_ID = 1
      GET_IHTTP_SESSION = 2
      SESSION_PRE_INVOKE = 3
      SESSION_POST_INVOKE = 4
      STOP = 5
      STOP_LISTENERS = 6
      IS_VALID = 7
      ENCODE_URL = 8
      SHOULD_ENCODE_URL = 9
      IS_PROTOCOL_SWITCH = 10
      GET_LOCAL_HOST = 11
      ADD_HTTP_SESSION_ATTRIBUTE_LISTENER = 12
      ADD_HTTP_SESSION_LISTENER = 13
      GET_SESSION_AFFINITY_CONTEXT = 14
      CHECK_SECURITY = 15
      INVALIDATE = 16
      CHECK_SESSSIONID_IS_RIGHT_LENGTH = 17
      LOCK_SESSION = 18
      UNLOCK_SESSION = 19
      ADD_HTTP_SESSION_ID_LISTENER = 20
      methodNames = class java.lang.String[21]
    eventSource = class com.ibm.ws.webcontainer.webapp.WebAppEventSource@e8a6828d
    nls = class com.ibm.ejs.ras.TraceNLS@8eded94f
      resolver = class com.ibm.ws.logging.internal.TraceNLSResolver@64c26d74
      finder = null
      ivBundleName = "com.ibm.ws.webcontainer.resources.Messages"
      caller = class java.lang.Class@ee5642cd
    liberty_nls = class com.ibm.ejs.ras.TraceNLS@93e77108
      resolver = class com.ibm.ws.logging.internal.TraceNLSResolver@64c26d74
      finder = null
      ivBundleName = "com.ibm.ws.webcontainer.resources.LShimMessages"
      caller = class java.lang.Class@ee5642cd
    error_nls = class com.ibm.ejs.ras.TraceNLS@b538d642
      resolver = class com.ibm.ws.logging.internal.TraceNLSResolver@64c26d74
      finder = null
      ivBundleName = "com.ibm.ws.webcontainer.resources.ErrorPage"
      caller = class java.lang.Class@ee5642cd
    sessionListeners = class java.util.ArrayList@70408aea
      serialVersionUID = 8683452581122892189
      DEFAULT_CAPACITY = 10
      EMPTY_ELEMENTDATA = class java.lang.Object[0]
      elementData = class java.lang.Object[10]
      size = 1
      MAX_ARRAY_SIZE = 2147483639
      modCount = 2
      MAX_ARRAY_SIZE = 2147483639
    sessionIdListeners = class java.util.ArrayList@8a74dbc6
      serialVersionUID = 8683452581122892189
      DEFAULT_CAPACITY = 10
      EMPTY_ELEMENTDATA = class java.lang.Object[0]
      elementData = class java.lang.Object[0]
      size = 0
      MAX_ARRAY_SIZE = 2147483639
      modCount = 0
      MAX_ARRAY_SIZE = 2147483639
    sessionAttrListeners = class java.util.ArrayList@bc8f2b8f
      serialVersionUID = 8683452581122892189
      DEFAULT_CAPACITY = 10
      EMPTY_ELEMENTDATA = class java.lang.Object[0]
      elementData = class java.lang.Object[0]
      size = 0
      MAX_ARRAY_SIZE = 2147483639
      modCount = 1
      MAX_ARRAY_SIZE = 2147483639
    addedSessionListeners = class java.util.ArrayList@69c84ccc
      serialVersionUID = 8683452581122892189
      DEFAULT_CAPACITY = 10
      EMPTY_ELEMENTDATA = class java.lang.Object[0]
      elementData = class java.lang.Object[0]
      size = 0
      MAX_ARRAY_SIZE = 2147483639
      modCount = 0
      MAX_ARRAY_SIZE = 2147483639
    addedSessionAttrListeners = class java.util.ArrayList@b0d86d3c
      serialVersionUID = 8683452581122892189
      DEFAULT_CAPACITY = 10
      EMPTY_ELEMENTDATA = class java.lang.Object[0]
      elementData = class java.lang.Object[0]
      size = 0
      MAX_ARRAY_SIZE = 2147483639
      modCount = 0
      MAX_ARRAY_SIZE = 2147483639
    servletContextListeners = class java.util.ArrayList@2f28dfde
      serialVersionUID = 8683452581122892189
      DEFAULT_CAPACITY = 10
      EMPTY_ELEMENTDATA = class java.lang.Object[0]
      elementData = class java.lang.Object[10]
      size = 4
      MAX_ARRAY_SIZE = 2147483639
      modCount = 5
      MAX_ARRAY_SIZE = 2147483639
    servletContextLAttrListeners = class java.util.ArrayList@39ae8c82
      serialVersionUID = 8683452581122892189
      DEFAULT_CAPACITY = 10
      EMPTY_ELEMENTDATA = class java.lang.Object[0]
      elementData = class java.lang.Object[0]
      size = 0
      MAX_ARRAY_SIZE = 2147483639
      modCount = 1
      MAX_ARRAY_SIZE = 2147483639
    servletRequestListeners = class java.util.ArrayList@b356f01e
      serialVersionUID = 8683452581122892189
      DEFAULT_CAPACITY = 10
      EMPTY_ELEMENTDATA = class java.lang.Object[0]
      elementData = class java.lang.Object[0]
      size = 0
      MAX_ARRAY_SIZE = 2147483639
      modCount = 1
      MAX_ARRAY_SIZE = 2147483639
    servletRequestLAttrListeners = class java.util.ArrayList@6429e0f7
      serialVersionUID = 8683452581122892189
      DEFAULT_CAPACITY = 10
      EMPTY_ELEMENTDATA = class java.lang.Object[0]
      elementData = class java.lang.Object[0]
      size = 0
      MAX_ARRAY_SIZE = 2147483639
      modCount = 1
      MAX_ARRAY_SIZE = 2147483639
    prependSlashToResource = false
    destroyed = false
    webAppNameSpaceCollab = class com.ibm.ws.webcontainer.osgi.collaborator.WebAppNameSpaceCollaboratorImpl@21073426
    txCollab = class com.ibm.ws.transaction.services.WebAppTransactionCollaboratorImpl@9420bf9
    sessionActivationListeners = class java.util.ArrayList@78a00c1f
      serialVersionUID = 8683452581122892189
      DEFAULT_CAPACITY = 10
      EMPTY_ELEMENTDATA = class java.lang.Object[0]
      elementData = class java.lang.Object[0]
      size = 0
      MAX_ARRAY_SIZE = 2147483639
      modCount = 1
      MAX_ARRAY_SIZE = 2147483639
    sessionBindingListeners = class java.util.ArrayList@1ba441d0
      serialVersionUID = 8683452581122892189
      DEFAULT_CAPACITY = 10
      EMPTY_ELEMENTDATA = class java.lang.Object[0]
      elementData = class java.lang.Object[0]
      size = 0
      MAX_ARRAY_SIZE = 2147483639
      modCount = 1
      MAX_ARRAY_SIZE = 2147483639
    scratchdir = null
    jspClassLoaderLimit = 0
    jspClassLoaderExclusionList = null
    jspClassLoadersMap = null
    jspClassLoaderLimitTrackIF = false
    defaultExtProc = null
    directoryBrowsingServlet = null
    cdiContexts = class java.util.concurrent.ConcurrentHashMap@82a5f833
      serialVersionUID = 7249069246763182397
      DEFAULT_INITIAL_CAPACITY = 16
      DEFAULT_LOAD_FACTOR = 0.75
      DEFAULT_CONCURRENCY_LEVEL = 16
      MAXIMUM_CAPACITY = 1073741824
      MAX_SEGMENTS = 65536
      RETRIES_BEFORE_LOCK = 2
      hashSeed = 0
      segmentMask = 15
      segmentShift = 28
      segments = class java.util.concurrent.ConcurrentHashMap$Segment[16]
      keySet = null
      entrySet = null
      values = null
      UNSAFE = class sun.misc.Unsafe@b6b8c0ee
      HASHSEED_OFFSET = 32
      SEGSHIFT_OFFSET = 40
      SEGMASK_OFFSET = 36
      SEGMENTS_OFFSET = 16
      keySet = null
      values = null
    moduleConfig = class com.ibm.ws.webcontainer.osgi.container.DeployedModule@6692f2b0
      tc = class com.ibm.websphere.ras.TraceComponent@9b55a3d4
      loader = class com.ibm.ws.classloading.internal.ThreadContextClassLoader@3674c332
      webApp = class com.ibm.ws.webcontainer31.osgi.webapp.WebApp31@8a272e85
      webAppConfig = class com.ibm.ws.webcontainer.osgi.webapp.WebAppConfiguration@8d883dbb
      contextRootAdded = null
      properContextRoot = "/ccb"
      mappingContextRoot = "/ccb/*"
      serialVersionUID = -2104814060051592457
      $$$tc$$$ = class com.ibm.websphere.ras.TraceComponent@9970cfcb
    extensionFactories = class java.util.ArrayList@3a6f0168
      serialVersionUID = 8683452581122892189
      DEFAULT_CAPACITY = 10
      EMPTY_ELEMENTDATA = class java.lang.Object[0]
      elementData = class java.lang.Object[10]
      size = 4
      MAX_ARRAY_SIZE = 2147483639
      modCount = 14
      MAX_ARRAY_SIZE = 2147483639
    initialized = true
    lock = class com.ibm.ws.webcontainer.webapp.WebApp$1@d8a32329
      this$0 = class com.ibm.ws.webcontainer31.osgi.webapp.WebApp31@8a272e85
    afterServletContextCreated = false
    redirectContextRoot = false
    errorExceptionTypeFirst = false
    initFilterBeforeServletInit = false
    sortedServletConfigs = class java.util.ArrayList@b8e91078
      serialVersionUID = 8683452581122892189
      DEFAULT_CAPACITY = 10
      EMPTY_ELEMENTDATA = class java.lang.Object[0]
      elementData = class java.lang.Object[10]
      size = 2
      MAX_ARRAY_SIZE = 2147483639
      modCount = 2
      MAX_ARRAY_SIZE = 2147483639
    effectiveMajorVersion = 3
    effectiveMinorVersion = 0
    canAddServletContextListener = true
    withinContextInitOfProgAddListener = false
    lastProgAddListenerInitialized = "com.ibm.ws.cache.CacheServiceImpl"
    webInfLibClassloader = null
    metaInfCache = class com.ibm.ws.webcontainer.webapp.WebApp$2@1c20ffc8
      this$0 = class com.ibm.ws.webcontainer31.osgi.webapp.WebApp31@8a272e85
      serialVersionUID = 3801124242820219131
      header = class java.util.LinkedHashMap$Entry@de462b7f
      accessOrder = true
      DEFAULT_INITIAL_CAPACITY = 16
      MAXIMUM_CAPACITY = 1073741824
      DEFAULT_LOAD_FACTOR = 0.75
      EMPTY_TABLE = class java.util.HashMap$Entry[0]
      table = class java.util.HashMap$Entry[0]
      size = 0
      threshold = 21
      loadFactor = 1.0
      modCount = 0
      ALTERNATIVE_HASHING_THRESHOLD_DEFAULT = 2147483647
      hashSeed = 0
      entrySet = null
      serialVersionUID = 362498820763181265
      keySet = null
      values = null
    useMetaInfCache = true
    SUN_CONFIGURE_LISTENER_CLASSNAME = "com.sun.faces.config.ConfigureListener"
    MYFACES_LIFECYCLE_LISTENER_CLASSNAME = "org.apache.myfaces.webapp.StartupServletContextListener"
    JSF_IMPL_ENABLED_PARAM = "com.ibm.ws.jsf.JSF_IMPL_ENABLED"
    JSF_IMPL_ENABLED_CUSTOM = "Custom"
    JSF_IMPL_ENABLED_NONE = "None"
    staticDocRoot = class com.ibm.ws.webcontainer.util.DocumentRootUtils@9c4dd63c
      logger = class com.ibm.ws.logging.internal.WsLogger@981732d
      CLASS_NAME = "com.ibm.ws.webcontainer.util.DocumentRootUtils"
      useContentLength = false
      matchedFile = null
      matchedZipFile = null
      matchedEntry = null
      matchedURL = null
      edrRoot = null
      pfedrRoot = null
      ctxt = class com.ibm.ws.webcontainer31.osgi.webapp.WebApp31@8a272e85
      baseDir = null
      edr = null
      pfedr = null
      metaInfRes = null
      searchpfEDR = false
      searchEDR = false
      searchMetaInfRes = true
      matchFromEDR = false
      matchFromMetaInfRes = false
      matchIsADirectory = false
      appConfig = class com.ibm.ws.webcontainer.osgi.webapp.WebAppConfiguration@8d883dbb
      attributeType = "staticFile"
      STATIC_FILE = "staticFile"
      JSP = "jsp"
      PFEDR = "preFragmentExtendedDocumentRoot"
      EDR = "extendedDocumentRoot"
    jspDocRoot = class com.ibm.ws.webcontainer.util.DocumentRootUtils@3b496052
      logger = class com.ibm.ws.logging.internal.WsLogger@981732d
      CLASS_NAME = "com.ibm.ws.webcontainer.util.DocumentRootUtils"
      useContentLength = false
      matchedFile = null
      matchedZipFile = null
      matchedEntry = null
      matchedURL = null
      edrRoot = null
      pfedrRoot = null
      ctxt = class com.ibm.ws.webcontainer31.osgi.webapp.WebApp31@8a272e85
      baseDir = null
      edr = null
      pfedr = null
      metaInfRes = null
      searchpfEDR = false
      searchEDR = false
      searchMetaInfRes = true
      matchFromEDR = false
      matchFromMetaInfRes = false
      matchIsADirectory = false
      appConfig = class com.ibm.ws.webcontainer.osgi.webapp.WebAppConfiguration@8d883dbb
      attributeType = "jsp"
      STATIC_FILE = "staticFile"
      JSP = "jsp"
      PFEDR = "preFragmentExtendedDocumentRoot"
      EDR = "extendedDocumentRoot"
    container = class com.ibm.ws.adaptable.module.internal.AdaptableContainerImpl@3d4d3c9
      root = class com.ibm.ws.adaptable.module.internal.AdaptableContainerImpl@3d4d3c9
      rootOverlay = class com.ibm.ws.artifact.overlay.internal.DirectoryBasedOverlayContainerImpl@f3cae9da
      factoryHolder = class com.ibm.ws.adaptable.module.internal.AdaptableModuleFactoryImpl@ab90762f
      delegate = class com.ibm.ws.artifact.overlay.internal.DirectoryBasedOverlayContainerImpl@f3cae9da
      notifier = class com.ibm.ws.adaptable.module.internal.NotifierImpl@acd309ef
      serialVersionUID = -5621513278641113667
      $$$tc$$$ = class com.ibm.websphere.ras.TraceComponent@6d9ce5a9
    metaInfResourceFinder = class com.ibm.ws.webcontainer.util.MetaInfResourceFinder@1f548783
      jarResourceContainers = class java.util.ArrayList@b4ad3cdb
      container = class com.ibm.ws.adaptable.module.internal.AdaptableContainerImpl@3d4d3c9
    postConstructMethods = class com.ibm.ws.webcontainer.webapp.WebApp$AnnotatedMethods@fb0b0b23
      annotationClass = class java.lang.Class@e96bfdef
      noOpClassNames = class java.util.HashSet@2375344e
      annotatedMethodNames = class java.util.concurrent.ConcurrentHashMap@85c73ae2
      EMPTY_METHODS = class java.lang.reflect.Method[0]
    preDestroyMethods = class com.ibm.ws.webcontainer.webapp.WebApp$AnnotatedMethods@549bf499
      annotationClass = class java.lang.Class@11aaed74
      noOpClassNames = class java.util.HashSet@c2b3f3fc
      annotatedMethodNames = class java.util.concurrent.ConcurrentHashMap@516ba73e
      EMPTY_METHODS = class java.lang.reflect.Method[0]
    OBJ_EMPTY = class java.lang.Object[0]
    CLASS_EMPTY = class java.lang.Class[0]
    DEFAULT_JSP_EXTENSIONS = class java.util.ArrayList@c209024c
      serialVersionUID = 8683452581122892189
      DEFAULT_CAPACITY = 10
      EMPTY_ELEMENTDATA = class java.lang.Object[0]
      elementData = class java.lang.Object[10]
      size = 4
      MAX_ARRAY_SIZE = 2147483639
      modCount = 4
      MAX_ARRAY_SIZE = 2147483639
    DEFER_SERVLET_REQUEST_LISTENER_DESTROY_ON_ERROR = false
    DO_ACCEPT_PARTIAL = true
    DO_NOT_ACCEPT_PARTIAL = false
    DO_ACCEPT_EXCLUDED = true
    DO_NOT_ACCEPT_EXCLUDED = false
    commands = class java.util.ArrayList@a4e68049
      serialVersionUID = 8683452581122892189
      DEFAULT_CAPACITY = 10
      EMPTY_ELEMENTDATA = class java.lang.Object[0]
      elementData = class java.lang.Object[3]
      size = 0
      MAX_ARRAY_SIZE = 2147483639
      modCount = 0
      MAX_ARRAY_SIZE = 2147483639
    requestMapper = class com.ibm.wsspi.webcontainer.util.URIMapper@e221462b
      matcher = class com.ibm.wsspi.webcontainer.util.URIMatcher@c6767c68
    parent = class com.ibm.ws.webcontainer.osgi.webapp.WebGroup@fb693131
      tc = class com.ibm.websphere.ras.TraceComponent@68ce4399
      logger = class com.ibm.ws.logging.internal.WsLogger@22e821bb
      CLASS_NAME = "com.ibm.ws.webcontainer.webapp.WebGroup"
      sessUrlRewritePrefix = ";jsessionid="
      qMark = "?"
      config = class com.ibm.ws.webcontainer.osgi.webapp.WebGroupConfiguration@332025fd
      webApp = class com.ibm.ws.webcontainer31.osgi.webapp.WebApp31@8a272e85
      commands = class java.util.ArrayList@354d00ae
      requestMapper = null
      parent = class com.ibm.ws.webcontainer.osgi.DynamicVirtualHost@62a5c4a1
      name = "/ccb/*"
      isAlive = true
      subElements = class java.util.HashMap@e9576d73
      attributes = null
      config = null
      serialVersionUID = -8271459000149267764
      $$$tc$$$ = class com.ibm.websphere.ras.TraceComponent@6ef36690
    name = "ccb"
    isAlive = true
    subElements = null
    attributes = class java.util.Collections$SynchronizedMap@f1b3dc26
      serialVersionUID = 1978198479659022715
      m = class java.util.HashMap@7382eb9e
      mutex = class java.util.Collections$SynchronizedMap@f1b3dc26
      keySet = null
      entrySet = null
      values = null
    config = null
    serialVersionUID = -8271459000149267764
    $$$tc$$$ = class com.ibm.websphere.ras.TraceComponent@6ef36690
      strings[0] = "TraceComponent[com.ibm.ws.container.AbstractContainer,class com.ibm.ws.container.AbstractContainer,[],null,null]"
  collabHelper = class com.ibm.ws.webcontainer.osgi.collaborator.CollaboratorHelperImpl@ba9e0aa5
    webAppInvCollabs = class java.util.Collections$UnmodifiableSet@ee3fe173
      serialVersionUID = -9215047833775013803
      serialVersionUID = 1820017752578914078
      c = class java.util.concurrent.CopyOnWriteArraySet@8c06fa2
    securityDomainForApp = null
    logger = class com.ibm.ws.logging.internal.WsLogger@7a117dab
      tc = class com.ibm.websphere.ras.TraceComponent@8e4eef08
      ivCachedResourceBundleName = null
      ivCachedResourceBundle = null
      ivComponent = null
      ivOrganization = null
      ivProduct = null
      ivMinimumLocalizationLevelIntValue = 625
      ivTC = class com.ibm.websphere.ras.TraceComponent@c07772d7
      loggerRegistrationComponent = class java.lang.ThreadLocal@3f84a4d4
      emptyHandlers = class java.util.logging.Handler[0]
      offValue = 2147483647
      manager = class com.ibm.ws.kernel.boot.logging.WsLogManager@40933060
      name = "com.ibm.ws.webcontainer.collaborator"
      handlers = class java.util.concurrent.CopyOnWriteArrayList@a2949c
      resourceBundleName = "com.ibm.ws.webcontainer.resources.Messages"
      useParentHandlers = true
      filter = null
      anonymous = false
      catalog = class com.ibm.ws.webcontainer.resources.Messages@644d80d3
      catalogName = "com.ibm.ws.webcontainer.resources.Messages"
      catalogLocale = class java.util.Locale@6527de1
      treeLock = class java.lang.Object@1a800960
      parent = class com.ibm.ws.logging.internal.WsLogger@844b0f05
      kids = null
      levelObject = class java.util.logging.Level@1e611bb1
      levelValue = 800
      callersClassLoaderRef = class java.lang.ref.WeakReference@ccfa5757
      isSystemLogger = false
      GLOBAL_LOGGER_NAME = "global"
      global = class java.util.logging.Logger@ec67da34
      SYSTEM_LOGGER_RB_NAME = "sun.util.logging.resources.logging"
    staticDefaultSecurityCollaborator = class com.ibm.ws.webcontainer.collaborator.WebAppSecurityCollaborator@f992569d
    logger = class com.ibm.ws.logging.internal.WsLogger@1a4b0315
      tc = class com.ibm.websphere.ras.TraceComponent@8e4eef08
      ivCachedResourceBundleName = null
      ivCachedResourceBundle = null
      ivComponent = null
      ivOrganization = null
      ivProduct = null
      ivMinimumLocalizationLevelIntValue = 625
      ivTC = class com.ibm.websphere.ras.TraceComponent@e1ac6df7
      loggerRegistrationComponent = class java.lang.ThreadLocal@3f84a4d4
      emptyHandlers = class java.util.logging.Handler[0]
      offValue = 2147483647
      manager = class com.ibm.ws.kernel.boot.logging.WsLogManager@40933060
      name = "com.ibm.wsspi.webcontainer.collaborator"
      handlers = class java.util.concurrent.CopyOnWriteArrayList@b05e46d7
      resourceBundleName = "com.ibm.ws.webcontainer.resources.Messages"
      useParentHandlers = true
      filter = null
      anonymous = false
      catalog = class com.ibm.ws.webcontainer.resources.Messages@644d80d3
      catalogName = "com.ibm.ws.webcontainer.resources.Messages"
      catalogLocale = class java.util.Locale@6527de1
      treeLock = class java.lang.Object@1a800960
      parent = class com.ibm.ws.logging.internal.WsLogger@b739c93d
      kids = null
      levelObject = class java.util.logging.Level@1e611bb1
      levelValue = 800
      callersClassLoaderRef = class java.lang.ref.WeakReference@b4d9e789
      isSystemLogger = false
      GLOBAL_LOGGER_NAME = "global"
      global = class java.util.logging.Logger@ec67da34
      SYSTEM_LOGGER_RB_NAME = "sun.util.logging.resources.logging"
    CLASS_NAME = "com.ibm.wsspi.webcontainer.collaborator.CollaboratorHelper"
    webApp = class com.ibm.ws.webcontainer31.osgi.webapp.WebApp31@8a272e85
    securityCollaborator = class com.ibm.ws.webcontainer.security.WebAppSecurityCollaboratorImpl@fede21e8
    nameSpaceCollaborator = class com.ibm.ws.webcontainer.osgi.collaborator.WebAppNameSpaceCollaboratorImpl@21073426
    transactionCollaborator = class com.ibm.ws.transaction.services.WebAppTransactionCollaboratorImpl@9420bf9
      tc = class com.ibm.websphere.ras.TraceComponent@25ee7c2e
      ltCurrentRef = class com.ibm.wsspi.kernel.service.utils.AtomicServiceReference@71299e04
      tranMgrRef = class com.ibm.wsspi.kernel.service.utils.AtomicServiceReference@e0c5d2f3
      userTranRef = class com.ibm.wsspi.kernel.service.utils.AtomicServiceReference@b49304c7
      uowCallbackRef = class com.ibm.wsspi.kernel.service.utils.AtomicServiceReference@eeac4fae
      serialVersionUID = -8319003162899973281
    connectionCollaborator = class com.ibm.ws.webcontainer.collaborator.ConnectionCollaborator@5c50e658
    allCollabEnum = class java.util.RegularEnumSet@451f8731
      serialVersionUID = 3411599620347842686
      elements = 511
      elementType = class java.lang.Class@352c4822
      universe = class com.ibm.wsspi.webcontainer.collaborator.CollaboratorInvocationEnum[9]
      ZERO_LENGTH_ENUM_ARRAY = class java.lang.Enum[0]
      MAX_ARRAY_SIZE = 2147483639
    servlet_23_or_greater = true
    DEFER_SERVLET_REQUEST_LISTENER_DESTROY_ON_ERROR = false
  webAppNameSpaceCollab = class com.ibm.ws.webcontainer.osgi.collaborator.WebAppNameSpaceCollaboratorImpl@21073426
    cmdai = class com.ibm.ws.threadContext.ComponentMetaDataAccessorImpl@c58b485d
      tc = class com.ibm.websphere.ras.TraceComponent@3b13275a
      cmdai = class com.ibm.ws.threadContext.ComponentMetaDataAccessorImpl@c58b485d
      threadContext = class com.ibm.ws.threadContext.ThreadContextImpl@9c4ecd90
      defaultCMD = null
  secCollab = class com.ibm.ws.webcontainer.security.WebAppSecurityCollaboratorImpl@fede21e8
    tc = class com.ibm.websphere.ras.TraceComponent@4d07708a
      strings[0] = "TraceComponent[com.ibm.ws.webcontainer.security.WebAppSecurityCollaboratorImpl,class com.ibm.ws.webcontainer.security.WebAppSecurityCollaboratorImpl,[WebAppSecurity],com.ibm.ws.webcontainer.security.resources.WebAppSecurityMessages,null]"
    KEY_ID = "id"
    KEY_SERVICE_ID = "service.id"
    KEY_COMPONENT_NAME = "component.name"
    KEY_SECURITY_SERVICE = "securityService"
    KEY_TAI_SERVICE = "taiService"
    KEY_INTERCEPTOR_SERVICE = "interceptorService"
    KEY_OAUTH_SERVICE = "oauthService"
    KEY_OIDC_SERVER = "oidcServer"
    KEY_OIDC_CLIENT = "oidcClient"
    KEY_OPENID_CLIENT_SERVICE = "openidClientService"
    KEY_JACC_SERVICE = "jaccService"
    JASPI_SERVICE_COMPONENT_NAME = "com.ibm.ws.security.jaspi"
    KEY_WEB_AUTHENTICATOR = "webAuthenticator"
    KEY_UNPROTECTED_RESOURCE_SERVICE = "unprotectedResourceService"
    DELEGATION_USERS_LIST = "DELEGATION_USERS_LIST"
    webAuthenticatorRef = class com.ibm.wsspi.kernel.service.utils.ConcurrentServiceReferenceMap@69302bbb
      referenceName = "webAuthenticator"
      context = class org.apache.felix.scr.impl.manager.ComponentContextImpl@19e41a42
      elementMap = class java.util.concurrent.ConcurrentHashMap@6737db9a
      serialVersionUID = 6980924785166233786
      $$$tc$$$ = class com.ibm.websphere.ras.TraceComponent@2f89ac03
    unprotectedResourceServiceRef = class com.ibm.wsspi.kernel.service.utils.ConcurrentServiceReferenceMap@b7a04f73
      referenceName = "unprotectedResourceService"
      context = class org.apache.felix.scr.impl.manager.ComponentContextImpl@19e41a42
      elementMap = class java.util.concurrent.ConcurrentHashMap@6423f626
      serialVersionUID = 6980924785166233786
      $$$tc$$$ = class com.ibm.websphere.ras.TraceComponent@2f89ac03
    taiServiceRef = class com.ibm.wsspi.kernel.service.utils.AtomicServiceReference@282b970c
      referenceName = "taiService"
      tuple = class java.util.concurrent.atomic.AtomicReference@198c7d74
      serialVersionUID = 2226592364007985000
      $$$tc$$$ = class com.ibm.websphere.ras.TraceComponent@3208da81
    interceptorServiceRef = class com.ibm.wsspi.kernel.service.utils.ConcurrentServiceReferenceMap@c0bb905b
      referenceName = "interceptorService"
      context = class org.apache.felix.scr.impl.manager.ComponentContextImpl@19e41a42
      elementMap = class java.util.concurrent.ConcurrentHashMap@bc5dbd09
      serialVersionUID = 6980924785166233786
      $$$tc$$$ = class com.ibm.websphere.ras.TraceComponent@2f89ac03
    oauthServiceRef = class com.ibm.wsspi.kernel.service.utils.AtomicServiceReference@b2ac85d1
      referenceName = "oauthService"
      tuple = class java.util.concurrent.atomic.AtomicReference@16accbee
      serialVersionUID = 2226592364007985000
      $$$tc$$$ = class com.ibm.websphere.ras.TraceComponent@3208da81
    oidcServerRef = class com.ibm.wsspi.kernel.service.utils.AtomicServiceReference@edb4eeeb
      referenceName = "oidcServer"
      tuple = class java.util.concurrent.atomic.AtomicReference@daaefdeb
      serialVersionUID = 2226592364007985000
      $$$tc$$$ = class com.ibm.websphere.ras.TraceComponent@3208da81
    oidcClientRef = class com.ibm.wsspi.kernel.service.utils.AtomicServiceReference@c4342634
      referenceName = "oidcClient"
      tuple = class java.util.concurrent.atomic.AtomicReference@fb7ac54
      serialVersionUID = 2226592364007985000
      $$$tc$$$ = class com.ibm.websphere.ras.TraceComponent@3208da81
    openidClientRef = class com.ibm.wsspi.kernel.service.utils.AtomicServiceReference@58ea416b
      referenceName = "openidClientService"
      tuple = class java.util.concurrent.atomic.AtomicReference@afd76be8
      serialVersionUID = 2226592364007985000
      $$$tc$$$ = class com.ibm.websphere.ras.TraceComponent@3208da81
    securityServiceRef = class com.ibm.wsspi.kernel.service.utils.AtomicServiceReference@e2e6f93
      referenceName = "securityService"
      tuple = class java.util.concurrent.atomic.AtomicReference@52cf504c
      serialVersionUID = 2226592364007985000
      $$$tc$$$ = class com.ibm.websphere.ras.TraceComponent@3208da81
    jaccServiceRef = class com.ibm.wsspi.kernel.service.utils.AtomicServiceReference@1ca78f83
      referenceName = "jaccService"
      tuple = class java.util.concurrent.atomic.AtomicReference@29d5edbd
      serialVersionUID = 2226592364007985000
      $$$tc$$$ = class com.ibm.websphere.ras.TraceComponent@3208da81
    KEY_LOCATION_ADMIN = "locationAdmin"
    locationAdminRef = class com.ibm.wsspi.kernel.service.utils.AtomicServiceReference@fe49b3d6
      referenceName = "locationAdmin"
      tuple = class java.util.concurrent.atomic.AtomicReference@5eb94189
      serialVersionUID = 2226592364007985000
      $$$tc$$$ = class com.ibm.websphere.ras.TraceComponent@3208da81
    PERMIT_REPLY = class com.ibm.ws.webcontainer.security.internal.PermitReply@64be5040
      serialVersionUID = 8303150652534131684
      $$$tc$$$ = class com.ibm.websphere.ras.TraceComponent@94aca33c
      responseCode = 200
      message = "OK"
      serialVersionUID = -2052464364003317781
      $$$tc$$$ = class com.ibm.websphere.ras.TraceComponent@f1adc026
    DENY_AUTHN_FAILED = class com.ibm.ws.webcontainer.security.internal.DenyReply@e3bc6500
      serialVersionUID = -5683685740512191354
      $$$tc$$$ = class com.ibm.websphere.ras.TraceComponent@f98ba057
      responseCode = 403
      message = "AuthenticationFailed"
      serialVersionUID = -2052464364003317781
      $$$tc$$$ = class com.ibm.websphere.ras.TraceComponent@f1adc026
    DENY_AUTHZ_FAILED = class com.ibm.ws.webcontainer.security.internal.DenyReply@6deeb295
      serialVersionUID = -5683685740512191354
      $$$tc$$$ = class com.ibm.websphere.ras.TraceComponent@f98ba057
      responseCode = 403
      message = "AuthorizationFailed"
      serialVersionUID = -2052464364003317781
      $$$tc$$$ = class com.ibm.websphere.ras.TraceComponent@f1adc026
    AUTH_TYPE = "AUTH_TYPE"
    ALL_AUTHENTICATED_ROLE = "**"
    STARSTAR_ROLE = "_starstar_"
    globalConfig = class com.ibm.ws.webcontainer.security.internal.WebAppSecurityConfigImpl@cd63ab63
      tc = class com.ibm.websphere.ras.TraceComponent@edb36286
      WLP_USER_DIR = "${wlp.user.dir}"
      AUTO_GEN_COOKIE_NAME_PREFIX = "WAS_"
      DEFAULT_SSO_COOKIE_NAME = "LtpaToken2"
      CFG_KEY_LOGOUT_ON_HTTP_SESSION_EXPIRE = "logoutOnHttpSessionExpire"
      CFG_KEY_SINGLE_SIGN_ON_ENABLED = "singleSignonEnabled"
      CFG_KEY_PRESERVE_FULLY_QUALIFIED_REFERRER_URL = "preserveFullyQualifiedReferrerUrl"
      CFG_KEY_POSTPARAM_SAVE_METHOD = "postParamSaveMethod"
      CFG_KEY_POSTPARAM_COOKIE_SIZE = "postParamCookieSize"
      CFG_KEY_ALLOW_LOGOUT_PAGE_REDIRECT_TO_ANY_HOST = "allowLogoutPageRedirectToAnyHost"
      CFG_KEY_LOGOUT_PAGE_REDIRECT_DOMAIN_NAMES = "logoutPageRedirectDomainNames"
      CFG_KEY_WAS_REQ_URL_REDIRECT_DOMAIN_NAMES = "wasReqURLRedirectDomainNames"
      CFG_KEY_SSO_COOKIE_NAME = "ssoCookieName"
      CFG_KEY_AUTO_GEN_SSO_COOKIE_NAME = "autoGenSsoCookieName"
      CFG_KEY_FAIL_OVER_TO_BASICAUTH = "allowFailOverToBasicAuth"
      CFG_KEY_DISPLAY_AUTHENTICATION_REALM = "displayAuthenticationRealm"
      CFG_KEY_HTTP_ONLY_COOKIES = "httpOnlyCookies"
      CFG_KEY_WEB_ALWAYS_LOGIN = "webAlwaysLogin"
      CFG_KEY_SSO_DOMAIN_NAMES = "ssoDomainNames"
      CFG_KEY_SSO_REQUIRES_SSL = "ssoRequiresSSL"
      CFG_KEY_SSO_USE_DOMAIN_FROM_URL = "ssoUseDomainFromURL"
      CFG_KEY_USE_AUTH_DATA_FOR_UNPROTECTED = "useAuthenticationDataForUnprotectedResource"
      CFG_KEY_LOGIN_FORM_URL = "loginFormURL"
      CFG_KEY_ALLOW_FAIL_OVER_TO_AUTH_METHOD = "allowAuthenticationFailOverToAuthMethod"
      CFG_KEY_INCLUDE_PATH_IN_WAS_REQ_URL = "includePathInWASReqURL"
      CFG_KEY_TRACK_LOGGED_OUT_SSO_COOKIES = "trackLoggedOutSSOCookies"
      CFG_KEY_USE_ONLY_CUSTOM_COOKIE_NAME = "useOnlyCustomCookieName"
      logoutOnHttpSessionExpire = false
      singleSignonEnabled = true
      preserveFullyQualifiedReferrerUrl = false
      postParamSaveMethod = "Cookie"
      postParamCookieSize = 16384
      allowLogoutPageRedirectToAnyHost = false
      wasReqURLRedirectDomainNames = null
      logoutPageRedirectDomainNames = null
      ssoCookieName = "LtpaToken2"
      autoGenSsoCookieName = false
      allowFailOverToBasicAuth = false
      displayAuthenticationRealm = false
      httpOnlyCookies = true
      webAlwaysLogin = false
      ssoRequiresSSL = false
      ssoDomainNames = null
      ssoUseDomainFromURL = false
      useAuthenticationDataForUnprotectedResource = true
      loginFormURL = null
      allowFailOverToAuthMethod = null
      includePathInWASReqURL = false
      trackLoggedOutSSOCookies = false
      useOnlyCustomCookieName = false
      locationAdminRef = class com.ibm.wsspi.kernel.service.utils.AtomicServiceReference@fe49b3d6
      oidcServerRef = class com.ibm.wsspi.kernel.service.utils.AtomicServiceReference@edb4eeeb
      oidcClientRef = class com.ibm.wsspi.kernel.service.utils.AtomicServiceReference@c4342634
      serialVersionUID = -6206016643798169489
    webAppSecConfig = class com.ibm.ws.webcontainer.security.internal.WebAppSecurityConfigImpl@cd63ab63
    authenticateApi = class com.ibm.ws.webcontainer.security.AuthenticateApi@1b5e90b3
      tc = class com.ibm.websphere.ras.TraceComponent@6b4e8b63
      KEY_SECURITY_SERVICE = "securityService"
      securityServiceRef = class com.ibm.wsspi.kernel.service.utils.AtomicServiceReference@e2e6f93
      subjectManager = class com.ibm.ws.security.context.SubjectManager@fa9ea604
      subjectHelper = class com.ibm.ws.security.authentication.utility.SubjectHelper@215c69
      ssoCookieHelper = class com.ibm.ws.webcontainer.security.SSOCookieHelperImpl@e91d42d2
      authCacheService = class com.ibm.ws.security.authentication.internal.cache.AuthCacheServiceImpl@d74f23c4
      collabUtils = class com.ibm.ws.security.collaborator.CollaboratorUtils@768cda4a
      authService = class com.ibm.ws.security.authentication.internal.AuthenticationServiceImpl@6d47cb5b
      webAuthenticatorRefs = class com.ibm.wsspi.kernel.service.utils.ConcurrentServiceReferenceMap@69302bbb
      unprotectedResourceServiceRef = class com.ibm.wsspi.kernel.service.utils.ConcurrentServiceReferenceMap@b7a04f73
      DENY_AUTHN_FAILED = class com.ibm.ws.webcontainer.security.internal.DenyReply@83885d6c
      logoutSubject = null
      serialVersionUID = 4820117213133860550
    postParameterHelper = class com.ibm.ws.webcontainer.security.PostParameterHelper@f9934c48
      tc = class com.ibm.websphere.ras.TraceComponent@648b26ef
      INITIAL_URL = "INITIAL_URL"
      PARAM_NAMES = "PARAM_NAMES"
      PARAM_VALUES = "PARAM_VALUES"
      POSTPARAM_COOKIE = "WASPostParam"
      ATTRIB_HASH_MAP = "ServletRequestWrapperHashmap"
      LENGTH_INT = 4
      OFFSET_REQURL = 0
      OFFSET_DATA = 1
      webAppSecurityConfig = class com.ibm.ws.webcontainer.security.internal.WebAppSecurityConfigImpl@cd63ab63
      serialVersionUID = -1165845467615987734
    collabUtils = class com.ibm.ws.security.collaborator.CollaboratorUtils@768cda4a
      tc = class com.ibm.websphere.ras.TraceComponent@91109e0e
      subjectManager = class com.ibm.ws.security.context.SubjectManager@d7ec3cd6
      serialVersionUID = 1544996125297377090
    subjectHelper = class com.ibm.ws.security.authentication.utility.SubjectHelper@324f20ba
      tc = class com.ibm.websphere.ras.TraceComponent@8d7d661c
      serialVersionUID = -892250569803095632
    subjectManager = class com.ibm.ws.security.context.SubjectManager@d7ec3cd6
      threadLocal = class com.ibm.ws.security.context.SubjectManager$SecurityThreadLocal@20ca5899
      serialVersionUID = 8008928227801865506
      $$$tc$$$ = class com.ibm.websphere.ras.TraceComponent@6c1811a5
    httpsRedirectHandler = class com.ibm.ws.webcontainer.security.internal.HTTPSRedirectHandler@d9c3a3b4
      tc = class com.ibm.websphere.ras.TraceComponent@1530ae71
      serialVersionUID = -3103286160096161340
    auditManager = class com.ibm.websphere.security.audit.context.AuditManager@72aaed5a
      threadLocal = class com.ibm.websphere.security.audit.context.AuditManager$AuditThreadLocal@7f5a32cb
      serialVersionUID = -1742476416347868382
      $$$tc$$$ = class com.ibm.websphere.ras.TraceComponent@a29dcc81
    extraAuditData = class java.util.HashMap@2c819a9d
      DEFAULT_INITIAL_CAPACITY = 16
      MAXIMUM_CAPACITY = 1073741824
      DEFAULT_LOAD_FACTOR = 0.75
      EMPTY_TABLE = class java.util.HashMap$Entry[0]
      table = class java.util.HashMap$Entry[16]
      size = 1
      threshold = 12
      loadFactor = 0.75
      modCount = 1
      ALTERNATIVE_HASHING_THRESHOLD_DEFAULT = 2147483647
      hashSeed = 0
      entrySet = null
      serialVersionUID = 362498820763181265
      keySet = null
      values = null
    authenticatorProxy = class com.ibm.ws.webcontainer.security.WebAuthenticatorProxy@8ecf519f
      tc = class com.ibm.websphere.ras.TraceComponent@62cefe16
      AUTH_TYPE = "AUTH_TYPE"
      securityServiceRef = class com.ibm.wsspi.kernel.service.utils.AtomicServiceReference@e2e6f93
      webAppSecurityConfig = class com.ibm.ws.webcontainer.security.internal.WebAppSecurityConfigImpl@cd63ab63
      postParameterHelper = class com.ibm.ws.webcontainer.security.PostParameterHelper@f9934c48
      providerAuthenticatorProxy = class com.ibm.ws.webcontainer.security.WebProviderAuthenticatorProxy@b818a3c4
      oidcServerRef = class com.ibm.wsspi.kernel.service.utils.AtomicServiceReference@edb4eeeb
      extraAuditData = class java.util.HashMap@6cbdf20e
      serialVersionUID = -8964641057808339047
    providerAuthenticatorProxy = class com.ibm.ws.webcontainer.security.WebProviderAuthenticatorProxy@b818a3c4
      tc = class com.ibm.websphere.ras.TraceComponent@9d3b7863
      authenticatorOdering = class java.util.Collections$UnmodifiableRandomAccessList@108f2ff4
      OAUTH_CONT = class com.ibm.ws.webcontainer.security.AuthenticationResult@2782c79c
      OPENID_CLIENT_CONT = class com.ibm.ws.webcontainer.security.AuthenticationResult@3e4fb7da
      OIDC_SERVER_CONT = class com.ibm.ws.webcontainer.security.AuthenticationResult@3816ea17
      OIDC_CLIENT_CONT = class com.ibm.ws.webcontainer.security.AuthenticationResult@b209b692
      SPNEGO_CONT = class com.ibm.ws.webcontainer.security.AuthenticationResult@dd1a6086
      JASPI_CONT = class com.ibm.ws.webcontainer.security.AuthenticationResult@5606367e
      securityServiceRef = class com.ibm.wsspi.kernel.service.utils.AtomicServiceReference@e2e6f93
      taiServiceRef = class com.ibm.wsspi.kernel.service.utils.AtomicServiceReference@282b970c
      interceptorServiceRef = class com.ibm.wsspi.kernel.service.utils.ConcurrentServiceReferenceMap@c0bb905b
      webAppSecurityConfig = class com.ibm.ws.webcontainer.security.internal.WebAppSecurityConfigImpl@cd63ab63
      webAuthenticatorRef = class com.ibm.wsspi.kernel.service.utils.ConcurrentServiceReferenceMap@69302bbb
      oauthServiceRef = class com.ibm.wsspi.kernel.service.utils.AtomicServiceReference@b2ac85d1
      openIdClientServiceRef = class com.ibm.wsspi.kernel.service.utils.AtomicServiceReference@58ea416b
      oidcServerRef = class com.ibm.wsspi.kernel.service.utils.AtomicServiceReference@edb4eeeb
      oidcClientRef = class com.ibm.wsspi.kernel.service.utils.AtomicServiceReference@c4342634
      authHelper = class com.ibm.ws.webcontainer.security.WebProviderAuthenticatorHelper@45dd72c4
      referrerURLCookieHandler = class com.ibm.ws.webcontainer.security.ReferrerURLCookieHandler@32d54ec4
      serialVersionUID = -1060959921971705664
    unauthenticatedSubjectService = class com.ibm.ws.security.authentication.internal.UnauthenticatedSubjectServiceImpl@e7d139c6
      tc = class com.ibm.websphere.ras.TraceComponent@da8558ec
      KEY_SECURITY_SERVICE = "securityService"
      KEY_CREDENTIALS_SERVICE = "credentialsService"
      securityServiceRef = class com.ibm.wsspi.kernel.service.utils.AtomicServiceReference@6a4f9777
      credentialsServiceRef = class com.ibm.wsspi.kernel.service.utils.AtomicServiceReference@2945405
      unauthenticatedSubject = class javax.security.auth.Subject@b96ff7e6
      unauthenticatedSubjectLock = class com.ibm.ws.security.authentication.internal.UnauthenticatedSubjectServiceImpl$1@2633674a
      serialVersionUID = -259576979582176405
    wasch = class com.ibm.ws.webcontainer.security.WebAppSecurityCollaboratorImpl@fede21e8
    isJaspiEnabled = false
    savedSubject = null
    byPassedAuthRequest = true
    threadLocal = class java.lang.ThreadLocal@180b95c6
      threadLocalHashCode = 1820230427
      nextHashCode = class java.util.concurrent.atomic.AtomicInteger@3fec6517
      HASH_INCREMENT = 1640531527
    serialVersionUID = -3420092443207705532
  sessionSecurityIntegrationEnabled = true
  assumeFilterSuccessOnSecurityError = false
  useOriginalRequestState = false
  _evtSource = class com.ibm.ws.webcontainer.webapp.WebAppEventSource@e8a6828d
    _invocationListeners = class com.ibm.ws.webcontainer.util.EventListeners@1c421a9f
      EMPTY_LISTENERS = interface java.util.EventListener[0]
      logger = class com.ibm.ws.logging.internal.WsLogger@981732d
      CLASS_NAME = "com.ibm.ws.webcontainer.util.EventListeners"
      listeners = interface java.util.EventListener[0]
    _servletListeners = class com.ibm.ws.webcontainer.util.EventListeners@6292b14d
      EMPTY_LISTENERS = interface java.util.EventListener[0]
      logger = class com.ibm.ws.logging.internal.WsLogger@981732d
      CLASS_NAME = "com.ibm.ws.webcontainer.util.EventListeners"
      listeners = interface java.util.EventListener[0]
    _errorListeners = class com.ibm.ws.webcontainer.util.EventListeners@7e2de324
      EMPTY_LISTENERS = interface java.util.EventListener[0]
      logger = class com.ibm.ws.logging.internal.WsLogger@981732d
      CLASS_NAME = "com.ibm.ws.webcontainer.util.EventListeners"
      listeners = interface java.util.EventListener[0]
    _applicationListeners = class com.ibm.ws.webcontainer.util.EventListeners@fa3d627b
      EMPTY_LISTENERS = interface java.util.EventListener[0]
      logger = class com.ibm.ws.logging.internal.WsLogger@981732d
      CLASS_NAME = "com.ibm.ws.webcontainer.util.EventListeners"
      listeners = interface java.util.EventListener[0]
    _filterInvocationListeners = class com.ibm.ws.webcontainer.util.EventListeners@79f2a147
      EMPTY_LISTENERS = interface java.util.EventListener[0]
      logger = class com.ibm.ws.logging.internal.WsLogger@981732d
      CLASS_NAME = "com.ibm.ws.webcontainer.util.EventListeners"
      listeners = interface java.util.EventListener[0]
    _filterListeners = class com.ibm.ws.webcontainer.util.EventListeners@191d221f
      EMPTY_LISTENERS = interface java.util.EventListener[0]
      logger = class com.ibm.ws.logging.internal.WsLogger@981732d
      CLASS_NAME = "com.ibm.ws.webcontainer.util.EventListeners"
      listeners = interface java.util.EventListener[0]
    _filterErrorListeners = class com.ibm.ws.webcontainer.util.EventListeners@8ad99ab6
      EMPTY_LISTENERS = interface java.util.EventListener[0]
      logger = class com.ibm.ws.logging.internal.WsLogger@981732d
      CLASS_NAME = "com.ibm.ws.webcontainer.util.EventListeners"
      listeners = interface java.util.EventListener[0]
  defaultComponentMetaData = class com.ibm.ws.webcontainer.osgi.metadata.WebComponentMetaDataImpl@ee2fe4e8
    j2eeName = class com.ibm.ws.container.service.metadata.internal.J2EENameImpl@9403c13
      serialVersionUID = 7488184044073147667
      application = "ccb"
      module = "ccb.war"
      component = null
      string = "ccb#ccb.war"
      j2eeNameBytes = null
      $$$tc$$$ = class com.ibm.websphere.ras.TraceComponent@70bdc1d1
    webModuleMetaData = class com.ibm.ws.webcontainer.osgi.metadata.WebModuleMetaDataImpl@86fa93bc
    mBeanServiceReg = null
    tc = class com.ibm.websphere.ras.TraceComponent@ef5eea4e
      strings[0] = "TraceComponent[com.ibm.ws.runtime.metadata.MetaDataImpl,class com.ibm.ws.runtime.metadata.MetaDataImpl,[Runtime],null,null]"
    NUM_STATIC_SLOTS = 4
    ID_UNINITIALIZED = -1
    id = 1
    metaDataInterface = class java.lang.Class@2f49e896
      serialVersionUID = 3206093459760846163
      AllPermissionsPD = class java.security.ProtectionDomain@261e725e
      SYNTHETIC = 4096
      ANNOTATION = 8192
      ENUM = 16384
      MEMBER_INVALID_TYPE = -1
      EmptyParameters = class java.lang.Class[0]
      vmRef = 567205632
      protectionDomain = class org.eclipse.osgi.internal.loader.ModuleClassLoader$GenerationProtectionDomain@1ac9cf25
      classNameString = null
      annotationType = null
      classValueMap = null
      enumVars = null
      enumVarsOffset = 36
      classRepoHolder = null
      annotationCache = null
      annotationCacheOffset = 44
      unsafe = class sun.misc.Unsafe@b6b8c0ee
      initializationLock = class java.lang.J9VMInternals$ClassInitializationLock@e2f441a3
      copyMethod = class java.lang.reflect.Method@7ffe427a
      copyField = class java.lang.reflect.Method@e873b606
      copyConstructor = class java.lang.reflect.Method@f4265ef9
      methodParameterTypesField = class java.lang.reflect.Field@45fd7ac8
      constructorParameterTypesField = class java.lang.reflect.Field@16b05f97
      NoArgs = class java.lang.Object[0]
      PublicKey = class java.lang.Class$CacheKey@17409065
      DeclaredKey = class java.lang.Class$CacheKey@61dec027
      queue = class java.lang.ref.ReferenceQueue@4cc15d2
    staticSlots = class java.lang.Object[4]
      staticSlots[0] = null
      staticSlots[1] = null
      staticSlots[2] = null
      staticSlots[3] = null
    dynamicSlots = null
  DEFER_SERVLET_REQUEST_LISTENER_DESTROY_ON_ERROR = false

