------Start of DE processing------ = [9/20/17 11:08:07:290 BRT]
Exception = java.security.PrivilegedActionException
Source = com.ibm.ws.config.admin.internal.ConfigurationStore
probeid = 127
Stack Dump = java.security.PrivilegedActionException: java.io.FileNotFoundException: /home/jalberto/software/wlp/usr/servers/defaultServer/workarea/org.eclipse.osgi/8/data/configs/com.ibm.ws.kernel.feature!546555376 (No such file or directory)
	at java.security.AccessController.doPrivileged(AccessController.java:460)
	at com.ibm.ws.config.admin.internal.ConfigurationStore.saveConfiguration(ConfigurationStore.java:120)
	at com.ibm.ws.config.admin.internal.ExtendedConfigurationImpl.updateCache(ExtendedConfigurationImpl.java:471)
	at com.ibm.ws.config.xml.internal.ConfigUpdater.updateConfiguration(ConfigUpdater.java:266)
	at com.ibm.ws.config.xml.internal.ConfigUpdater.updateConfiguration(ConfigUpdater.java:195)
	at com.ibm.ws.config.xml.internal.ConfigUpdater.update(ConfigUpdater.java:110)
	at com.ibm.ws.config.xml.internal.ConfigUpdater.update(ConfigUpdater.java:96)
	at com.ibm.ws.config.xml.internal.ChangeHandler.switchConfiguration(ChangeHandler.java:104)
	at com.ibm.ws.config.xml.internal.ConfigRefresher.refreshConfiguration(ConfigRefresher.java:114)
	at com.ibm.ws.config.xml.internal.ConfigFileMonitor.onChange(ConfigFileMonitor.java:143)
	at com.ibm.ws.kernel.filemonitor.internal.MonitorHolder.scheduledScan(MonitorHolder.java:694)
	at com.ibm.ws.kernel.filemonitor.internal.MonitorHolder.run(MonitorHolder.java:551)
	at com.ibm.ws.threading.internal.SchedulingRunnableFixedHelper.run(SchedulingRunnableFixedHelper.java:273)
	at java.util.concurrent.Executors$RunnableAdapter.call(Executors.java:483)
	at java.util.concurrent.FutureTask.run(FutureTask.java:274)
	at java.util.concurrent.ThreadPoolExecutor.runWorker(ThreadPoolExecutor.java:1157)
	at java.util.concurrent.ThreadPoolExecutor$Worker.run(ThreadPoolExecutor.java:627)
	at java.lang.Thread.run(Thread.java:798)
Caused by: java.io.FileNotFoundException: /home/jalberto/software/wlp/usr/servers/defaultServer/workarea/org.eclipse.osgi/8/data/configs/com.ibm.ws.kernel.feature!546555376 (No such file or directory)
	at java.io.FileOutputStream.<init>(FileOutputStream.java:233)
	at com.ibm.ws.config.admin.internal.ConfigurationStore.serializeConfigurationData(ConfigurationStore.java:211)
	at com.ibm.ws.config.admin.internal.ConfigurationStore$2.run(ConfigurationStore.java:123)
	at java.security.AccessController.doPrivileged(AccessController.java:456)
	... 17 more

Dump of callerThis
Object type = com.ibm.ws.config.admin.internal.ConfigurationStore
  tc = class com.ibm.websphere.ras.TraceComponent@fe822c65
    strings[0] = "TraceComponent[com.ibm.ws.config.admin.internal.ConfigurationStore,class com.ibm.ws.config.admin.internal.ConfigurationStore,[config],com.ibm.ws.config.internal.resources.ConfigMessages,null]"
  caFactory = class com.ibm.ws.config.admin.internal.ConfigAdminServiceFactory@22fe9f15
    tc = class com.ibm.websphere.ras.TraceComponent@bcce14ed
      strings[0] = "TraceComponent[com.ibm.ws.config.admin.internal.ConfigAdminServiceFactory,class com.ibm.ws.config.admin.internal.ConfigAdminServiceFactory,[config],com.ibm.ws.config.internal.resources.ConfigMessages,null]"
    configurationPermission = class org.osgi.service.cm.ConfigurationPermission@3e08b32f
      serialVersionUID = 5716868734811965383
      CONFIGURE = "configure"
      TARGET = "target"
      ACTION_CONFIGURE = 1
      ACTION_TARGET = 2
      ACTION_ALL = 3
      ACTION_NONE = 0
      action_mask = 1
      actions = null
      substrings = class java.util.ArrayList@ab13661d
      serialVersionUID = 6279438298436773498
      wildcard = true
      path = ""
      exitVM = false
      serialVersionUID = -5636570222231596674
      name = "*"
    INDEX_DICTIONARY = 0
    INDEX_LOCATION = 1
    INDEX_METATYPE_PROCESSED = 2
    INDEX_IN_OVERRIDES_FILE = 3
    INDEX_REFERENCES = 4
    INDEX_UNIQUES = 5
    bundleContext = class org.eclipse.osgi.internal.framework.BundleContextImpl@cbe69865
      findHookName = "org.osgi.framework.hooks.bundle.FindHook"
      valid = true
      bundle = class org.eclipse.osgi.internal.framework.EquinoxBundle@fc9de14a
      container = class org.eclipse.osgi.internal.framework.EquinoxContainer@8d6bb4a6
      debug = class org.eclipse.osgi.internal.debug.Debug@4589585f
      servicesInUse = class java.util.HashMap@fb462c01
      activator = class com.ibm.ws.config.internal.WSConfigActivator@c8952e4
      contextLock = class java.lang.Object@cee82fc1
    msTracker = class com.ibm.ws.config.admin.internal.ManagedServiceTracker@641a3a4a
      ME = "com.ibm.ws.config.admin.internal.ManagedServiceTracker"
      tc = class com.ibm.websphere.ras.TraceComponent@e8007223
      caFactory = class com.ibm.ws.config.admin.internal.ConfigAdminServiceFactory@22fe9f15
      managedServices = class java.util.HashMap@7ed870b1
      managedServiceReferences = class java.util.HashMap@8d30c46e
      serialVersionUID = -1361093010813248208
      DEBUG = false
      context = class org.eclipse.osgi.internal.framework.BundleContextImpl@cbe69865
      filter = class org.eclipse.osgi.internal.framework.FilterImpl@e50387b5
      customizer = class com.ibm.ws.config.admin.internal.ManagedServiceTracker@641a3a4a
      listenerFilter = "(objectClass=org.osgi.service.cm.ManagedService)"
      trackClass = "org.osgi.service.cm.ManagedService"
      trackReference = null
      tracked = class org.osgi.util.tracker.ServiceTracker$Tracked@5a0f9303
      cachedReference = null
      cachedService = null
    msfTracker = class com.ibm.ws.config.admin.internal.ManagedServiceFactoryTracker@ed667067
      ME = "com.ibm.ws.config.admin.internal.ManagedServiceFactoryTracker"
      tc = class com.ibm.websphere.ras.TraceComponent@c8df33f5
      caFactory = class com.ibm.ws.config.admin.internal.ConfigAdminServiceFactory@22fe9f15
      managedServiceFactories = class java.util.HashMap@82b655a2
      managedServiceFactoryReferences = class java.util.HashMap@f85b4385
      serialVersionUID = -2719224650925081263
      DEBUG = false
      context = class org.eclipse.osgi.internal.framework.BundleContextImpl@cbe69865
      filter = class org.eclipse.osgi.internal.framework.FilterImpl@f12df293
      customizer = class com.ibm.ws.config.admin.internal.ManagedServiceFactoryTracker@ed667067
      listenerFilter = "(objectClass=org.osgi.service.cm.ManagedServiceFactory)"
      trackClass = "org.osgi.service.cm.ManagedServiceFactory"
      trackReference = null
      tracked = class org.osgi.util.tracker.ServiceTracker$Tracked@43285f23
      cachedReference = null
      cachedService = null
    pluginManager = class com.ibm.ws.config.admin.internal.PluginManager@12c66634
      pluginTracker = class com.ibm.ws.config.admin.internal.PluginManager$PluginTracker@3bc0cb39
      serialVersionUID = -8398978898050816134
      $$$tc$$$ = class com.ibm.websphere.ras.TraceComponent@139d7c22
    configurationStore = class com.ibm.ws.config.admin.internal.ConfigurationStore@ae348ced
    updateQueue = class com.ibm.ws.config.admin.internal.UpdateQueue@72a9eebd
      tc = class com.ibm.websphere.ras.TraceComponent@d1f798d5
      threadPool = class java.util.concurrent.ThreadPoolExecutor@d81a267c
      queues = class com.ibm.ws.config.admin.internal.UpdateQueue$Queue[4]
      serialVersionUID = -2220987240531172166
    ced = class com.ibm.ws.config.admin.internal.ConfigEventDispatcher@99cab7f1
      ME = "com.ibm.ws.config.admin.internal.ConfigEventDispatcher"
      tc = class com.ibm.websphere.ras.TraceComponent@abbda3a0
      st = class org.osgi.util.tracker.ServiceTracker@1738d36a
      configAdminReference = class org.eclipse.osgi.internal.serviceregistry.ServiceReferenceImpl@90869959
      caFactory = class com.ibm.ws.config.admin.internal.ConfigAdminServiceFactory@22fe9f15
      serialVersionUID = 7387440399302146247
    idMap = class java.util.Collections$SynchronizedMap@24ebcc72
      serialVersionUID = 1978198479659022715
      m = class java.util.HashMap@bbbd6c21
      mutex = class java.util.Collections$SynchronizedMap@24ebcc72
      keySet = null
      entrySet = null
      values = null
    referenceMap = class java.util.Collections$SynchronizedMap@ee0d82e3
      serialVersionUID = 1978198479659022715
      m = class java.util.HashMap@589003fa
      mutex = class java.util.Collections$SynchronizedMap@ee0d82e3
      keySet = null
      entrySet = null
      values = null
    variableRegistryTracker = class org.osgi.util.tracker.ServiceTracker@5c8a3bba
      DEBUG = false
      context = class org.eclipse.osgi.internal.framework.BundleContextImpl@cbe69865
      filter = class org.eclipse.osgi.internal.framework.FilterImpl@f14246d1
      customizer = class org.osgi.util.tracker.ServiceTracker@5c8a3bba
      listenerFilter = "(objectClass=com.ibm.wsspi.kernel.service.location.VariableRegistry)"
      trackClass = "com.ibm.wsspi.kernel.service.location.VariableRegistry"
      trackReference = null
      tracked = class org.osgi.util.tracker.ServiceTracker$Tracked@390f00c5
      cachedReference = class org.eclipse.osgi.internal.serviceregistry.ServiceReferenceImpl@25a96aaf
      cachedService = class com.ibm.ws.kernel.service.location.internal.VariableRegistryHelper@a57b0d0e
    variableRegistry = class com.ibm.ws.kernel.service.location.internal.VariableRegistryHelper@a57b0d0e
      registry = class com.ibm.ws.kernel.service.location.internal.SymbolRegistry@b2d6ddc3
      serialVersionUID = 6631204287320083732
      $$$tc$$$ = class com.ibm.websphere.ras.TraceComponent@2c76392f
    configurationAdminRef = class org.eclipse.osgi.internal.serviceregistry.ServiceRegistrationImpl@3c273164
      registry = class org.eclipse.osgi.internal.serviceregistry.ServiceRegistry@1bd8af3e
      context = class org.eclipse.osgi.internal.framework.BundleContextImpl@cbe69865
      bundle = class org.eclipse.osgi.internal.framework.EquinoxBundle@fc9de14a
      clazzes = class java.lang.String[1]
      service = class com.ibm.ws.config.admin.internal.ConfigAdminServiceFactory@22fe9f15
      reference = class org.eclipse.osgi.internal.serviceregistry.ServiceReferenceImpl@90869959
      contextsUsing = class java.util.ArrayList@36b8f13a
      properties = class org.eclipse.osgi.internal.serviceregistry.ServiceProperties@75d8d0d2
      serviceid = 44
      serviceranking = 0
      registrationLock = class java.lang.Object@db042b73
      state = 0
      REGISTERED = 0
      UNREGISTERING = 1
      UNREGISTERED = 2
      $assertionsDisabled = true
    serialVersionUID = 6695202270027014725
  persistedConfig = class com.ibm.ws.config.admin.internal.PersistedConfigManager@aeac998c
    persistDir = class java.io.File@d1dae2bb
      fs = class java.io.UnixFileSystem@75624d0a
      path = "/home/jalberto/software/wlp/usr/servers/defaultServer/workarea/org.eclipse.osgi/8/data/configs"
      status = class java.io.File$PathStatus@b418febd
      prefixLength = 1
      separatorChar = /
      separator = "/"
      pathSeparatorChar = :
      pathSeparator = ":"
      serialVersionUID = 301077366599181567
      filePath = null
      $assertionsDisabled = true
    serialVersionUID = -2732192261493706148
    $$$tc$$$ = class com.ibm.websphere.ras.TraceComponent@51f95b2e
      strings[0] = "TraceComponent[com.ibm.ws.config.admin.internal.PersistedConfigManager,class com.ibm.ws.config.admin.internal.PersistedConfigManager,[config],com.ibm.ws.config.internal.resources.ConfigMessages,null]"
  configurations = class java.util.HashMap@7d115d53
    DEFAULT_INITIAL_CAPACITY = 16
    MAXIMUM_CAPACITY = 1073741824
    DEFAULT_LOAD_FACTOR = 0.75
    EMPTY_TABLE = class java.util.HashMap$Entry[0]
    table = class java.util.HashMap$Entry[128]
      table[0] = null
      table[1] = class java.util.HashMap$Entry@6d9e34a8
      table[2] = null
      table[3] = null
      table[4] = null
      table[5] = null
      table[6] = null
      table[7] = null
      table[8] = null
      table[9] = class java.util.HashMap$Entry@53bff9b6
      table[10] = class java.util.HashMap$Entry@c73b030c
      table[11] = null
      table[12] = class java.util.HashMap$Entry@2982c06c
      table[13] = class java.util.HashMap$Entry@477b5a50
      table[14] = class java.util.HashMap$Entry@8062b948
      table[15] = class java.util.HashMap$Entry@4e8e4c33
      table[16] = class java.util.HashMap$Entry@572135c7
      table[17] = null
      table[18] = null
      table[19] = class java.util.HashMap$Entry@b7924bc
      table[20] = null
      table[21] = null
      table[22] = null
      table[23] = null
      table[24] = null
      table[25] = null
      table[26] = null
      table[27] = class java.util.HashMap$Entry@299f0004
      table[28] = class java.util.HashMap$Entry@b2575fde
      table[29] = class java.util.HashMap$Entry@9e5bd090
      table[30] = class java.util.HashMap$Entry@71bf753c
      table[31] = class java.util.HashMap$Entry@2a43d958
      table[32] = null
      table[33] = class java.util.HashMap$Entry@c3e4691
      table[34] = class java.util.HashMap$Entry@aefc908
      table[35] = class java.util.HashMap$Entry@d089cccf
      table[36] = class java.util.HashMap$Entry@af916741
      table[37] = null
      table[38] = class java.util.HashMap$Entry@8cd05d9f
      table[39] = class java.util.HashMap$Entry@93e14483
      table[40] = null
      table[41] = null
      table[42] = null
      table[43] = null
      table[44] = null
      table[45] = null
      table[46] = class java.util.HashMap$Entry@5cf1ba9f
      table[47] = null
      table[48] = class java.util.HashMap$Entry@6fa24804
      table[49] = class java.util.HashMap$Entry@1e0de56c
      table[50] = class java.util.HashMap$Entry@192da4b3
      table[51] = null
      table[52] = class java.util.HashMap$Entry@9df46461
      table[53] = class java.util.HashMap$Entry@e32daac1
      table[54] = class java.util.HashMap$Entry@c991dd96
      table[55] = null
      table[56] = null
      table[57] = class java.util.HashMap$Entry@6284c79c
      table[58] = null
      table[59] = null
      table[60] = null
      table[61] = class java.util.HashMap$Entry@c0621451
      table[62] = null
      table[63] = null
      table[64] = class java.util.HashMap$Entry@28eb3257
      table[65] = null
      table[66] = class java.util.HashMap$Entry@f667194f
      table[67] = class java.util.HashMap$Entry@ed647068
      table[68] = null
      table[69] = null
      table[70] = class java.util.HashMap$Entry@4647bd9c
      table[71] = null
      table[72] = class java.util.HashMap$Entry@3e9966cd
      table[73] = null
      table[74] = null
      table[75] = class java.util.HashMap$Entry@36f69b9
      table[76] = class java.util.HashMap$Entry@3c4a6b05
      table[77] = class java.util.HashMap$Entry@561637eb
      table[78] = class java.util.HashMap$Entry@aa85b14b
      table[79] = class java.util.HashMap$Entry@c5405c8
      table[80] = null
      table[81] = class java.util.HashMap$Entry@3de3e20a
      table[82] = class java.util.HashMap$Entry@97d7345a
      table[83] = null
      table[84] = null
      table[85] = null
      table[86] = null
      table[87] = null
      table[88] = null
      table[89] = null
      table[90] = null
      table[91] = null
      table[92] = null
      table[93] = null
      table[94] = class java.util.HashMap$Entry@ca1addc1
      table[95] = null
      table[96] = class java.util.HashMap$Entry@9f98c4a2
      table[97] = class java.util.HashMap$Entry@199c732
      table[98] = null
      table[99] = null
      table[100] = null
      table[101] = null
      table[102] = null
      table[103] = class java.util.HashMap$Entry@b482221
      table[104] = null
      table[105] = null
      table[106] = null
      table[107] = class java.util.HashMap$Entry@8037b3c8
      table[108] = null
      table[109] = null
      table[110] = class java.util.HashMap$Entry@562bb135
      table[111] = class java.util.HashMap$Entry@9ba0fca8
      table[112] = null
      table[113] = class java.util.HashMap$Entry@f2df6a64
      table[114] = null
      table[115] = null
      table[116] = null
      table[117] = null
      table[118] = class java.util.HashMap$Entry@ba6dd7a2
      table[119] = null
      table[120] = class java.util.HashMap$Entry@3fc2e7d
      table[121] = class java.util.HashMap$Entry@6f98c001
      table[122] = class java.util.HashMap$Entry@6433dd1f
      table[123] = class java.util.HashMap$Entry@6b4ded07
      table[124] = class java.util.HashMap$Entry@bd5ee7dd
      table[125] = null
      table[126] = null
      table[127] = null
    size = 75
    threshold = 96
    loadFactor = 0.75
    modCount = 81
    ALTERNATIVE_HASHING_THRESHOLD_DEFAULT = 2147483647
    hashSeed = 0
    entrySet = null
    serialVersionUID = 362498820763181265
    keySet = null
    values = class java.util.HashMap$Values@94ed6242
      this$0 = class java.util.HashMap@7d115d53
      MAX_ARRAY_SIZE = 2147483639
  cachedConfigScanned = true
  cachedConfigScannedLock = class com.ibm.ws.config.admin.internal.ConfigurationStore$1@9ce41491
    this$0 = class com.ibm.ws.config.admin.internal.ConfigurationStore@ae348ced
    serialVersionUID = -945624381174440198
    $$$tc$$$ = class com.ibm.websphere.ras.TraceComponent@3a87404b
      strings[0] = "TraceComponent[com.ibm.ws.config.admin.internal.ConfigurationStore$1,class com.ibm.ws.config.admin.internal.ConfigurationStore$1,[config],com.ibm.ws.config.internal.resources.ConfigMessages,null]"
  configCount = 43
  serialVersionUID = 2395296793317701213

Dump of objectArray[0]
Object type = java.lang.String
  String value = "com.ibm.ws.kernel.feature"

Dump of objectArray[1]
Object type = com.ibm.ws.config.admin.internal.ExtendedConfigurationImpl
  bundleLocation = null
  boundBundle = class org.eclipse.osgi.internal.framework.EquinoxBundle@b529befb
    equinoxContainer = class org.eclipse.osgi.internal.framework.EquinoxContainer@8d6bb4a6
      NAME = "org.eclipse.osgi"
      secureAction = class org.eclipse.osgi.framework.util.SecureAction@3e6a3642
      equinoxConfig = class org.eclipse.osgi.internal.framework.EquinoxConfiguration@259af79b
      logServices = class org.eclipse.osgi.internal.log.EquinoxLogServices@d58e7261
      storage = class org.eclipse.osgi.storage.Storage@98ad3fe
      packageAdmin = class org.eclipse.osgi.internal.framework.legacy.PackageAdminImpl@e66a358d
      startLevel = class org.eclipse.osgi.internal.framework.legacy.StartLevelImpl@841ab07c
      bootDelegation = class java.util.HashSet@91f24c04
      bootDelegationStems = class java.lang.String[11]
      bootDelegateAll = false
      eventPublisher = class org.eclipse.osgi.internal.framework.EquinoxEventPublisher@c008acf8
      monitor = class java.lang.Object@c40f374c
      serviceRegistry = class org.eclipse.osgi.internal.serviceregistry.ServiceRegistry@1bd8af3e
      contextFinder = class org.eclipse.osgi.internal.framework.ContextFinder@216dfbcd
      signedContentFactory = class org.osgi.util.tracker.ServiceTracker@c5ed5965
      executor = class java.util.concurrent.ScheduledThreadPoolExecutor@35545e2f
      storageSaver = class org.eclipse.osgi.internal.framework.StorageSaver@85a7edfd
    module = class org.eclipse.osgi.internal.framework.EquinoxBundle$EquinoxModule@81018cb7
      this$0 = class org.eclipse.osgi.internal.framework.EquinoxBundle@b529befb
      ACTIVE_SET = class java.util.RegularEnumSet@30de3cf2
      RESOLVED_SET = class java.util.RegularEnumSet@7602d955
      id = 22
      location = "kernel@reference:file:/home/jalberto/software/wlp/lib/com.ibm.ws.kernel.feature_1.0.17.jar"
      revisions = class org.eclipse.osgi.container.ModuleRevisions@c293a48c
      stateChangeLock = class org.eclipse.osgi.internal.container.EquinoxReentrantLock@6dad8720
      stateTransitionEvents = class java.util.RegularEnumSet@5b5851dd
      settings = class java.util.RegularEnumSet@ab8dd4cf
      inStart = class java.util.concurrent.atomic.AtomicInteger@ef204c7c
      state = class org.eclipse.osgi.container.Module$State@4ff9d413
      startlevel = 7
      lastModified = 1505913874389
      VALID_RESOLVED_TRANSITION = class java.util.RegularEnumSet@bbb67aca
      VALID_STOPPED_TRANSITION = class java.util.RegularEnumSet@8bcb78f
      $SWITCH_TABLE$org$eclipse$osgi$container$ModuleContainerAdaptor$ModuleEvent = {1,2,3,4,5,6,7,8,9,10} /* array length = 10*/
    monitor = class java.lang.Object@6aeebfb9
    context = class org.eclipse.osgi.internal.framework.BundleContextImpl@63de2bad
      findHookName = "org.osgi.framework.hooks.bundle.FindHook"
      valid = true
      bundle = class org.eclipse.osgi.internal.framework.EquinoxBundle@b529befb
      container = class org.eclipse.osgi.internal.framework.EquinoxContainer@8d6bb4a6
      debug = class org.eclipse.osgi.internal.debug.Debug@4589585f
      servicesInUse = class java.util.HashMap@5cc85509
      activator = null
      contextLock = class java.lang.Object@878b044a
    signerInfos = null
    $SWITCH_TABLE$org$eclipse$osgi$container$Module$State = {1,2,3,4,5,6,7} /* array length = 7*/
  caFactory = class com.ibm.ws.config.admin.internal.ConfigAdminServiceFactory@22fe9f15
    tc = class com.ibm.websphere.ras.TraceComponent@bcce14ed
      strings[0] = "TraceComponent[com.ibm.ws.config.admin.internal.ConfigAdminServiceFactory,class com.ibm.ws.config.admin.internal.ConfigAdminServiceFactory,[config],com.ibm.ws.config.internal.resources.ConfigMessages,null]"
    configurationPermission = class org.osgi.service.cm.ConfigurationPermission@3e08b32f
      serialVersionUID = 5716868734811965383
      CONFIGURE = "configure"
      TARGET = "target"
      ACTION_CONFIGURE = 1
      ACTION_TARGET = 2
      ACTION_ALL = 3
      ACTION_NONE = 0
      action_mask = 1
      actions = null
      substrings = class java.util.ArrayList@ab13661d
      serialVersionUID = 6279438298436773498
      wildcard = true
      path = ""
      exitVM = false
      serialVersionUID = -5636570222231596674
      name = "*"
    INDEX_DICTIONARY = 0
    INDEX_LOCATION = 1
    INDEX_METATYPE_PROCESSED = 2
    INDEX_IN_OVERRIDES_FILE = 3
    INDEX_REFERENCES = 4
    INDEX_UNIQUES = 5
    bundleContext = class org.eclipse.osgi.internal.framework.BundleContextImpl@cbe69865
      findHookName = "org.osgi.framework.hooks.bundle.FindHook"
      valid = true
      bundle = class org.eclipse.osgi.internal.framework.EquinoxBundle@fc9de14a
      container = class org.eclipse.osgi.internal.framework.EquinoxContainer@8d6bb4a6
      debug = class org.eclipse.osgi.internal.debug.Debug@4589585f
      servicesInUse = class java.util.HashMap@fb462c01
      activator = class com.ibm.ws.config.internal.WSConfigActivator@c8952e4
      contextLock = class java.lang.Object@cee82fc1
    msTracker = class com.ibm.ws.config.admin.internal.ManagedServiceTracker@641a3a4a
      ME = "com.ibm.ws.config.admin.internal.ManagedServiceTracker"
      tc = class com.ibm.websphere.ras.TraceComponent@e8007223
      caFactory = class com.ibm.ws.config.admin.internal.ConfigAdminServiceFactory@22fe9f15
      managedServices = class java.util.HashMap@7ed870b1
      managedServiceReferences = class java.util.HashMap@8d30c46e
      serialVersionUID = -1361093010813248208
      DEBUG = false
      context = class org.eclipse.osgi.internal.framework.BundleContextImpl@cbe69865
      filter = class org.eclipse.osgi.internal.framework.FilterImpl@e50387b5
      customizer = class com.ibm.ws.config.admin.internal.ManagedServiceTracker@641a3a4a
      listenerFilter = "(objectClass=org.osgi.service.cm.ManagedService)"
      trackClass = "org.osgi.service.cm.ManagedService"
      trackReference = null
      tracked = class org.osgi.util.tracker.ServiceTracker$Tracked@5a0f9303
      cachedReference = null
      cachedService = null
    msfTracker = class com.ibm.ws.config.admin.internal.ManagedServiceFactoryTracker@ed667067
      ME = "com.ibm.ws.config.admin.internal.ManagedServiceFactoryTracker"
      tc = class com.ibm.websphere.ras.TraceComponent@c8df33f5
      caFactory = class com.ibm.ws.config.admin.internal.ConfigAdminServiceFactory@22fe9f15
      managedServiceFactories = class java.util.HashMap@82b655a2
      managedServiceFactoryReferences = class java.util.HashMap@f85b4385
      serialVersionUID = -2719224650925081263
      DEBUG = false
      context = class org.eclipse.osgi.internal.framework.BundleContextImpl@cbe69865
      filter = class org.eclipse.osgi.internal.framework.FilterImpl@f12df293
      customizer = class com.ibm.ws.config.admin.internal.ManagedServiceFactoryTracker@ed667067
      listenerFilter = "(objectClass=org.osgi.service.cm.ManagedServiceFactory)"
      trackClass = "org.osgi.service.cm.ManagedServiceFactory"
      trackReference = null
      tracked = class org.osgi.util.tracker.ServiceTracker$Tracked@43285f23
      cachedReference = null
      cachedService = null
    pluginManager = class com.ibm.ws.config.admin.internal.PluginManager@12c66634
      pluginTracker = class com.ibm.ws.config.admin.internal.PluginManager$PluginTracker@3bc0cb39
      serialVersionUID = -8398978898050816134
      $$$tc$$$ = class com.ibm.websphere.ras.TraceComponent@139d7c22
    configurationStore = class com.ibm.ws.config.admin.internal.ConfigurationStore@ae348ced
      tc = class com.ibm.websphere.ras.TraceComponent@fe822c65
      caFactory = class com.ibm.ws.config.admin.internal.ConfigAdminServiceFactory@22fe9f15
      persistedConfig = class com.ibm.ws.config.admin.internal.PersistedConfigManager@aeac998c
      configurations = class java.util.HashMap@7d115d53
      cachedConfigScanned = true
      cachedConfigScannedLock = class com.ibm.ws.config.admin.internal.ConfigurationStore$1@9ce41491
      configCount = 43
      serialVersionUID = 2395296793317701213
    updateQueue = class com.ibm.ws.config.admin.internal.UpdateQueue@72a9eebd
      tc = class com.ibm.websphere.ras.TraceComponent@d1f798d5
      threadPool = class java.util.concurrent.ThreadPoolExecutor@d81a267c
      queues = class com.ibm.ws.config.admin.internal.UpdateQueue$Queue[4]
      serialVersionUID = -2220987240531172166
    ced = class com.ibm.ws.config.admin.internal.ConfigEventDispatcher@99cab7f1
      ME = "com.ibm.ws.config.admin.internal.ConfigEventDispatcher"
      tc = class com.ibm.websphere.ras.TraceComponent@abbda3a0
      st = class org.osgi.util.tracker.ServiceTracker@1738d36a
      configAdminReference = class org.eclipse.osgi.internal.serviceregistry.ServiceReferenceImpl@90869959
      caFactory = class com.ibm.ws.config.admin.internal.ConfigAdminServiceFactory@22fe9f15
      serialVersionUID = 7387440399302146247
    idMap = class java.util.Collections$SynchronizedMap@24ebcc72
      serialVersionUID = 1978198479659022715
      m = class java.util.HashMap@bbbd6c21
      mutex = class java.util.Collections$SynchronizedMap@24ebcc72
      keySet = null
      entrySet = null
      values = null
    referenceMap = class java.util.Collections$SynchronizedMap@ee0d82e3
      serialVersionUID = 1978198479659022715
      m = class java.util.HashMap@589003fa
      mutex = class java.util.Collections$SynchronizedMap@ee0d82e3
      keySet = null
      entrySet = null
      values = null
    variableRegistryTracker = class org.osgi.util.tracker.ServiceTracker@5c8a3bba
      DEBUG = false
      context = class org.eclipse.osgi.internal.framework.BundleContextImpl@cbe69865
      filter = class org.eclipse.osgi.internal.framework.FilterImpl@f14246d1
      customizer = class org.osgi.util.tracker.ServiceTracker@5c8a3bba
      listenerFilter = "(objectClass=com.ibm.wsspi.kernel.service.location.VariableRegistry)"
      trackClass = "com.ibm.wsspi.kernel.service.location.VariableRegistry"
      trackReference = null
      tracked = class org.osgi.util.tracker.ServiceTracker$Tracked@390f00c5
      cachedReference = class org.eclipse.osgi.internal.serviceregistry.ServiceReferenceImpl@25a96aaf
      cachedService = class com.ibm.ws.kernel.service.location.internal.VariableRegistryHelper@a57b0d0e
    variableRegistry = class com.ibm.ws.kernel.service.location.internal.VariableRegistryHelper@a57b0d0e
      registry = class com.ibm.ws.kernel.service.location.internal.SymbolRegistry@b2d6ddc3
      serialVersionUID = 6631204287320083732
      $$$tc$$$ = class com.ibm.websphere.ras.TraceComponent@2c76392f
    configurationAdminRef = class org.eclipse.osgi.internal.serviceregistry.ServiceRegistrationImpl@3c273164
      registry = class org.eclipse.osgi.internal.serviceregistry.ServiceRegistry@1bd8af3e
      context = class org.eclipse.osgi.internal.framework.BundleContextImpl@cbe69865
      bundle = class org.eclipse.osgi.internal.framework.EquinoxBundle@fc9de14a
      clazzes = class java.lang.String[1]
      service = class com.ibm.ws.config.admin.internal.ConfigAdminServiceFactory@22fe9f15
      reference = class org.eclipse.osgi.internal.serviceregistry.ServiceReferenceImpl@90869959
      contextsUsing = class java.util.ArrayList@36b8f13a
      properties = class org.eclipse.osgi.internal.serviceregistry.ServiceProperties@75d8d0d2
      serviceid = 44
      serviceranking = 0
      registrationLock = class java.lang.Object@db042b73
      state = 0
      REGISTERED = 0
      UNREGISTERING = 1
      UNREGISTERED = 2
      $assertionsDisabled = true
    serialVersionUID = 6695202270027014725
  factoryPid = null
  pid = "com.ibm.ws.kernel.feature"
  properties = class com.ibm.ws.config.admin.ConfigurationDictionary@973d09be
    serialVersionUID = 7966152868712543805
    simpleTypes = class java.util.Arrays$ArrayList@131c69c
      serialVersionUID = -2764017481108945198
      a = class java.lang.Class[9]
      modCount = 0
      MAX_ARRAY_SIZE = 2147483639
    primitiveArrayTypes = class java.util.Arrays$ArrayList@6d523ffc
      serialVersionUID = -2764017481108945198
      a = class java.lang.Class[8]
      modCount = 0
      MAX_ARRAY_SIZE = 2147483639
    simpleArrayTypes = class java.util.Arrays$ArrayList@d0be7b5c
      serialVersionUID = -2764017481108945198
      a = class java.lang.Class[9]
      modCount = 0
      MAX_ARRAY_SIZE = 2147483639
    extendedTypes = class java.util.Arrays$ArrayList@608e33ef
      serialVersionUID = -2764017481108945198
      a = class java.lang.Class[2]
      modCount = 0
      MAX_ARRAY_SIZE = 2147483639
    CASE_INSENSITIVE = class com.ibm.ws.config.admin.ConfigurationDictionary$CaseInsensitive@97870535
      serialVersionUID = 7962325242424955159
    properties = class java.util.Collections$SynchronizedMap@9e7bb020
      serialVersionUID = 1978198479659022715
      m = class java.util.TreeMap@a10458a
      mutex = class java.util.Collections$SynchronizedMap@9e7bb020
      keySet = null
      entrySet = null
      values = null
  hashCode = 0
  deleted = false
  inOverridesFile = true
  references = class java.util.Collections$EmptySet@b818e57d
    serialVersionUID = 1582296315990362920
    MAX_ARRAY_SIZE = 2147483639
  uniqueVariables = class java.util.HashSet@820ff536
    serialVersionUID = -5024744406713321676
    map = class java.util.HashMap@29768d7a
      DEFAULT_INITIAL_CAPACITY = 16
      MAXIMUM_CAPACITY = 1073741824
      DEFAULT_LOAD_FACTOR = 0.75
      EMPTY_TABLE = class java.util.HashMap$Entry[0]
      table = class java.util.HashMap$Entry[0]
      size = 0
      threshold = 16
      loadFactor = 0.75
      modCount = 0
      ALTERNATIVE_HASHING_THRESHOLD_DEFAULT = 2147483647
      hashSeed = 0
      entrySet = null
      serialVersionUID = 362498820763181265
      keySet = null
      values = null
    PRESENT = class java.lang.Object@5411f927
    MAX_ARRAY_SIZE = 2147483639
  lock = class java.util.concurrent.locks.ReentrantLock@55e54a6f
    serialVersionUID = 7373984872572414699
    sync = class java.util.concurrent.locks.ReentrantLock$NonfairSync@61de1f41
      serialVersionUID = 7316153563782823691
      serialVersionUID = -5179523762034025860
      serialVersionUID = 7373984972572414691
      head = null
      tail = null
      state = 1
      spinForTimeoutThreshold = 1000
      unsafe = class sun.misc.Unsafe@54239d87
      stateOffset = 24
      headOffset = 16
      tailOffset = 20
      waitStatusOffset = 24
      nextOffset = 12
      serialVersionUID = 3737899427754241961
      exclusiveOwnerThread = class java.lang.Thread@c1ac0e94
  changeCount = class java.util.concurrent.atomic.AtomicLong@9aa21109
    serialVersionUID = 1927816293512124184
    unsafe = class sun.misc.Unsafe@54239d87
      theUnsafe = class sun.misc.Unsafe@54239d87
      INVALID_FIELD_OFFSET = -1
      ARRAY_BOOLEAN_BASE_OFFSET = 8
      ARRAY_BYTE_BASE_OFFSET = 8
      ARRAY_SHORT_BASE_OFFSET = 8
      ARRAY_CHAR_BASE_OFFSET = 8
      ARRAY_INT_BASE_OFFSET = 8
      ARRAY_LONG_BASE_OFFSET = 8
      ARRAY_FLOAT_BASE_OFFSET = 8
      ARRAY_DOUBLE_BASE_OFFSET = 8
      ARRAY_OBJECT_BASE_OFFSET = 8
      ARRAY_BOOLEAN_INDEX_SCALE = 1
      ARRAY_BYTE_INDEX_SCALE = 1
      ARRAY_SHORT_INDEX_SCALE = 2
      ARRAY_CHAR_INDEX_SCALE = 2
      ARRAY_INT_INDEX_SCALE = 4
      ARRAY_LONG_INDEX_SCALE = 8
      ARRAY_FLOAT_INDEX_SCALE = 4
      ARRAY_DOUBLE_INDEX_SCALE = 8
      ARRAY_OBJECT_INDEX_SCALE = 4
      ADDRESS_SIZE = 8
    valueOffset = 8
    VM_SUPPORTS_LONG_CAS = true
    value = 1
    serialVersionUID = -8742448824652078965
  configId = null
  sendEvents = false
  serialVersionUID = -7173954266841568360
  $$$tc$$$ = class com.ibm.websphere.ras.TraceComponent@6a742512
    strings[0] = "TraceComponent[com.ibm.ws.config.admin.internal.ExtendedConfigurationImpl,class com.ibm.ws.config.admin.internal.ExtendedConfigurationImpl,[config],com.ibm.ws.config.internal.resources.ConfigMessages,null]"

